CRITICAL - 2021-11-23 00:34:08 --> Invalid file: patient//view.php
#0 C:\xampp\htdocs\smarthospital-ivf\system\View\View.php(198): CodeIgniter\Exceptions\FrameworkException::forInvalidFile('patient//view.p...')
#1 C:\xampp\htdocs\smarthospital-ivf\system\Common.php(1097): CodeIgniter\View\View->render('patient//view', Array, true)
#2 C:\xampp\htdocs\smarthospital-ivf\app\Controllers\Patient.php(58): view('patient//view', Array)
#3 C:\xampp\htdocs\smarthospital-ivf\system\CodeIgniter.php(826): App\Controllers\Patient->view()
#4 C:\xampp\htdocs\smarthospital-ivf\system\CodeIgniter.php(412): CodeIgniter\CodeIgniter->runController(Object(App\Controllers\Patient))
#5 C:\xampp\htdocs\smarthospital-ivf\system\CodeIgniter.php(320): CodeIgniter\CodeIgniter->handleRequest(NULL, Object(Config\Cache), false)
#6 C:\xampp\htdocs\smarthospital-ivf\public\index.php(37): CodeIgniter\CodeIgniter->run()
#7 C:\xampp\htdocs\smarthospital-ivf\system\Commands\Server\rewrite.php(43): require_once('C:\\xampp\\htdocs...')
#8 {main}
CRITICAL - 2021-11-23 00:34:08 --> Invalid file: patient//view.php
#0 C:\xampp\htdocs\smarthospital-ivf\system\View\View.php(198): CodeIgniter\Exceptions\FrameworkException::forInvalidFile('patient//view.p...')
#1 C:\xampp\htdocs\smarthospital-ivf\system\Common.php(1097): CodeIgniter\View\View->render('patient//view', Array, true)
#2 C:\xampp\htdocs\smarthospital-ivf\app\Controllers\Patient.php(58): view('patient//view', Array)
#3 C:\xampp\htdocs\smarthospital-ivf\system\CodeIgniter.php(826): App\Controllers\Patient->view()
#4 C:\xampp\htdocs\smarthospital-ivf\system\CodeIgniter.php(412): CodeIgniter\CodeIgniter->runController(Object(App\Controllers\Patient))
#5 C:\xampp\htdocs\smarthospital-ivf\system\CodeIgniter.php(320): CodeIgniter\CodeIgniter->handleRequest(NULL, Object(Config\Cache), false)
#6 C:\xampp\htdocs\smarthospital-ivf\public\index.php(37): CodeIgniter\CodeIgniter->run()
#7 C:\xampp\htdocs\smarthospital-ivf\system\Commands\Server\rewrite.php(43): require_once('C:\\xampp\\htdocs...')
#8 {main}
CRITICAL - 2021-11-23 00:34:11 --> Invalid file: patient//view.php
#0 C:\xampp\htdocs\smarthospital-ivf\system\View\View.php(198): CodeIgniter\Exceptions\FrameworkException::forInvalidFile('patient//view.p...')
#1 C:\xampp\htdocs\smarthospital-ivf\system\Common.php(1097): CodeIgniter\View\View->render('patient//view', Array, true)
#2 C:\xampp\htdocs\smarthospital-ivf\app\Controllers\Patient.php(58): view('patient//view', Array)
#3 C:\xampp\htdocs\smarthospital-ivf\system\CodeIgniter.php(826): App\Controllers\Patient->view()
#4 C:\xampp\htdocs\smarthospital-ivf\system\CodeIgniter.php(412): CodeIgniter\CodeIgniter->runController(Object(App\Controllers\Patient))
#5 C:\xampp\htdocs\smarthospital-ivf\system\CodeIgniter.php(320): CodeIgniter\CodeIgniter->handleRequest(NULL, Object(Config\Cache), false)
#6 C:\xampp\htdocs\smarthospital-ivf\public\index.php(37): CodeIgniter\CodeIgniter->run()
#7 C:\xampp\htdocs\smarthospital-ivf\system\Commands\Server\rewrite.php(43): require_once('C:\\xampp\\htdocs...')
#8 {main}
CRITICAL - 2021-11-23 00:34:20 --> Invalid file: patient//view.php
#0 C:\xampp\htdocs\smarthospital-ivf\system\View\View.php(198): CodeIgniter\Exceptions\FrameworkException::forInvalidFile('patient//view.p...')
#1 C:\xampp\htdocs\smarthospital-ivf\system\Common.php(1097): CodeIgniter\View\View->render('patient//view', Array, true)
#2 C:\xampp\htdocs\smarthospital-ivf\app\Controllers\Patient.php(58): view('patient//view', Array)
#3 C:\xampp\htdocs\smarthospital-ivf\system\CodeIgniter.php(826): App\Controllers\Patient->view()
#4 C:\xampp\htdocs\smarthospital-ivf\system\CodeIgniter.php(412): CodeIgniter\CodeIgniter->runController(Object(App\Controllers\Patient))
#5 C:\xampp\htdocs\smarthospital-ivf\system\CodeIgniter.php(320): CodeIgniter\CodeIgniter->handleRequest(NULL, Object(Config\Cache), false)
#6 C:\xampp\htdocs\smarthospital-ivf\public\index.php(37): CodeIgniter\CodeIgniter->run()
#7 C:\xampp\htdocs\smarthospital-ivf\system\Commands\Server\rewrite.php(43): require_once('C:\\xampp\\htdocs...')
#8 {main}
CRITICAL - 2021-11-23 00:34:29 --> Invalid argument supplied for foreach()
#0 C:\xampp\htdocs\smarthospital-ivf\app\Views\patient\all.php(28): CodeIgniter\Debug\Exceptions->errorHandler(2, 'Invalid argumen...', 'C:\\xampp\\htdocs...', 28, Array)
#1 C:\xampp\htdocs\smarthospital-ivf\system\View\View.php(214): include('C:\\xampp\\htdocs...')
#2 C:\xampp\htdocs\smarthospital-ivf\system\View\View.php(217): CodeIgniter\View\View->CodeIgniter\View\{closure}()
#3 C:\xampp\htdocs\smarthospital-ivf\system\Common.php(1097): CodeIgniter\View\View->render('patient//all', Array, true)
#4 C:\xampp\htdocs\smarthospital-ivf\app\Controllers\Patient.php(58): view('patient//all', Array)
#5 C:\xampp\htdocs\smarthospital-ivf\system\CodeIgniter.php(826): App\Controllers\Patient->view()
#6 C:\xampp\htdocs\smarthospital-ivf\system\CodeIgniter.php(412): CodeIgniter\CodeIgniter->runController(Object(App\Controllers\Patient))
#7 C:\xampp\htdocs\smarthospital-ivf\system\CodeIgniter.php(320): CodeIgniter\CodeIgniter->handleRequest(NULL, Object(Config\Cache), false)
#8 C:\xampp\htdocs\smarthospital-ivf\public\index.php(37): CodeIgniter\CodeIgniter->run()
#9 C:\xampp\htdocs\smarthospital-ivf\system\Commands\Server\rewrite.php(43): require_once('C:\\xampp\\htdocs...')
#10 {main}
CRITICAL - 2021-11-23 00:34:35 --> Invalid argument supplied for foreach()
#0 C:\xampp\htdocs\smarthospital-ivf\app\Views\patient\all.php(28): CodeIgniter\Debug\Exceptions->errorHandler(2, 'Invalid argumen...', 'C:\\xampp\\htdocs...', 28, Array)
#1 C:\xampp\htdocs\smarthospital-ivf\system\View\View.php(214): include('C:\\xampp\\htdocs...')
#2 C:\xampp\htdocs\smarthospital-ivf\system\View\View.php(217): CodeIgniter\View\View->CodeIgniter\View\{closure}()
#3 C:\xampp\htdocs\smarthospital-ivf\system\Common.php(1097): CodeIgniter\View\View->render('patient//all', Array, true)
#4 C:\xampp\htdocs\smarthospital-ivf\app\Controllers\Patient.php(58): view('patient//all', Array)
#5 C:\xampp\htdocs\smarthospital-ivf\system\CodeIgniter.php(826): App\Controllers\Patient->view()
#6 C:\xampp\htdocs\smarthospital-ivf\system\CodeIgniter.php(412): CodeIgniter\CodeIgniter->runController(Object(App\Controllers\Patient))
#7 C:\xampp\htdocs\smarthospital-ivf\system\CodeIgniter.php(320): CodeIgniter\CodeIgniter->handleRequest(NULL, Object(Config\Cache), false)
#8 C:\xampp\htdocs\smarthospital-ivf\public\index.php(37): CodeIgniter\CodeIgniter->run()
#9 C:\xampp\htdocs\smarthospital-ivf\system\Commands\Server\rewrite.php(43): require_once('C:\\xampp\\htdocs...')
#10 {main}
CRITICAL - 2021-11-23 00:34:52 --> Invalid argument supplied for foreach()
#0 C:\xampp\htdocs\smarthospital-ivf\app\Views\patient\all.php(28): CodeIgniter\Debug\Exceptions->errorHandler(2, 'Invalid argumen...', 'C:\\xampp\\htdocs...', 28, Array)
#1 C:\xampp\htdocs\smarthospital-ivf\system\View\View.php(214): include('C:\\xampp\\htdocs...')
#2 C:\xampp\htdocs\smarthospital-ivf\system\View\View.php(217): CodeIgniter\View\View->CodeIgniter\View\{closure}()
#3 C:\xampp\htdocs\smarthospital-ivf\system\Common.php(1097): CodeIgniter\View\View->render('patient//all', Array, true)
#4 C:\xampp\htdocs\smarthospital-ivf\app\Controllers\Patient.php(58): view('patient//all', Array)
#5 C:\xampp\htdocs\smarthospital-ivf\system\CodeIgniter.php(826): App\Controllers\Patient->view()
#6 C:\xampp\htdocs\smarthospital-ivf\system\CodeIgniter.php(412): CodeIgniter\CodeIgniter->runController(Object(App\Controllers\Patient))
#7 C:\xampp\htdocs\smarthospital-ivf\system\CodeIgniter.php(320): CodeIgniter\CodeIgniter->handleRequest(NULL, Object(Config\Cache), false)
#8 C:\xampp\htdocs\smarthospital-ivf\public\index.php(37): CodeIgniter\CodeIgniter->run()
#9 C:\xampp\htdocs\smarthospital-ivf\system\Commands\Server\rewrite.php(43): require_once('C:\\xampp\\htdocs...')
#10 {main}
CRITICAL - 2021-11-23 00:36:02 --> Invalid argument supplied for foreach()
#0 C:\xampp\htdocs\smarthospital-ivf\app\Views\patient\active.php(28): CodeIgniter\Debug\Exceptions->errorHandler(2, 'Invalid argumen...', 'C:\\xampp\\htdocs...', 28, Array)
#1 C:\xampp\htdocs\smarthospital-ivf\system\View\View.php(214): include('C:\\xampp\\htdocs...')
#2 C:\xampp\htdocs\smarthospital-ivf\system\View\View.php(217): CodeIgniter\View\View->CodeIgniter\View\{closure}()
#3 C:\xampp\htdocs\smarthospital-ivf\system\Common.php(1097): CodeIgniter\View\View->render('patient/active', Array, true)
#4 C:\xampp\htdocs\smarthospital-ivf\app\Controllers\Patient.php(58): view('patient/active', Array)
#5 C:\xampp\htdocs\smarthospital-ivf\system\CodeIgniter.php(826): App\Controllers\Patient->view()
#6 C:\xampp\htdocs\smarthospital-ivf\system\CodeIgniter.php(412): CodeIgniter\CodeIgniter->runController(Object(App\Controllers\Patient))
#7 C:\xampp\htdocs\smarthospital-ivf\system\CodeIgniter.php(320): CodeIgniter\CodeIgniter->handleRequest(NULL, Object(Config\Cache), false)
#8 C:\xampp\htdocs\smarthospital-ivf\public\index.php(37): CodeIgniter\CodeIgniter->run()
#9 C:\xampp\htdocs\smarthospital-ivf\system\Commands\Server\rewrite.php(43): require_once('C:\\xampp\\htdocs...')
#10 {main}
CRITICAL - 2021-11-23 00:36:08 --> Invalid argument supplied for foreach()
#0 C:\xampp\htdocs\smarthospital-ivf\app\Views\patient\active.php(28): CodeIgniter\Debug\Exceptions->errorHandler(2, 'Invalid argumen...', 'C:\\xampp\\htdocs...', 28, Array)
#1 C:\xampp\htdocs\smarthospital-ivf\system\View\View.php(214): include('C:\\xampp\\htdocs...')
#2 C:\xampp\htdocs\smarthospital-ivf\system\View\View.php(217): CodeIgniter\View\View->CodeIgniter\View\{closure}()
#3 C:\xampp\htdocs\smarthospital-ivf\system\Common.php(1097): CodeIgniter\View\View->render('patient/active', Array, true)
#4 C:\xampp\htdocs\smarthospital-ivf\app\Controllers\Patient.php(58): view('patient/active', Array)
#5 C:\xampp\htdocs\smarthospital-ivf\system\CodeIgniter.php(826): App\Controllers\Patient->view()
#6 C:\xampp\htdocs\smarthospital-ivf\system\CodeIgniter.php(412): CodeIgniter\CodeIgniter->runController(Object(App\Controllers\Patient))
#7 C:\xampp\htdocs\smarthospital-ivf\system\CodeIgniter.php(320): CodeIgniter\CodeIgniter->handleRequest(NULL, Object(Config\Cache), false)
#8 C:\xampp\htdocs\smarthospital-ivf\public\index.php(37): CodeIgniter\CodeIgniter->run()
#9 C:\xampp\htdocs\smarthospital-ivf\system\Commands\Server\rewrite.php(43): require_once('C:\\xampp\\htdocs...')
#10 {main}
CRITICAL - 2021-11-23 00:36:21 --> Invalid argument supplied for foreach()
#0 C:\xampp\htdocs\smarthospital-ivf\app\Views\patient\active.php(28): CodeIgniter\Debug\Exceptions->errorHandler(2, 'Invalid argumen...', 'C:\\xampp\\htdocs...', 28, Array)
#1 C:\xampp\htdocs\smarthospital-ivf\system\View\View.php(214): include('C:\\xampp\\htdocs...')
#2 C:\xampp\htdocs\smarthospital-ivf\system\View\View.php(217): CodeIgniter\View\View->CodeIgniter\View\{closure}()
#3 C:\xampp\htdocs\smarthospital-ivf\system\Common.php(1097): CodeIgniter\View\View->render('patient/active', Array, true)
#4 C:\xampp\htdocs\smarthospital-ivf\app\Controllers\Patient.php(58): view('patient/active', Array)
#5 C:\xampp\htdocs\smarthospital-ivf\system\CodeIgniter.php(826): App\Controllers\Patient->view()
#6 C:\xampp\htdocs\smarthospital-ivf\system\CodeIgniter.php(412): CodeIgniter\CodeIgniter->runController(Object(App\Controllers\Patient))
#7 C:\xampp\htdocs\smarthospital-ivf\system\CodeIgniter.php(320): CodeIgniter\CodeIgniter->handleRequest(NULL, Object(Config\Cache), false)
#8 C:\xampp\htdocs\smarthospital-ivf\public\index.php(37): CodeIgniter\CodeIgniter->run()
#9 C:\xampp\htdocs\smarthospital-ivf\system\Commands\Server\rewrite.php(43): require_once('C:\\xampp\\htdocs...')
#10 {main}
CRITICAL - 2021-11-23 00:36:23 --> Invalid argument supplied for foreach()
#0 C:\xampp\htdocs\smarthospital-ivf\app\Views\patient\active.php(28): CodeIgniter\Debug\Exceptions->errorHandler(2, 'Invalid argumen...', 'C:\\xampp\\htdocs...', 28, Array)
#1 C:\xampp\htdocs\smarthospital-ivf\system\View\View.php(214): include('C:\\xampp\\htdocs...')
#2 C:\xampp\htdocs\smarthospital-ivf\system\View\View.php(217): CodeIgniter\View\View->CodeIgniter\View\{closure}()
#3 C:\xampp\htdocs\smarthospital-ivf\system\Common.php(1097): CodeIgniter\View\View->render('patient/active', Array, true)
#4 C:\xampp\htdocs\smarthospital-ivf\app\Controllers\Patient.php(58): view('patient/active', Array)
#5 C:\xampp\htdocs\smarthospital-ivf\system\CodeIgniter.php(826): App\Controllers\Patient->view()
#6 C:\xampp\htdocs\smarthospital-ivf\system\CodeIgniter.php(412): CodeIgniter\CodeIgniter->runController(Object(App\Controllers\Patient))
#7 C:\xampp\htdocs\smarthospital-ivf\system\CodeIgniter.php(320): CodeIgniter\CodeIgniter->handleRequest(NULL, Object(Config\Cache), false)
#8 C:\xampp\htdocs\smarthospital-ivf\public\index.php(37): CodeIgniter\CodeIgniter->run()
#9 C:\xampp\htdocs\smarthospital-ivf\system\Commands\Server\rewrite.php(43): require_once('C:\\xampp\\htdocs...')
#10 {main}
CRITICAL - 2021-11-23 00:36:33 --> Invalid argument supplied for foreach()
#0 C:\xampp\htdocs\smarthospital-ivf\app\Views\patient\active.php(28): CodeIgniter\Debug\Exceptions->errorHandler(2, 'Invalid argumen...', 'C:\\xampp\\htdocs...', 28, Array)
#1 C:\xampp\htdocs\smarthospital-ivf\system\View\View.php(214): include('C:\\xampp\\htdocs...')
#2 C:\xampp\htdocs\smarthospital-ivf\system\View\View.php(217): CodeIgniter\View\View->CodeIgniter\View\{closure}()
#3 C:\xampp\htdocs\smarthospital-ivf\system\Common.php(1097): CodeIgniter\View\View->render('patient/active', Array, true)
#4 C:\xampp\htdocs\smarthospital-ivf\app\Controllers\Patient.php(58): view('patient/active', Array)
#5 C:\xampp\htdocs\smarthospital-ivf\system\CodeIgniter.php(826): App\Controllers\Patient->view()
#6 C:\xampp\htdocs\smarthospital-ivf\system\CodeIgniter.php(412): CodeIgniter\CodeIgniter->runController(Object(App\Controllers\Patient))
#7 C:\xampp\htdocs\smarthospital-ivf\system\CodeIgniter.php(320): CodeIgniter\CodeIgniter->handleRequest(NULL, Object(Config\Cache), false)
#8 C:\xampp\htdocs\smarthospital-ivf\public\index.php(37): CodeIgniter\CodeIgniter->run()
#9 C:\xampp\htdocs\smarthospital-ivf\system\Commands\Server\rewrite.php(43): require_once('C:\\xampp\\htdocs...')
#10 {main}
CRITICAL - 2021-11-23 00:36:57 --> Invalid argument supplied for foreach()
#0 C:\xampp\htdocs\smarthospital-ivf\app\Views\patient\active.php(28): CodeIgniter\Debug\Exceptions->errorHandler(2, 'Invalid argumen...', 'C:\\xampp\\htdocs...', 28, Array)
#1 C:\xampp\htdocs\smarthospital-ivf\system\View\View.php(214): include('C:\\xampp\\htdocs...')
#2 C:\xampp\htdocs\smarthospital-ivf\system\View\View.php(217): CodeIgniter\View\View->CodeIgniter\View\{closure}()
#3 C:\xampp\htdocs\smarthospital-ivf\system\Common.php(1097): CodeIgniter\View\View->render('patient/active', Array, true)
#4 C:\xampp\htdocs\smarthospital-ivf\app\Controllers\Patient.php(58): view('patient/active', Array)
#5 C:\xampp\htdocs\smarthospital-ivf\system\CodeIgniter.php(826): App\Controllers\Patient->view()
#6 C:\xampp\htdocs\smarthospital-ivf\system\CodeIgniter.php(412): CodeIgniter\CodeIgniter->runController(Object(App\Controllers\Patient))
#7 C:\xampp\htdocs\smarthospital-ivf\system\CodeIgniter.php(320): CodeIgniter\CodeIgniter->handleRequest(NULL, Object(Config\Cache), false)
#8 C:\xampp\htdocs\smarthospital-ivf\public\index.php(37): CodeIgniter\CodeIgniter->run()
#9 C:\xampp\htdocs\smarthospital-ivf\system\Commands\Server\rewrite.php(43): require_once('C:\\xampp\\htdocs...')
#10 {main}
CRITICAL - 2021-11-23 00:37:38 --> Class 'CodeIgniter\Exceptions\PageNoteFoundException' not found
#0 C:\xampp\htdocs\smarthospital-ivf\system\CodeIgniter.php(826): App\Controllers\Patient->view()
#1 C:\xampp\htdocs\smarthospital-ivf\system\CodeIgniter.php(412): CodeIgniter\CodeIgniter->runController(Object(App\Controllers\Patient))
#2 C:\xampp\htdocs\smarthospital-ivf\system\CodeIgniter.php(320): CodeIgniter\CodeIgniter->handleRequest(NULL, Object(Config\Cache), false)
#3 C:\xampp\htdocs\smarthospital-ivf\public\index.php(37): CodeIgniter\CodeIgniter->run()
#4 C:\xampp\htdocs\smarthospital-ivf\system\Commands\Server\rewrite.php(43): require_once('C:\\xampp\\htdocs...')
#5 {main}
CRITICAL - 2021-11-23 00:37:54 --> Class 'CodeIgniter\Exceptions\PageNoteFoundException' not found
#0 C:\xampp\htdocs\smarthospital-ivf\system\CodeIgniter.php(826): App\Controllers\Patient->view()
#1 C:\xampp\htdocs\smarthospital-ivf\system\CodeIgniter.php(412): CodeIgniter\CodeIgniter->runController(Object(App\Controllers\Patient))
#2 C:\xampp\htdocs\smarthospital-ivf\system\CodeIgniter.php(320): CodeIgniter\CodeIgniter->handleRequest(NULL, Object(Config\Cache), false)
#3 C:\xampp\htdocs\smarthospital-ivf\public\index.php(37): CodeIgniter\CodeIgniter->run()
#4 C:\xampp\htdocs\smarthospital-ivf\system\Commands\Server\rewrite.php(43): require_once('C:\\xampp\\htdocs...')
#5 {main}
CRITICAL - 2021-11-23 00:38:03 --> Class 'CodeIgniter\Exceptions\PageNoteFoundException' not found
#0 C:\xampp\htdocs\smarthospital-ivf\system\CodeIgniter.php(826): App\Controllers\Patient->view()
#1 C:\xampp\htdocs\smarthospital-ivf\system\CodeIgniter.php(412): CodeIgniter\CodeIgniter->runController(Object(App\Controllers\Patient))
#2 C:\xampp\htdocs\smarthospital-ivf\system\CodeIgniter.php(320): CodeIgniter\CodeIgniter->handleRequest(NULL, Object(Config\Cache), false)
#3 C:\xampp\htdocs\smarthospital-ivf\public\index.php(37): CodeIgniter\CodeIgniter->run()
#4 C:\xampp\htdocs\smarthospital-ivf\system\Commands\Server\rewrite.php(43): require_once('C:\\xampp\\htdocs...')
#5 {main}
CRITICAL - 2021-11-23 00:38:21 --> Invalid file: patient/.php
#0 C:\xampp\htdocs\smarthospital-ivf\system\View\View.php(198): CodeIgniter\Exceptions\FrameworkException::forInvalidFile('patient/.php')
#1 C:\xampp\htdocs\smarthospital-ivf\system\Common.php(1097): CodeIgniter\View\View->render('patient/', Array, true)
#2 C:\xampp\htdocs\smarthospital-ivf\app\Controllers\Patient.php(56): view('patient/', Array)
#3 C:\xampp\htdocs\smarthospital-ivf\system\CodeIgniter.php(826): App\Controllers\Patient->view()
#4 C:\xampp\htdocs\smarthospital-ivf\system\CodeIgniter.php(412): CodeIgniter\CodeIgniter->runController(Object(App\Controllers\Patient))
#5 C:\xampp\htdocs\smarthospital-ivf\system\CodeIgniter.php(320): CodeIgniter\CodeIgniter->handleRequest(NULL, Object(Config\Cache), false)
#6 C:\xampp\htdocs\smarthospital-ivf\public\index.php(37): CodeIgniter\CodeIgniter->run()
#7 C:\xampp\htdocs\smarthospital-ivf\system\Commands\Server\rewrite.php(43): require_once('C:\\xampp\\htdocs...')
#8 {main}
CRITICAL - 2021-11-23 00:38:36 --> Invalid file: patient/.php
#0 C:\xampp\htdocs\smarthospital-ivf\system\View\View.php(198): CodeIgniter\Exceptions\FrameworkException::forInvalidFile('patient/.php')
#1 C:\xampp\htdocs\smarthospital-ivf\system\Common.php(1097): CodeIgniter\View\View->render('patient/', Array, true)
#2 C:\xampp\htdocs\smarthospital-ivf\app\Controllers\Patient.php(56): view('patient/', Array)
#3 C:\xampp\htdocs\smarthospital-ivf\system\CodeIgniter.php(826): App\Controllers\Patient->view()
#4 C:\xampp\htdocs\smarthospital-ivf\system\CodeIgniter.php(412): CodeIgniter\CodeIgniter->runController(Object(App\Controllers\Patient))
#5 C:\xampp\htdocs\smarthospital-ivf\system\CodeIgniter.php(320): CodeIgniter\CodeIgniter->handleRequest(NULL, Object(Config\Cache), false)
#6 C:\xampp\htdocs\smarthospital-ivf\public\index.php(37): CodeIgniter\CodeIgniter->run()
#7 C:\xampp\htdocs\smarthospital-ivf\system\Commands\Server\rewrite.php(43): require_once('C:\\xampp\\htdocs...')
#8 {main}
CRITICAL - 2021-11-23 00:48:30 --> Call to undefined function App\Controllers\gen_VN()
#0 C:\xampp\htdocs\smarthospital-ivf\system\CodeIgniter.php(826): App\Controllers\Patient->add()
#1 C:\xampp\htdocs\smarthospital-ivf\system\CodeIgniter.php(412): CodeIgniter\CodeIgniter->runController(Object(App\Controllers\Patient))
#2 C:\xampp\htdocs\smarthospital-ivf\system\CodeIgniter.php(320): CodeIgniter\CodeIgniter->handleRequest(NULL, Object(Config\Cache), false)
#3 C:\xampp\htdocs\smarthospital-ivf\public\index.php(37): CodeIgniter\CodeIgniter->run()
#4 C:\xampp\htdocs\smarthospital-ivf\system\Commands\Server\rewrite.php(43): require_once('C:\\xampp\\htdocs...')
#5 {main}
CRITICAL - 2021-11-23 01:03:48 --> Too few arguments to function CodeIgniter\Database\BaseBuilder::join(), 1 passed in C:\xampp\htdocs\smarthospital-ivf\app\Models\DataModel.php on line 29 and at least 2 expected
#0 C:\xampp\htdocs\smarthospital-ivf\app\Models\DataModel.php(29): CodeIgniter\Database\BaseBuilder->join(''tb_patient','v...')
#1 C:\xampp\htdocs\smarthospital-ivf\app\Controllers\Patient.php(58): App\Models\DataModel->selectAll(Array)
#2 C:\xampp\htdocs\smarthospital-ivf\system\CodeIgniter.php(826): App\Controllers\Patient->view()
#3 C:\xampp\htdocs\smarthospital-ivf\system\CodeIgniter.php(412): CodeIgniter\CodeIgniter->runController(Object(App\Controllers\Patient))
#4 C:\xampp\htdocs\smarthospital-ivf\system\CodeIgniter.php(320): CodeIgniter\CodeIgniter->handleRequest(NULL, Object(Config\Cache), false)
#5 C:\xampp\htdocs\smarthospital-ivf\public\index.php(37): CodeIgniter\CodeIgniter->run()
#6 C:\xampp\htdocs\smarthospital-ivf\system\Commands\Server\rewrite.php(43): require_once('C:\\xampp\\htdocs...')
#7 {main}
ERROR - 2021-11-23 01:04:24 --> You have an error in your SQL syntax; check the manual that corresponds to your MariaDB server version for the right syntax to use near ''tb_patient','vn.id_hn = tb_patient.id_hn' USING (`left`)' at line 3
CRITICAL - 2021-11-23 01:04:24 --> Call to a member function getResultArray() on bool
#0 C:\xampp\htdocs\smarthospital-ivf\app\Controllers\Patient.php(58): App\Models\DataModel->selectAll(Array)
#1 C:\xampp\htdocs\smarthospital-ivf\system\CodeIgniter.php(826): App\Controllers\Patient->view()
#2 C:\xampp\htdocs\smarthospital-ivf\system\CodeIgniter.php(412): CodeIgniter\CodeIgniter->runController(Object(App\Controllers\Patient))
#3 C:\xampp\htdocs\smarthospital-ivf\system\CodeIgniter.php(320): CodeIgniter\CodeIgniter->handleRequest(NULL, Object(Config\Cache), false)
#4 C:\xampp\htdocs\smarthospital-ivf\public\index.php(37): CodeIgniter\CodeIgniter->run()
#5 C:\xampp\htdocs\smarthospital-ivf\system\Commands\Server\rewrite.php(43): require_once('C:\\xampp\\htdocs...')
#6 {main}
ERROR - 2021-11-23 01:05:57 --> You have an error in your SQL syntax; check the manual that corresponds to your MariaDB server version for the right syntax to use near '"'tb_patient','vn.id_hn = tb_patient.id_hn'" USING (`left`)' at line 3
CRITICAL - 2021-11-23 01:05:57 --> Call to a member function getResultArray() on bool
#0 C:\xampp\htdocs\smarthospital-ivf\app\Controllers\Patient.php(58): App\Models\DataModel->selectAll(Array)
#1 C:\xampp\htdocs\smarthospital-ivf\system\CodeIgniter.php(826): App\Controllers\Patient->view()
#2 C:\xampp\htdocs\smarthospital-ivf\system\CodeIgniter.php(412): CodeIgniter\CodeIgniter->runController(Object(App\Controllers\Patient))
#3 C:\xampp\htdocs\smarthospital-ivf\system\CodeIgniter.php(320): CodeIgniter\CodeIgniter->handleRequest(NULL, Object(Config\Cache), false)
#4 C:\xampp\htdocs\smarthospital-ivf\public\index.php(37): CodeIgniter\CodeIgniter->run()
#5 C:\xampp\htdocs\smarthospital-ivf\system\Commands\Server\rewrite.php(43): require_once('C:\\xampp\\htdocs...')
#6 {main}
CRITICAL - 2021-11-23 01:08:39 --> Call to a member function getCompiledSelect() on null
#0 C:\xampp\htdocs\smarthospital-ivf\app\Controllers\Patient.php(58): App\Models\DataModel->selectAll(Array)
#1 C:\xampp\htdocs\smarthospital-ivf\system\CodeIgniter.php(826): App\Controllers\Patient->view()
#2 C:\xampp\htdocs\smarthospital-ivf\system\CodeIgniter.php(412): CodeIgniter\CodeIgniter->runController(Object(App\Controllers\Patient))
#3 C:\xampp\htdocs\smarthospital-ivf\system\CodeIgniter.php(320): CodeIgniter\CodeIgniter->handleRequest(NULL, Object(Config\Cache), false)
#4 C:\xampp\htdocs\smarthospital-ivf\public\index.php(37): CodeIgniter\CodeIgniter->run()
#5 C:\xampp\htdocs\smarthospital-ivf\system\Commands\Server\rewrite.php(43): require_once('C:\\xampp\\htdocs...')
#6 {main}
CRITICAL - 2021-11-23 01:10:42 --> Call to a member function getCompiledSelect() on null
#0 C:\xampp\htdocs\smarthospital-ivf\app\Controllers\Patient.php(58): App\Models\DataModel->selectAll(Array)
#1 C:\xampp\htdocs\smarthospital-ivf\system\CodeIgniter.php(826): App\Controllers\Patient->view()
#2 C:\xampp\htdocs\smarthospital-ivf\system\CodeIgniter.php(412): CodeIgniter\CodeIgniter->runController(Object(App\Controllers\Patient))
#3 C:\xampp\htdocs\smarthospital-ivf\system\CodeIgniter.php(320): CodeIgniter\CodeIgniter->handleRequest(NULL, Object(Config\Cache), false)
#4 C:\xampp\htdocs\smarthospital-ivf\public\index.php(37): CodeIgniter\CodeIgniter->run()
#5 C:\xampp\htdocs\smarthospital-ivf\system\Commands\Server\rewrite.php(43): require_once('C:\\xampp\\htdocs...')
#6 {main}
CRITICAL - 2021-11-23 01:10:59 --> Call to a member function getCompiledSelect() on null
#0 C:\xampp\htdocs\smarthospital-ivf\app\Controllers\Patient.php(58): App\Models\DataModel->selectAll(Array)
#1 C:\xampp\htdocs\smarthospital-ivf\system\CodeIgniter.php(826): App\Controllers\Patient->view()
#2 C:\xampp\htdocs\smarthospital-ivf\system\CodeIgniter.php(412): CodeIgniter\CodeIgniter->runController(Object(App\Controllers\Patient))
#3 C:\xampp\htdocs\smarthospital-ivf\system\CodeIgniter.php(320): CodeIgniter\CodeIgniter->handleRequest(NULL, Object(Config\Cache), false)
#4 C:\xampp\htdocs\smarthospital-ivf\public\index.php(37): CodeIgniter\CodeIgniter->run()
#5 C:\xampp\htdocs\smarthospital-ivf\system\Commands\Server\rewrite.php(43): require_once('C:\\xampp\\htdocs...')
#6 {main}
CRITICAL - 2021-11-23 01:13:08 --> Object of class CodeIgniter\Database\MySQLi\Builder could not be converted to string
#0 C:\xampp\htdocs\smarthospital-ivf\app\Models\DataModel.php(39): CodeIgniter\Debug\Exceptions->errorHandler(4096, 'Object of class...', 'C:\\xampp\\htdocs...', 39, Array)
#1 C:\xampp\htdocs\smarthospital-ivf\app\Controllers\Patient.php(58): App\Models\DataModel->selectAll(Array)
#2 C:\xampp\htdocs\smarthospital-ivf\system\CodeIgniter.php(826): App\Controllers\Patient->view()
#3 C:\xampp\htdocs\smarthospital-ivf\system\CodeIgniter.php(412): CodeIgniter\CodeIgniter->runController(Object(App\Controllers\Patient))
#4 C:\xampp\htdocs\smarthospital-ivf\system\CodeIgniter.php(320): CodeIgniter\CodeIgniter->handleRequest(NULL, Object(Config\Cache), false)
#5 C:\xampp\htdocs\smarthospital-ivf\public\index.php(37): CodeIgniter\CodeIgniter->run()
#6 C:\xampp\htdocs\smarthospital-ivf\system\Commands\Server\rewrite.php(43): require_once('C:\\xampp\\htdocs...')
#7 {main}
CRITICAL - 2021-11-23 01:13:54 --> Invalid argument supplied for foreach()
#0 C:\xampp\htdocs\smarthospital-ivf\app\Views\patient\active.php(27): CodeIgniter\Debug\Exceptions->errorHandler(2, 'Invalid argumen...', 'C:\\xampp\\htdocs...', 27, Array)
#1 C:\xampp\htdocs\smarthospital-ivf\system\View\View.php(214): include('C:\\xampp\\htdocs...')
#2 C:\xampp\htdocs\smarthospital-ivf\system\View\View.php(217): CodeIgniter\View\View->CodeIgniter\View\{closure}()
#3 C:\xampp\htdocs\smarthospital-ivf\system\Common.php(1097): CodeIgniter\View\View->render('patient/active', Array, true)
#4 C:\xampp\htdocs\smarthospital-ivf\app\Controllers\Patient.php(59): view('patient/active', Array)
#5 C:\xampp\htdocs\smarthospital-ivf\system\CodeIgniter.php(826): App\Controllers\Patient->view()
#6 C:\xampp\htdocs\smarthospital-ivf\system\CodeIgniter.php(412): CodeIgniter\CodeIgniter->runController(Object(App\Controllers\Patient))
#7 C:\xampp\htdocs\smarthospital-ivf\system\CodeIgniter.php(320): CodeIgniter\CodeIgniter->handleRequest(NULL, Object(Config\Cache), false)
#8 C:\xampp\htdocs\smarthospital-ivf\public\index.php(37): CodeIgniter\CodeIgniter->run()
#9 C:\xampp\htdocs\smarthospital-ivf\system\Commands\Server\rewrite.php(43): require_once('C:\\xampp\\htdocs...')
#10 {main}
ERROR - 2021-11-23 01:36:51 --> You have an error in your SQL syntax; check the manual that corresponds to your MariaDB server version for the right syntax to use near '.`id_hn = b`.`id_hn`' at line 2
CRITICAL - 2021-11-23 01:36:51 --> Call to a member function getResultArray() on bool
#0 C:\xampp\htdocs\smarthospital-ivf\app\Controllers\Patient.php(58): App\Models\DataModel->selectAll(Array)
#1 C:\xampp\htdocs\smarthospital-ivf\system\CodeIgniter.php(826): App\Controllers\Patient->view()
#2 C:\xampp\htdocs\smarthospital-ivf\system\CodeIgniter.php(412): CodeIgniter\CodeIgniter->runController(Object(App\Controllers\Patient))
#3 C:\xampp\htdocs\smarthospital-ivf\system\CodeIgniter.php(320): CodeIgniter\CodeIgniter->handleRequest(NULL, Object(Config\Cache), false)
#4 C:\xampp\htdocs\smarthospital-ivf\public\index.php(37): CodeIgniter\CodeIgniter->run()
#5 C:\xampp\htdocs\smarthospital-ivf\system\Commands\Server\rewrite.php(43): require_once('C:\\xampp\\htdocs...')
#6 {main}
ERROR - 2021-11-23 01:37:14 --> You have an error in your SQL syntax; check the manual that corresponds to your MariaDB server version for the right syntax to use near '.`id_hn = b`.`id_hn`' at line 2
CRITICAL - 2021-11-23 01:37:14 --> Call to a member function getResultArray() on bool
#0 C:\xampp\htdocs\smarthospital-ivf\app\Controllers\Patient.php(58): App\Models\DataModel->selectAll(Array)
#1 C:\xampp\htdocs\smarthospital-ivf\system\CodeIgniter.php(826): App\Controllers\Patient->view()
#2 C:\xampp\htdocs\smarthospital-ivf\system\CodeIgniter.php(412): CodeIgniter\CodeIgniter->runController(Object(App\Controllers\Patient))
#3 C:\xampp\htdocs\smarthospital-ivf\system\CodeIgniter.php(320): CodeIgniter\CodeIgniter->handleRequest(NULL, Object(Config\Cache), false)
#4 C:\xampp\htdocs\smarthospital-ivf\public\index.php(37): CodeIgniter\CodeIgniter->run()
#5 C:\xampp\htdocs\smarthospital-ivf\system\Commands\Server\rewrite.php(43): require_once('C:\\xampp\\htdocs...')
#6 {main}
ERROR - 2021-11-23 01:37:16 --> You have an error in your SQL syntax; check the manual that corresponds to your MariaDB server version for the right syntax to use near '.`id_hn = b`.`id_hn`' at line 2
CRITICAL - 2021-11-23 01:37:16 --> Call to a member function getResultArray() on bool
#0 C:\xampp\htdocs\smarthospital-ivf\app\Controllers\Patient.php(58): App\Models\DataModel->selectAll(Array)
#1 C:\xampp\htdocs\smarthospital-ivf\system\CodeIgniter.php(826): App\Controllers\Patient->view()
#2 C:\xampp\htdocs\smarthospital-ivf\system\CodeIgniter.php(412): CodeIgniter\CodeIgniter->runController(Object(App\Controllers\Patient))
#3 C:\xampp\htdocs\smarthospital-ivf\system\CodeIgniter.php(320): CodeIgniter\CodeIgniter->handleRequest(NULL, Object(Config\Cache), false)
#4 C:\xampp\htdocs\smarthospital-ivf\public\index.php(37): CodeIgniter\CodeIgniter->run()
#5 C:\xampp\htdocs\smarthospital-ivf\system\Commands\Server\rewrite.php(43): require_once('C:\\xampp\\htdocs...')
#6 {main}
ERROR - 2021-11-23 01:37:22 --> You have an error in your SQL syntax; check the manual that corresponds to your MariaDB server version for the right syntax to use near '.`id_hn = b`.`id_hn`' at line 2
CRITICAL - 2021-11-23 01:37:22 --> Call to a member function getResultArray() on bool
#0 C:\xampp\htdocs\smarthospital-ivf\app\Controllers\Patient.php(58): App\Models\DataModel->selectAll(Array)
#1 C:\xampp\htdocs\smarthospital-ivf\system\CodeIgniter.php(826): App\Controllers\Patient->view()
#2 C:\xampp\htdocs\smarthospital-ivf\system\CodeIgniter.php(412): CodeIgniter\CodeIgniter->runController(Object(App\Controllers\Patient))
#3 C:\xampp\htdocs\smarthospital-ivf\system\CodeIgniter.php(320): CodeIgniter\CodeIgniter->handleRequest(NULL, Object(Config\Cache), false)
#4 C:\xampp\htdocs\smarthospital-ivf\public\index.php(37): CodeIgniter\CodeIgniter->run()
#5 C:\xampp\htdocs\smarthospital-ivf\system\Commands\Server\rewrite.php(43): require_once('C:\\xampp\\htdocs...')
#6 {main}
ERROR - 2021-11-23 01:37:27 --> You have an error in your SQL syntax; check the manual that corresponds to your MariaDB server version for the right syntax to use near '.`id_hn = b`.`id_hn`' at line 2
CRITICAL - 2021-11-23 01:37:27 --> Call to a member function getResultArray() on bool
#0 C:\xampp\htdocs\smarthospital-ivf\app\Controllers\Patient.php(58): App\Models\DataModel->selectAll(Array)
#1 C:\xampp\htdocs\smarthospital-ivf\system\CodeIgniter.php(826): App\Controllers\Patient->view()
#2 C:\xampp\htdocs\smarthospital-ivf\system\CodeIgniter.php(412): CodeIgniter\CodeIgniter->runController(Object(App\Controllers\Patient))
#3 C:\xampp\htdocs\smarthospital-ivf\system\CodeIgniter.php(320): CodeIgniter\CodeIgniter->handleRequest(NULL, Object(Config\Cache), false)
#4 C:\xampp\htdocs\smarthospital-ivf\public\index.php(37): CodeIgniter\CodeIgniter->run()
#5 C:\xampp\htdocs\smarthospital-ivf\system\Commands\Server\rewrite.php(43): require_once('C:\\xampp\\htdocs...')
#6 {main}
CRITICAL - 2021-11-23 03:37:48 --> Invalid argument supplied for foreach()
#0 C:\xampp\htdocs\smarthospital-ivf\app\Views\patient\all.php(28): CodeIgniter\Debug\Exceptions->errorHandler(2, 'Invalid argumen...', 'C:\\xampp\\htdocs...', 28, Array)
#1 C:\xampp\htdocs\smarthospital-ivf\system\View\View.php(214): include('C:\\xampp\\htdocs...')
#2 C:\xampp\htdocs\smarthospital-ivf\system\View\View.php(217): CodeIgniter\View\View->CodeIgniter\View\{closure}()
#3 C:\xampp\htdocs\smarthospital-ivf\system\Common.php(1097): CodeIgniter\View\View->render('patient/all', Array, true)
#4 C:\xampp\htdocs\smarthospital-ivf\app\Controllers\Patient.php(59): view('patient/all', Array)
#5 C:\xampp\htdocs\smarthospital-ivf\system\CodeIgniter.php(826): App\Controllers\Patient->view()
#6 C:\xampp\htdocs\smarthospital-ivf\system\CodeIgniter.php(412): CodeIgniter\CodeIgniter->runController(Object(App\Controllers\Patient))
#7 C:\xampp\htdocs\smarthospital-ivf\system\CodeIgniter.php(320): CodeIgniter\CodeIgniter->handleRequest(NULL, Object(Config\Cache), false)
#8 C:\xampp\htdocs\smarthospital-ivf\public\index.php(37): CodeIgniter\CodeIgniter->run()
#9 C:\xampp\htdocs\smarthospital-ivf\system\Commands\Server\rewrite.php(43): require_once('C:\\xampp\\htdocs...')
#10 {main}
CRITICAL - 2021-11-23 03:37:50 --> Invalid argument supplied for foreach()
#0 C:\xampp\htdocs\smarthospital-ivf\app\Views\patient\all.php(28): CodeIgniter\Debug\Exceptions->errorHandler(2, 'Invalid argumen...', 'C:\\xampp\\htdocs...', 28, Array)
#1 C:\xampp\htdocs\smarthospital-ivf\system\View\View.php(214): include('C:\\xampp\\htdocs...')
#2 C:\xampp\htdocs\smarthospital-ivf\system\View\View.php(217): CodeIgniter\View\View->CodeIgniter\View\{closure}()
#3 C:\xampp\htdocs\smarthospital-ivf\system\Common.php(1097): CodeIgniter\View\View->render('patient/all', Array, true)
#4 C:\xampp\htdocs\smarthospital-ivf\app\Controllers\Patient.php(59): view('patient/all', Array)
#5 C:\xampp\htdocs\smarthospital-ivf\system\CodeIgniter.php(826): App\Controllers\Patient->view()
#6 C:\xampp\htdocs\smarthospital-ivf\system\CodeIgniter.php(412): CodeIgniter\CodeIgniter->runController(Object(App\Controllers\Patient))
#7 C:\xampp\htdocs\smarthospital-ivf\system\CodeIgniter.php(320): CodeIgniter\CodeIgniter->handleRequest(NULL, Object(Config\Cache), false)
#8 C:\xampp\htdocs\smarthospital-ivf\public\index.php(37): CodeIgniter\CodeIgniter->run()
#9 C:\xampp\htdocs\smarthospital-ivf\system\Commands\Server\rewrite.php(43): require_once('C:\\xampp\\htdocs...')
#10 {main}
CRITICAL - 2021-11-23 03:37:53 --> Invalid argument supplied for foreach()
#0 C:\xampp\htdocs\smarthospital-ivf\app\Views\patient\active.php(27): CodeIgniter\Debug\Exceptions->errorHandler(2, 'Invalid argumen...', 'C:\\xampp\\htdocs...', 27, Array)
#1 C:\xampp\htdocs\smarthospital-ivf\system\View\View.php(214): include('C:\\xampp\\htdocs...')
#2 C:\xampp\htdocs\smarthospital-ivf\system\View\View.php(217): CodeIgniter\View\View->CodeIgniter\View\{closure}()
#3 C:\xampp\htdocs\smarthospital-ivf\system\Common.php(1097): CodeIgniter\View\View->render('patient/active', Array, true)
#4 C:\xampp\htdocs\smarthospital-ivf\app\Controllers\Patient.php(59): view('patient/active', Array)
#5 C:\xampp\htdocs\smarthospital-ivf\system\CodeIgniter.php(826): App\Controllers\Patient->view()
#6 C:\xampp\htdocs\smarthospital-ivf\system\CodeIgniter.php(412): CodeIgniter\CodeIgniter->runController(Object(App\Controllers\Patient))
#7 C:\xampp\htdocs\smarthospital-ivf\system\CodeIgniter.php(320): CodeIgniter\CodeIgniter->handleRequest(NULL, Object(Config\Cache), false)
#8 C:\xampp\htdocs\smarthospital-ivf\public\index.php(37): CodeIgniter\CodeIgniter->run()
#9 C:\xampp\htdocs\smarthospital-ivf\system\Commands\Server\rewrite.php(43): require_once('C:\\xampp\\htdocs...')
#10 {main}
CRITICAL - 2021-11-23 04:20:32 --> Invalid argument supplied for foreach()
#0 C:\xampp\htdocs\smarthospital-ivf\app\Views\patient\active.php(27): CodeIgniter\Debug\Exceptions->errorHandler(2, 'Invalid argumen...', 'C:\\xampp\\htdocs...', 27, Array)
#1 C:\xampp\htdocs\smarthospital-ivf\system\View\View.php(214): include('C:\\xampp\\htdocs...')
#2 C:\xampp\htdocs\smarthospital-ivf\system\View\View.php(217): CodeIgniter\View\View->CodeIgniter\View\{closure}()
#3 C:\xampp\htdocs\smarthospital-ivf\system\Common.php(1097): CodeIgniter\View\View->render('patient/active', Array, true)
#4 C:\xampp\htdocs\smarthospital-ivf\app\Controllers\Patient.php(59): view('patient/active', Array)
#5 C:\xampp\htdocs\smarthospital-ivf\system\CodeIgniter.php(826): App\Controllers\Patient->view()
#6 C:\xampp\htdocs\smarthospital-ivf\system\CodeIgniter.php(412): CodeIgniter\CodeIgniter->runController(Object(App\Controllers\Patient))
#7 C:\xampp\htdocs\smarthospital-ivf\system\CodeIgniter.php(320): CodeIgniter\CodeIgniter->handleRequest(NULL, Object(Config\Cache), false)
#8 C:\xampp\htdocs\smarthospital-ivf\public\index.php(37): CodeIgniter\CodeIgniter->run()
#9 C:\xampp\htdocs\smarthospital-ivf\system\Commands\Server\rewrite.php(43): require_once('C:\\xampp\\htdocs...')
#10 {main}
CRITICAL - 2021-11-23 05:38:57 --> Invalid argument supplied for foreach()
#0 C:\xampp\htdocs\smarthospital-ivf\app\Views\patient\active.php(27): CodeIgniter\Debug\Exceptions->errorHandler(2, 'Invalid argumen...', 'C:\\xampp\\htdocs...', 27, Array)
#1 C:\xampp\htdocs\smarthospital-ivf\system\View\View.php(214): include('C:\\xampp\\htdocs...')
#2 C:\xampp\htdocs\smarthospital-ivf\system\View\View.php(217): CodeIgniter\View\View->CodeIgniter\View\{closure}()
#3 C:\xampp\htdocs\smarthospital-ivf\system\Common.php(1097): CodeIgniter\View\View->render('patient/active', Array, true)
#4 C:\xampp\htdocs\smarthospital-ivf\app\Controllers\Patient.php(59): view('patient/active', Array)
#5 C:\xampp\htdocs\smarthospital-ivf\system\CodeIgniter.php(826): App\Controllers\Patient->view()
#6 C:\xampp\htdocs\smarthospital-ivf\system\CodeIgniter.php(412): CodeIgniter\CodeIgniter->runController(Object(App\Controllers\Patient))
#7 C:\xampp\htdocs\smarthospital-ivf\system\CodeIgniter.php(320): CodeIgniter\CodeIgniter->handleRequest(NULL, Object(Config\Cache), false)
#8 C:\xampp\htdocs\smarthospital-ivf\public\index.php(37): CodeIgniter\CodeIgniter->run()
#9 C:\xampp\htdocs\smarthospital-ivf\system\Commands\Server\rewrite.php(43): require_once('C:\\xampp\\htdocs...')
#10 {main}
CRITICAL - 2021-11-23 05:39:00 --> Invalid argument supplied for foreach()
#0 C:\xampp\htdocs\smarthospital-ivf\app\Views\patient\active.php(27): CodeIgniter\Debug\Exceptions->errorHandler(2, 'Invalid argumen...', 'C:\\xampp\\htdocs...', 27, Array)
#1 C:\xampp\htdocs\smarthospital-ivf\system\View\View.php(214): include('C:\\xampp\\htdocs...')
#2 C:\xampp\htdocs\smarthospital-ivf\system\View\View.php(217): CodeIgniter\View\View->CodeIgniter\View\{closure}()
#3 C:\xampp\htdocs\smarthospital-ivf\system\Common.php(1097): CodeIgniter\View\View->render('patient/active', Array, true)
#4 C:\xampp\htdocs\smarthospital-ivf\app\Controllers\Patient.php(59): view('patient/active', Array)
#5 C:\xampp\htdocs\smarthospital-ivf\system\CodeIgniter.php(826): App\Controllers\Patient->view()
#6 C:\xampp\htdocs\smarthospital-ivf\system\CodeIgniter.php(412): CodeIgniter\CodeIgniter->runController(Object(App\Controllers\Patient))
#7 C:\xampp\htdocs\smarthospital-ivf\system\CodeIgniter.php(320): CodeIgniter\CodeIgniter->handleRequest(NULL, Object(Config\Cache), false)
#8 C:\xampp\htdocs\smarthospital-ivf\public\index.php(37): CodeIgniter\CodeIgniter->run()
#9 C:\xampp\htdocs\smarthospital-ivf\system\Commands\Server\rewrite.php(43): require_once('C:\\xampp\\htdocs...')
#10 {main}
ERROR - 2021-11-23 08:59:41 --> Unknown column 'tb_patient.id_hn' in 'on clause'
CRITICAL - 2021-11-23 08:59:41 --> Call to a member function getResultArray() on bool
#0 /Applications/XAMPP/xamppfiles/htdocs/smarthospital-ivf/smarthospital-ivf/app/Controllers/patient.php(58): App\Models\DataModel->selectAll(Array)
#1 /Applications/XAMPP/xamppfiles/htdocs/smarthospital-ivf/smarthospital-ivf/system/CodeIgniter.php(826): App\Controllers\Patient->view()
#2 /Applications/XAMPP/xamppfiles/htdocs/smarthospital-ivf/smarthospital-ivf/system/CodeIgniter.php(412): CodeIgniter\CodeIgniter->runController(Object(App\Controllers\Patient))
#3 /Applications/XAMPP/xamppfiles/htdocs/smarthospital-ivf/smarthospital-ivf/system/CodeIgniter.php(320): CodeIgniter\CodeIgniter->handleRequest(NULL, Object(Config\Cache), false)
#4 /Applications/XAMPP/xamppfiles/htdocs/smarthospital-ivf/smarthospital-ivf/public/index.php(37): CodeIgniter\CodeIgniter->run()
#5 /Applications/XAMPP/xamppfiles/htdocs/smarthospital-ivf/smarthospital-ivf/system/Commands/Server/rewrite.php(43): require_once('/Applications/X...')
#6 {main}
ERROR - 2021-11-23 08:59:57 --> Unknown column 'tb_patient.id_hn' in 'on clause'
CRITICAL - 2021-11-23 08:59:57 --> Call to a member function getResultArray() on bool
#0 /Applications/XAMPP/xamppfiles/htdocs/smarthospital-ivf/smarthospital-ivf/app/Controllers/patient.php(58): App\Models\DataModel->selectAll(Array)
#1 /Applications/XAMPP/xamppfiles/htdocs/smarthospital-ivf/smarthospital-ivf/system/CodeIgniter.php(826): App\Controllers\Patient->view()
#2 /Applications/XAMPP/xamppfiles/htdocs/smarthospital-ivf/smarthospital-ivf/system/CodeIgniter.php(412): CodeIgniter\CodeIgniter->runController(Object(App\Controllers\Patient))
#3 /Applications/XAMPP/xamppfiles/htdocs/smarthospital-ivf/smarthospital-ivf/system/CodeIgniter.php(320): CodeIgniter\CodeIgniter->handleRequest(NULL, Object(Config\Cache), false)
#4 /Applications/XAMPP/xamppfiles/htdocs/smarthospital-ivf/smarthospital-ivf/public/index.php(37): CodeIgniter\CodeIgniter->run()
#5 /Applications/XAMPP/xamppfiles/htdocs/smarthospital-ivf/smarthospital-ivf/system/Commands/Server/rewrite.php(43): require_once('/Applications/X...')
#6 {main}
CRITICAL - 2021-11-23 09:10:47 --> Call to undefined function changeDateFormat()
#0 /Applications/XAMPP/xamppfiles/htdocs/smarthospital-ivf/smarthospital-ivf/system/View/View.php(214): include()
#1 /Applications/XAMPP/xamppfiles/htdocs/smarthospital-ivf/smarthospital-ivf/system/View/View.php(217): CodeIgniter\View\View->CodeIgniter\View\{closure}()
#2 /Applications/XAMPP/xamppfiles/htdocs/smarthospital-ivf/smarthospital-ivf/system/Common.php(1097): CodeIgniter\View\View->render('patient/active', Array, true)
#3 /Applications/XAMPP/xamppfiles/htdocs/smarthospital-ivf/smarthospital-ivf/app/Controllers/patient.php(60): view('patient/active', Array)
#4 /Applications/XAMPP/xamppfiles/htdocs/smarthospital-ivf/smarthospital-ivf/system/CodeIgniter.php(826): App\Controllers\Patient->view()
#5 /Applications/XAMPP/xamppfiles/htdocs/smarthospital-ivf/smarthospital-ivf/system/CodeIgniter.php(412): CodeIgniter\CodeIgniter->runController(Object(App\Controllers\Patient))
#6 /Applications/XAMPP/xamppfiles/htdocs/smarthospital-ivf/smarthospital-ivf/system/CodeIgniter.php(320): CodeIgniter\CodeIgniter->handleRequest(NULL, Object(Config\Cache), false)
#7 /Applications/XAMPP/xamppfiles/htdocs/smarthospital-ivf/smarthospital-ivf/public/index.php(37): CodeIgniter\CodeIgniter->run()
#8 /Applications/XAMPP/xamppfiles/htdocs/smarthospital-ivf/smarthospital-ivf/system/Commands/Server/rewrite.php(43): require_once('/Applications/X...')
#9 {main}
CRITICAL - 2021-11-23 09:22:20 --> Call to undefined function TL()
#0 /Applications/XAMPP/xamppfiles/htdocs/smarthospital-ivf/smarthospital-ivf/system/View/View.php(214): include()
#1 /Applications/XAMPP/xamppfiles/htdocs/smarthospital-ivf/smarthospital-ivf/system/View/View.php(217): CodeIgniter\View\View->CodeIgniter\View\{closure}()
#2 /Applications/XAMPP/xamppfiles/htdocs/smarthospital-ivf/smarthospital-ivf/system/Common.php(1097): CodeIgniter\View\View->render('tools/menu_bar....', Array, true)
#3 /Applications/XAMPP/xamppfiles/htdocs/smarthospital-ivf/smarthospital-ivf/app/Views/patient/profile.php(2): view('tools/menu_bar....')
#4 /Applications/XAMPP/xamppfiles/htdocs/smarthospital-ivf/smarthospital-ivf/system/View/View.php(214): include('/Applications/X...')
#5 /Applications/XAMPP/xamppfiles/htdocs/smarthospital-ivf/smarthospital-ivf/system/View/View.php(217): CodeIgniter\View\View->CodeIgniter\View\{closure}()
#6 /Applications/XAMPP/xamppfiles/htdocs/smarthospital-ivf/smarthospital-ivf/system/Common.php(1097): CodeIgniter\View\View->render('patient/profile', Array, true)
#7 /Applications/XAMPP/xamppfiles/htdocs/smarthospital-ivf/smarthospital-ivf/app/Controllers/patient.php(80): view('patient/profile', Array)
#8 /Applications/XAMPP/xamppfiles/htdocs/smarthospital-ivf/smarthospital-ivf/system/CodeIgniter.php(826): App\Controllers\Patient->profile()
#9 /Applications/XAMPP/xamppfiles/htdocs/smarthospital-ivf/smarthospital-ivf/system/CodeIgniter.php(412): CodeIgniter\CodeIgniter->runController(Object(App\Controllers\Patient))
#10 /Applications/XAMPP/xamppfiles/htdocs/smarthospital-ivf/smarthospital-ivf/system/CodeIgniter.php(320): CodeIgniter\CodeIgniter->handleRequest(NULL, Object(Config\Cache), false)
#11 /Applications/XAMPP/xamppfiles/htdocs/smarthospital-ivf/smarthospital-ivf/public/index.php(37): CodeIgniter\CodeIgniter->run()
#12 /Applications/XAMPP/xamppfiles/htdocs/smarthospital-ivf/smarthospital-ivf/system/Commands/Server/rewrite.php(43): require_once('/Applications/X...')
#13 {main}
CRITICAL - 2021-11-23 09:22:45 --> Call to undefined function TL()
#0 /Applications/XAMPP/xamppfiles/htdocs/smarthospital-ivf/smarthospital-ivf/system/View/View.php(214): include()
#1 /Applications/XAMPP/xamppfiles/htdocs/smarthospital-ivf/smarthospital-ivf/system/View/View.php(217): CodeIgniter\View\View->CodeIgniter\View\{closure}()
#2 /Applications/XAMPP/xamppfiles/htdocs/smarthospital-ivf/smarthospital-ivf/system/Common.php(1097): CodeIgniter\View\View->render('tools/menu_bar....', Array, true)
#3 /Applications/XAMPP/xamppfiles/htdocs/smarthospital-ivf/smarthospital-ivf/app/Views/patient/profile.php(2): view('tools/menu_bar....')
#4 /Applications/XAMPP/xamppfiles/htdocs/smarthospital-ivf/smarthospital-ivf/system/View/View.php(214): include('/Applications/X...')
#5 /Applications/XAMPP/xamppfiles/htdocs/smarthospital-ivf/smarthospital-ivf/system/View/View.php(217): CodeIgniter\View\View->CodeIgniter\View\{closure}()
#6 /Applications/XAMPP/xamppfiles/htdocs/smarthospital-ivf/smarthospital-ivf/system/Common.php(1097): CodeIgniter\View\View->render('patient/profile', Array, true)
#7 /Applications/XAMPP/xamppfiles/htdocs/smarthospital-ivf/smarthospital-ivf/app/Controllers/patient.php(80): view('patient/profile', Array)
#8 /Applications/XAMPP/xamppfiles/htdocs/smarthospital-ivf/smarthospital-ivf/system/CodeIgniter.php(826): App\Controllers\Patient->profile()
#9 /Applications/XAMPP/xamppfiles/htdocs/smarthospital-ivf/smarthospital-ivf/system/CodeIgniter.php(412): CodeIgniter\CodeIgniter->runController(Object(App\Controllers\Patient))
#10 /Applications/XAMPP/xamppfiles/htdocs/smarthospital-ivf/smarthospital-ivf/system/CodeIgniter.php(320): CodeIgniter\CodeIgniter->handleRequest(NULL, Object(Config\Cache), false)
#11 /Applications/XAMPP/xamppfiles/htdocs/smarthospital-ivf/smarthospital-ivf/public/index.php(37): CodeIgniter\CodeIgniter->run()
#12 /Applications/XAMPP/xamppfiles/htdocs/smarthospital-ivf/smarthospital-ivf/system/Commands/Server/rewrite.php(43): require_once('/Applications/X...')
#13 {main}
CRITICAL - 2021-11-23 09:22:46 --> Call to undefined function TL()
#0 /Applications/XAMPP/xamppfiles/htdocs/smarthospital-ivf/smarthospital-ivf/system/View/View.php(214): include()
#1 /Applications/XAMPP/xamppfiles/htdocs/smarthospital-ivf/smarthospital-ivf/system/View/View.php(217): CodeIgniter\View\View->CodeIgniter\View\{closure}()
#2 /Applications/XAMPP/xamppfiles/htdocs/smarthospital-ivf/smarthospital-ivf/system/Common.php(1097): CodeIgniter\View\View->render('tools/menu_bar....', Array, true)
#3 /Applications/XAMPP/xamppfiles/htdocs/smarthospital-ivf/smarthospital-ivf/app/Views/patient/profile.php(2): view('tools/menu_bar....')
#4 /Applications/XAMPP/xamppfiles/htdocs/smarthospital-ivf/smarthospital-ivf/system/View/View.php(214): include('/Applications/X...')
#5 /Applications/XAMPP/xamppfiles/htdocs/smarthospital-ivf/smarthospital-ivf/system/View/View.php(217): CodeIgniter\View\View->CodeIgniter\View\{closure}()
#6 /Applications/XAMPP/xamppfiles/htdocs/smarthospital-ivf/smarthospital-ivf/system/Common.php(1097): CodeIgniter\View\View->render('patient/profile', Array, true)
#7 /Applications/XAMPP/xamppfiles/htdocs/smarthospital-ivf/smarthospital-ivf/app/Controllers/patient.php(80): view('patient/profile', Array)
#8 /Applications/XAMPP/xamppfiles/htdocs/smarthospital-ivf/smarthospital-ivf/system/CodeIgniter.php(826): App\Controllers\Patient->profile()
#9 /Applications/XAMPP/xamppfiles/htdocs/smarthospital-ivf/smarthospital-ivf/system/CodeIgniter.php(412): CodeIgniter\CodeIgniter->runController(Object(App\Controllers\Patient))
#10 /Applications/XAMPP/xamppfiles/htdocs/smarthospital-ivf/smarthospital-ivf/system/CodeIgniter.php(320): CodeIgniter\CodeIgniter->handleRequest(NULL, Object(Config\Cache), false)
#11 /Applications/XAMPP/xamppfiles/htdocs/smarthospital-ivf/smarthospital-ivf/public/index.php(37): CodeIgniter\CodeIgniter->run()
#12 /Applications/XAMPP/xamppfiles/htdocs/smarthospital-ivf/smarthospital-ivf/system/Commands/Server/rewrite.php(43): require_once('/Applications/X...')
#13 {main}
CRITICAL - 2021-11-23 09:23:03 --> Call to undefined function TL()
#0 /Applications/XAMPP/xamppfiles/htdocs/smarthospital-ivf/smarthospital-ivf/system/View/View.php(214): include()
#1 /Applications/XAMPP/xamppfiles/htdocs/smarthospital-ivf/smarthospital-ivf/system/View/View.php(217): CodeIgniter\View\View->CodeIgniter\View\{closure}()
#2 /Applications/XAMPP/xamppfiles/htdocs/smarthospital-ivf/smarthospital-ivf/system/Common.php(1097): CodeIgniter\View\View->render('tools/menu_bar', Array, true)
#3 /Applications/XAMPP/xamppfiles/htdocs/smarthospital-ivf/smarthospital-ivf/app/Views/patient/profile.php(2): view('tools/menu_bar')
#4 /Applications/XAMPP/xamppfiles/htdocs/smarthospital-ivf/smarthospital-ivf/system/View/View.php(214): include('/Applications/X...')
#5 /Applications/XAMPP/xamppfiles/htdocs/smarthospital-ivf/smarthospital-ivf/system/View/View.php(217): CodeIgniter\View\View->CodeIgniter\View\{closure}()
#6 /Applications/XAMPP/xamppfiles/htdocs/smarthospital-ivf/smarthospital-ivf/system/Common.php(1097): CodeIgniter\View\View->render('patient/profile', Array, true)
#7 /Applications/XAMPP/xamppfiles/htdocs/smarthospital-ivf/smarthospital-ivf/app/Controllers/patient.php(80): view('patient/profile', Array)
#8 /Applications/XAMPP/xamppfiles/htdocs/smarthospital-ivf/smarthospital-ivf/system/CodeIgniter.php(826): App\Controllers\Patient->profile()
#9 /Applications/XAMPP/xamppfiles/htdocs/smarthospital-ivf/smarthospital-ivf/system/CodeIgniter.php(412): CodeIgniter\CodeIgniter->runController(Object(App\Controllers\Patient))
#10 /Applications/XAMPP/xamppfiles/htdocs/smarthospital-ivf/smarthospital-ivf/system/CodeIgniter.php(320): CodeIgniter\CodeIgniter->handleRequest(NULL, Object(Config\Cache), false)
#11 /Applications/XAMPP/xamppfiles/htdocs/smarthospital-ivf/smarthospital-ivf/public/index.php(37): CodeIgniter\CodeIgniter->run()
#12 /Applications/XAMPP/xamppfiles/htdocs/smarthospital-ivf/smarthospital-ivf/system/Commands/Server/rewrite.php(43): require_once('/Applications/X...')
#13 {main}
CRITICAL - 2021-11-23 09:23:38 --> Call to undefined function TL()
#0 /Applications/XAMPP/xamppfiles/htdocs/smarthospital-ivf/smarthospital-ivf/system/View/View.php(214): include()
#1 /Applications/XAMPP/xamppfiles/htdocs/smarthospital-ivf/smarthospital-ivf/system/View/View.php(217): CodeIgniter\View\View->CodeIgniter\View\{closure}()
#2 /Applications/XAMPP/xamppfiles/htdocs/smarthospital-ivf/smarthospital-ivf/system/Common.php(1097): CodeIgniter\View\View->render('tools/menubar', Array, true)
#3 /Applications/XAMPP/xamppfiles/htdocs/smarthospital-ivf/smarthospital-ivf/app/Views/patient/profile.php(24): view('tools/menubar')
#4 /Applications/XAMPP/xamppfiles/htdocs/smarthospital-ivf/smarthospital-ivf/system/View/View.php(214): include('/Applications/X...')
#5 /Applications/XAMPP/xamppfiles/htdocs/smarthospital-ivf/smarthospital-ivf/system/View/View.php(217): CodeIgniter\View\View->CodeIgniter\View\{closure}()
#6 /Applications/XAMPP/xamppfiles/htdocs/smarthospital-ivf/smarthospital-ivf/system/Common.php(1097): CodeIgniter\View\View->render('patient/profile', Array, true)
#7 /Applications/XAMPP/xamppfiles/htdocs/smarthospital-ivf/smarthospital-ivf/app/Controllers/patient.php(80): view('patient/profile', Array)
#8 /Applications/XAMPP/xamppfiles/htdocs/smarthospital-ivf/smarthospital-ivf/system/CodeIgniter.php(826): App\Controllers\Patient->profile()
#9 /Applications/XAMPP/xamppfiles/htdocs/smarthospital-ivf/smarthospital-ivf/system/CodeIgniter.php(412): CodeIgniter\CodeIgniter->runController(Object(App\Controllers\Patient))
#10 /Applications/XAMPP/xamppfiles/htdocs/smarthospital-ivf/smarthospital-ivf/system/CodeIgniter.php(320): CodeIgniter\CodeIgniter->handleRequest(NULL, Object(Config\Cache), false)
#11 /Applications/XAMPP/xamppfiles/htdocs/smarthospital-ivf/smarthospital-ivf/public/index.php(37): CodeIgniter\CodeIgniter->run()
#12 /Applications/XAMPP/xamppfiles/htdocs/smarthospital-ivf/smarthospital-ivf/system/Commands/Server/rewrite.php(43): require_once('/Applications/X...')
#13 {main}
CRITICAL - 2021-11-23 09:23:39 --> Call to undefined function TL()
#0 /Applications/XAMPP/xamppfiles/htdocs/smarthospital-ivf/smarthospital-ivf/system/View/View.php(214): include()
#1 /Applications/XAMPP/xamppfiles/htdocs/smarthospital-ivf/smarthospital-ivf/system/View/View.php(217): CodeIgniter\View\View->CodeIgniter\View\{closure}()
#2 /Applications/XAMPP/xamppfiles/htdocs/smarthospital-ivf/smarthospital-ivf/system/Common.php(1097): CodeIgniter\View\View->render('tools/menubar', Array, true)
#3 /Applications/XAMPP/xamppfiles/htdocs/smarthospital-ivf/smarthospital-ivf/app/Views/patient/profile.php(24): view('tools/menubar')
#4 /Applications/XAMPP/xamppfiles/htdocs/smarthospital-ivf/smarthospital-ivf/system/View/View.php(214): include('/Applications/X...')
#5 /Applications/XAMPP/xamppfiles/htdocs/smarthospital-ivf/smarthospital-ivf/system/View/View.php(217): CodeIgniter\View\View->CodeIgniter\View\{closure}()
#6 /Applications/XAMPP/xamppfiles/htdocs/smarthospital-ivf/smarthospital-ivf/system/Common.php(1097): CodeIgniter\View\View->render('patient/profile', Array, true)
#7 /Applications/XAMPP/xamppfiles/htdocs/smarthospital-ivf/smarthospital-ivf/app/Controllers/patient.php(80): view('patient/profile', Array)
#8 /Applications/XAMPP/xamppfiles/htdocs/smarthospital-ivf/smarthospital-ivf/system/CodeIgniter.php(826): App\Controllers\Patient->profile()
#9 /Applications/XAMPP/xamppfiles/htdocs/smarthospital-ivf/smarthospital-ivf/system/CodeIgniter.php(412): CodeIgniter\CodeIgniter->runController(Object(App\Controllers\Patient))
#10 /Applications/XAMPP/xamppfiles/htdocs/smarthospital-ivf/smarthospital-ivf/system/CodeIgniter.php(320): CodeIgniter\CodeIgniter->handleRequest(NULL, Object(Config\Cache), false)
#11 /Applications/XAMPP/xamppfiles/htdocs/smarthospital-ivf/smarthospital-ivf/public/index.php(37): CodeIgniter\CodeIgniter->run()
#12 /Applications/XAMPP/xamppfiles/htdocs/smarthospital-ivf/smarthospital-ivf/system/Commands/Server/rewrite.php(43): require_once('/Applications/X...')
#13 {main}
CRITICAL - 2021-11-23 09:24:50 --> Call to undefined function TL()
#0 /Applications/XAMPP/xamppfiles/htdocs/smarthospital-ivf/smarthospital-ivf/system/View/View.php(214): include()
#1 /Applications/XAMPP/xamppfiles/htdocs/smarthospital-ivf/smarthospital-ivf/system/View/View.php(217): CodeIgniter\View\View->CodeIgniter\View\{closure}()
#2 /Applications/XAMPP/xamppfiles/htdocs/smarthospital-ivf/smarthospital-ivf/system/Common.php(1097): CodeIgniter\View\View->render('tools/menubar', Array, true)
#3 /Applications/XAMPP/xamppfiles/htdocs/smarthospital-ivf/smarthospital-ivf/app/Views/patient/profile.php(24): view('tools/menubar')
#4 /Applications/XAMPP/xamppfiles/htdocs/smarthospital-ivf/smarthospital-ivf/system/View/View.php(214): include('/Applications/X...')
#5 /Applications/XAMPP/xamppfiles/htdocs/smarthospital-ivf/smarthospital-ivf/system/View/View.php(217): CodeIgniter\View\View->CodeIgniter\View\{closure}()
#6 /Applications/XAMPP/xamppfiles/htdocs/smarthospital-ivf/smarthospital-ivf/system/Common.php(1097): CodeIgniter\View\View->render('patient/profile', Array, true)
#7 /Applications/XAMPP/xamppfiles/htdocs/smarthospital-ivf/smarthospital-ivf/app/Controllers/patient.php(80): view('patient/profile', Array)
#8 /Applications/XAMPP/xamppfiles/htdocs/smarthospital-ivf/smarthospital-ivf/system/CodeIgniter.php(826): App\Controllers\Patient->profile()
#9 /Applications/XAMPP/xamppfiles/htdocs/smarthospital-ivf/smarthospital-ivf/system/CodeIgniter.php(412): CodeIgniter\CodeIgniter->runController(Object(App\Controllers\Patient))
#10 /Applications/XAMPP/xamppfiles/htdocs/smarthospital-ivf/smarthospital-ivf/system/CodeIgniter.php(320): CodeIgniter\CodeIgniter->handleRequest(NULL, Object(Config\Cache), false)
#11 /Applications/XAMPP/xamppfiles/htdocs/smarthospital-ivf/smarthospital-ivf/public/index.php(37): CodeIgniter\CodeIgniter->run()
#12 /Applications/XAMPP/xamppfiles/htdocs/smarthospital-ivf/smarthospital-ivf/system/Commands/Server/rewrite.php(43): require_once('/Applications/X...')
#13 {main}
CRITICAL - 2021-11-23 10:21:21 --> Call to a member function getSegment() on null
#0 /Applications/XAMPP/xamppfiles/htdocs/smarthospital-ivf/smarthospital-ivf/system/View/View.php(214): include()
#1 /Applications/XAMPP/xamppfiles/htdocs/smarthospital-ivf/smarthospital-ivf/system/View/View.php(217): CodeIgniter\View\View->CodeIgniter\View\{closure}()
#2 /Applications/XAMPP/xamppfiles/htdocs/smarthospital-ivf/smarthospital-ivf/system/Common.php(1097): CodeIgniter\View\View->render('tools/menubar', Array, true)
#3 /Applications/XAMPP/xamppfiles/htdocs/smarthospital-ivf/smarthospital-ivf/app/Views/patient/profile.php(45): view('tools/menubar')
#4 /Applications/XAMPP/xamppfiles/htdocs/smarthospital-ivf/smarthospital-ivf/system/View/View.php(214): include('/Applications/X...')
#5 /Applications/XAMPP/xamppfiles/htdocs/smarthospital-ivf/smarthospital-ivf/system/View/View.php(217): CodeIgniter\View\View->CodeIgniter\View\{closure}()
#6 /Applications/XAMPP/xamppfiles/htdocs/smarthospital-ivf/smarthospital-ivf/system/Common.php(1097): CodeIgniter\View\View->render('patient/profile', Array, true)
#7 /Applications/XAMPP/xamppfiles/htdocs/smarthospital-ivf/smarthospital-ivf/app/Controllers/patient.php(80): view('patient/profile', Array)
#8 /Applications/XAMPP/xamppfiles/htdocs/smarthospital-ivf/smarthospital-ivf/system/CodeIgniter.php(826): App\Controllers\Patient->profile()
#9 /Applications/XAMPP/xamppfiles/htdocs/smarthospital-ivf/smarthospital-ivf/system/CodeIgniter.php(412): CodeIgniter\CodeIgniter->runController(Object(App\Controllers\Patient))
#10 /Applications/XAMPP/xamppfiles/htdocs/smarthospital-ivf/smarthospital-ivf/system/CodeIgniter.php(320): CodeIgniter\CodeIgniter->handleRequest(NULL, Object(Config\Cache), false)
#11 /Applications/XAMPP/xamppfiles/htdocs/smarthospital-ivf/smarthospital-ivf/public/index.php(37): CodeIgniter\CodeIgniter->run()
#12 /Applications/XAMPP/xamppfiles/htdocs/smarthospital-ivf/smarthospital-ivf/system/Commands/Server/rewrite.php(43): require_once('/Applications/X...')
#13 {main}
CRITICAL - 2021-11-23 10:24:44 --> Illegal string offset 'id_hn'
#0 /Applications/XAMPP/xamppfiles/htdocs/smarthospital-ivf/smarthospital-ivf/app/Views/tools/menubar.php(220): CodeIgniter\Debug\Exceptions->errorHandler(2, 'Illegal string ...', '/Applications/X...', 220, Array)
#1 /Applications/XAMPP/xamppfiles/htdocs/smarthospital-ivf/smarthospital-ivf/system/View/View.php(214): include('/Applications/X...')
#2 /Applications/XAMPP/xamppfiles/htdocs/smarthospital-ivf/smarthospital-ivf/system/View/View.php(217): CodeIgniter\View\View->CodeIgniter\View\{closure}()
#3 /Applications/XAMPP/xamppfiles/htdocs/smarthospital-ivf/smarthospital-ivf/system/Common.php(1097): CodeIgniter\View\View->render('tools/menubar', Array, true)
#4 /Applications/XAMPP/xamppfiles/htdocs/smarthospital-ivf/smarthospital-ivf/app/Views/patient/profile.php(48): view('tools/menubar', Array)
#5 /Applications/XAMPP/xamppfiles/htdocs/smarthospital-ivf/smarthospital-ivf/system/View/View.php(214): include('/Applications/X...')
#6 /Applications/XAMPP/xamppfiles/htdocs/smarthospital-ivf/smarthospital-ivf/system/View/View.php(217): CodeIgniter\View\View->CodeIgniter\View\{closure}()
#7 /Applications/XAMPP/xamppfiles/htdocs/smarthospital-ivf/smarthospital-ivf/system/Common.php(1097): CodeIgniter\View\View->render('patient/profile', Array, true)
#8 /Applications/XAMPP/xamppfiles/htdocs/smarthospital-ivf/smarthospital-ivf/app/Controllers/patient.php(80): view('patient/profile', Array)
#9 /Applications/XAMPP/xamppfiles/htdocs/smarthospital-ivf/smarthospital-ivf/system/CodeIgniter.php(826): App\Controllers\Patient->profile()
#10 /Applications/XAMPP/xamppfiles/htdocs/smarthospital-ivf/smarthospital-ivf/system/CodeIgniter.php(412): CodeIgniter\CodeIgniter->runController(Object(App\Controllers\Patient))
#11 /Applications/XAMPP/xamppfiles/htdocs/smarthospital-ivf/smarthospital-ivf/system/CodeIgniter.php(320): CodeIgniter\CodeIgniter->handleRequest(NULL, Object(Config\Cache), false)
#12 /Applications/XAMPP/xamppfiles/htdocs/smarthospital-ivf/smarthospital-ivf/public/index.php(37): CodeIgniter\CodeIgniter->run()
#13 /Applications/XAMPP/xamppfiles/htdocs/smarthospital-ivf/smarthospital-ivf/system/Commands/Server/rewrite.php(43): require_once('/Applications/X...')
#14 {main}
CRITICAL - 2021-11-23 10:31:26 --> Argument 2 passed to view() must be of the type array, null given, called in /Applications/XAMPP/xamppfiles/htdocs/smarthospital-ivf/smarthospital-ivf/app/Views/patient/profile.php on line 46
#0 /Applications/XAMPP/xamppfiles/htdocs/smarthospital-ivf/smarthospital-ivf/app/Views/patient/profile.php(46): view('tools/menubar', NULL)
#1 /Applications/XAMPP/xamppfiles/htdocs/smarthospital-ivf/smarthospital-ivf/system/View/View.php(214): include('/Applications/X...')
#2 /Applications/XAMPP/xamppfiles/htdocs/smarthospital-ivf/smarthospital-ivf/system/View/View.php(217): CodeIgniter\View\View->CodeIgniter\View\{closure}()
#3 /Applications/XAMPP/xamppfiles/htdocs/smarthospital-ivf/smarthospital-ivf/system/Common.php(1097): CodeIgniter\View\View->render('patient/profile', Array, true)
#4 /Applications/XAMPP/xamppfiles/htdocs/smarthospital-ivf/smarthospital-ivf/app/Controllers/patient.php(80): view('patient/profile', Array)
#5 /Applications/XAMPP/xamppfiles/htdocs/smarthospital-ivf/smarthospital-ivf/system/CodeIgniter.php(826): App\Controllers\Patient->profile()
#6 /Applications/XAMPP/xamppfiles/htdocs/smarthospital-ivf/smarthospital-ivf/system/CodeIgniter.php(412): CodeIgniter\CodeIgniter->runController(Object(App\Controllers\Patient))
#7 /Applications/XAMPP/xamppfiles/htdocs/smarthospital-ivf/smarthospital-ivf/system/CodeIgniter.php(320): CodeIgniter\CodeIgniter->handleRequest(NULL, Object(Config\Cache), false)
#8 /Applications/XAMPP/xamppfiles/htdocs/smarthospital-ivf/smarthospital-ivf/public/index.php(37): CodeIgniter\CodeIgniter->run()
#9 /Applications/XAMPP/xamppfiles/htdocs/smarthospital-ivf/smarthospital-ivf/system/Commands/Server/rewrite.php(43): require_once('/Applications/X...')
#10 {main}
CRITICAL - 2021-11-23 10:31:44 --> Argument 2 passed to view() must be of the type array, null given, called in /Applications/XAMPP/xamppfiles/htdocs/smarthospital-ivf/smarthospital-ivf/app/Views/patient/profile.php on line 47
#0 /Applications/XAMPP/xamppfiles/htdocs/smarthospital-ivf/smarthospital-ivf/app/Views/patient/profile.php(47): view('tools/menubar', NULL)
#1 /Applications/XAMPP/xamppfiles/htdocs/smarthospital-ivf/smarthospital-ivf/system/View/View.php(214): include('/Applications/X...')
#2 /Applications/XAMPP/xamppfiles/htdocs/smarthospital-ivf/smarthospital-ivf/system/View/View.php(217): CodeIgniter\View\View->CodeIgniter\View\{closure}()
#3 /Applications/XAMPP/xamppfiles/htdocs/smarthospital-ivf/smarthospital-ivf/system/Common.php(1097): CodeIgniter\View\View->render('patient/profile', Array, true)
#4 /Applications/XAMPP/xamppfiles/htdocs/smarthospital-ivf/smarthospital-ivf/app/Controllers/patient.php(80): view('patient/profile', Array)
#5 /Applications/XAMPP/xamppfiles/htdocs/smarthospital-ivf/smarthospital-ivf/system/CodeIgniter.php(826): App\Controllers\Patient->profile()
#6 /Applications/XAMPP/xamppfiles/htdocs/smarthospital-ivf/smarthospital-ivf/system/CodeIgniter.php(412): CodeIgniter\CodeIgniter->runController(Object(App\Controllers\Patient))
#7 /Applications/XAMPP/xamppfiles/htdocs/smarthospital-ivf/smarthospital-ivf/system/CodeIgniter.php(320): CodeIgniter\CodeIgniter->handleRequest(NULL, Object(Config\Cache), false)
#8 /Applications/XAMPP/xamppfiles/htdocs/smarthospital-ivf/smarthospital-ivf/public/index.php(37): CodeIgniter\CodeIgniter->run()
#9 /Applications/XAMPP/xamppfiles/htdocs/smarthospital-ivf/smarthospital-ivf/system/Commands/Server/rewrite.php(43): require_once('/Applications/X...')
#10 {main}
CRITICAL - 2021-11-23 10:31:50 --> Argument 2 passed to view() must be of the type array, int given, called in /Applications/XAMPP/xamppfiles/htdocs/smarthospital-ivf/smarthospital-ivf/app/Views/patient/profile.php on line 47
#0 /Applications/XAMPP/xamppfiles/htdocs/smarthospital-ivf/smarthospital-ivf/app/Views/patient/profile.php(47): view('tools/menubar', 1)
#1 /Applications/XAMPP/xamppfiles/htdocs/smarthospital-ivf/smarthospital-ivf/system/View/View.php(214): include('/Applications/X...')
#2 /Applications/XAMPP/xamppfiles/htdocs/smarthospital-ivf/smarthospital-ivf/system/View/View.php(217): CodeIgniter\View\View->CodeIgniter\View\{closure}()
#3 /Applications/XAMPP/xamppfiles/htdocs/smarthospital-ivf/smarthospital-ivf/system/Common.php(1097): CodeIgniter\View\View->render('patient/profile', Array, true)
#4 /Applications/XAMPP/xamppfiles/htdocs/smarthospital-ivf/smarthospital-ivf/app/Controllers/patient.php(80): view('patient/profile', Array)
#5 /Applications/XAMPP/xamppfiles/htdocs/smarthospital-ivf/smarthospital-ivf/system/CodeIgniter.php(826): App\Controllers\Patient->profile()
#6 /Applications/XAMPP/xamppfiles/htdocs/smarthospital-ivf/smarthospital-ivf/system/CodeIgniter.php(412): CodeIgniter\CodeIgniter->runController(Object(App\Controllers\Patient))
#7 /Applications/XAMPP/xamppfiles/htdocs/smarthospital-ivf/smarthospital-ivf/system/CodeIgniter.php(320): CodeIgniter\CodeIgniter->handleRequest(NULL, Object(Config\Cache), false)
#8 /Applications/XAMPP/xamppfiles/htdocs/smarthospital-ivf/smarthospital-ivf/public/index.php(37): CodeIgniter\CodeIgniter->run()
#9 /Applications/XAMPP/xamppfiles/htdocs/smarthospital-ivf/smarthospital-ivf/system/Commands/Server/rewrite.php(43): require_once('/Applications/X...')
#10 {main}
CRITICAL - 2021-11-23 10:31:58 --> Argument 2 passed to view() must be of the type array, int given, called in /Applications/XAMPP/xamppfiles/htdocs/smarthospital-ivf/smarthospital-ivf/app/Views/patient/profile.php on line 47
#0 /Applications/XAMPP/xamppfiles/htdocs/smarthospital-ivf/smarthospital-ivf/app/Views/patient/profile.php(47): view('tools/menubar', 1)
#1 /Applications/XAMPP/xamppfiles/htdocs/smarthospital-ivf/smarthospital-ivf/system/View/View.php(214): include('/Applications/X...')
#2 /Applications/XAMPP/xamppfiles/htdocs/smarthospital-ivf/smarthospital-ivf/system/View/View.php(217): CodeIgniter\View\View->CodeIgniter\View\{closure}()
#3 /Applications/XAMPP/xamppfiles/htdocs/smarthospital-ivf/smarthospital-ivf/system/Common.php(1097): CodeIgniter\View\View->render('patient/profile', Array, true)
#4 /Applications/XAMPP/xamppfiles/htdocs/smarthospital-ivf/smarthospital-ivf/app/Controllers/patient.php(80): view('patient/profile', Array)
#5 /Applications/XAMPP/xamppfiles/htdocs/smarthospital-ivf/smarthospital-ivf/system/CodeIgniter.php(826): App\Controllers\Patient->profile()
#6 /Applications/XAMPP/xamppfiles/htdocs/smarthospital-ivf/smarthospital-ivf/system/CodeIgniter.php(412): CodeIgniter\CodeIgniter->runController(Object(App\Controllers\Patient))
#7 /Applications/XAMPP/xamppfiles/htdocs/smarthospital-ivf/smarthospital-ivf/system/CodeIgniter.php(320): CodeIgniter\CodeIgniter->handleRequest(NULL, Object(Config\Cache), false)
#8 /Applications/XAMPP/xamppfiles/htdocs/smarthospital-ivf/smarthospital-ivf/public/index.php(37): CodeIgniter\CodeIgniter->run()
#9 /Applications/XAMPP/xamppfiles/htdocs/smarthospital-ivf/smarthospital-ivf/system/Commands/Server/rewrite.php(43): require_once('/Applications/X...')
#10 {main}
CRITICAL - 2021-11-23 10:32:09 --> Argument 2 passed to view() must be of the type array, null given, called in /Applications/XAMPP/xamppfiles/htdocs/smarthospital-ivf/smarthospital-ivf/app/Views/patient/profile.php on line 47
#0 /Applications/XAMPP/xamppfiles/htdocs/smarthospital-ivf/smarthospital-ivf/app/Views/patient/profile.php(47): view('tools/menubar', NULL)
#1 /Applications/XAMPP/xamppfiles/htdocs/smarthospital-ivf/smarthospital-ivf/system/View/View.php(214): include('/Applications/X...')
#2 /Applications/XAMPP/xamppfiles/htdocs/smarthospital-ivf/smarthospital-ivf/system/View/View.php(217): CodeIgniter\View\View->CodeIgniter\View\{closure}()
#3 /Applications/XAMPP/xamppfiles/htdocs/smarthospital-ivf/smarthospital-ivf/system/Common.php(1097): CodeIgniter\View\View->render('patient/profile', Array, true)
#4 /Applications/XAMPP/xamppfiles/htdocs/smarthospital-ivf/smarthospital-ivf/app/Controllers/patient.php(80): view('patient/profile', Array)
#5 /Applications/XAMPP/xamppfiles/htdocs/smarthospital-ivf/smarthospital-ivf/system/CodeIgniter.php(826): App\Controllers\Patient->profile()
#6 /Applications/XAMPP/xamppfiles/htdocs/smarthospital-ivf/smarthospital-ivf/system/CodeIgniter.php(412): CodeIgniter\CodeIgniter->runController(Object(App\Controllers\Patient))
#7 /Applications/XAMPP/xamppfiles/htdocs/smarthospital-ivf/smarthospital-ivf/system/CodeIgniter.php(320): CodeIgniter\CodeIgniter->handleRequest(NULL, Object(Config\Cache), false)
#8 /Applications/XAMPP/xamppfiles/htdocs/smarthospital-ivf/smarthospital-ivf/public/index.php(37): CodeIgniter\CodeIgniter->run()
#9 /Applications/XAMPP/xamppfiles/htdocs/smarthospital-ivf/smarthospital-ivf/system/Commands/Server/rewrite.php(43): require_once('/Applications/X...')
#10 {main}
CRITICAL - 2021-11-23 10:32:30 --> Argument 2 passed to view() must be of the type array, null given, called in /Applications/XAMPP/xamppfiles/htdocs/smarthospital-ivf/smarthospital-ivf/app/Views/patient/profile.php on line 45
#0 /Applications/XAMPP/xamppfiles/htdocs/smarthospital-ivf/smarthospital-ivf/app/Views/patient/profile.php(45): view('tools/menubar', NULL)
#1 /Applications/XAMPP/xamppfiles/htdocs/smarthospital-ivf/smarthospital-ivf/system/View/View.php(214): include('/Applications/X...')
#2 /Applications/XAMPP/xamppfiles/htdocs/smarthospital-ivf/smarthospital-ivf/system/View/View.php(217): CodeIgniter\View\View->CodeIgniter\View\{closure}()
#3 /Applications/XAMPP/xamppfiles/htdocs/smarthospital-ivf/smarthospital-ivf/system/Common.php(1097): CodeIgniter\View\View->render('patient/profile', Array, true)
#4 /Applications/XAMPP/xamppfiles/htdocs/smarthospital-ivf/smarthospital-ivf/app/Controllers/patient.php(80): view('patient/profile', Array)
#5 /Applications/XAMPP/xamppfiles/htdocs/smarthospital-ivf/smarthospital-ivf/system/CodeIgniter.php(826): App\Controllers\Patient->profile()
#6 /Applications/XAMPP/xamppfiles/htdocs/smarthospital-ivf/smarthospital-ivf/system/CodeIgniter.php(412): CodeIgniter\CodeIgniter->runController(Object(App\Controllers\Patient))
#7 /Applications/XAMPP/xamppfiles/htdocs/smarthospital-ivf/smarthospital-ivf/system/CodeIgniter.php(320): CodeIgniter\CodeIgniter->handleRequest(NULL, Object(Config\Cache), false)
#8 /Applications/XAMPP/xamppfiles/htdocs/smarthospital-ivf/smarthospital-ivf/public/index.php(37): CodeIgniter\CodeIgniter->run()
#9 /Applications/XAMPP/xamppfiles/htdocs/smarthospital-ivf/smarthospital-ivf/system/Commands/Server/rewrite.php(43): require_once('/Applications/X...')
#10 {main}
CRITICAL - 2021-11-23 10:32:35 --> Argument 2 passed to view() must be of the type array, null given, called in /Applications/XAMPP/xamppfiles/htdocs/smarthospital-ivf/smarthospital-ivf/app/Views/patient/profile.php on line 45
#0 /Applications/XAMPP/xamppfiles/htdocs/smarthospital-ivf/smarthospital-ivf/app/Views/patient/profile.php(45): view('tools/menubar', NULL)
#1 /Applications/XAMPP/xamppfiles/htdocs/smarthospital-ivf/smarthospital-ivf/system/View/View.php(214): include('/Applications/X...')
#2 /Applications/XAMPP/xamppfiles/htdocs/smarthospital-ivf/smarthospital-ivf/system/View/View.php(217): CodeIgniter\View\View->CodeIgniter\View\{closure}()
#3 /Applications/XAMPP/xamppfiles/htdocs/smarthospital-ivf/smarthospital-ivf/system/Common.php(1097): CodeIgniter\View\View->render('patient/profile', Array, true)
#4 /Applications/XAMPP/xamppfiles/htdocs/smarthospital-ivf/smarthospital-ivf/app/Controllers/patient.php(80): view('patient/profile', Array)
#5 /Applications/XAMPP/xamppfiles/htdocs/smarthospital-ivf/smarthospital-ivf/system/CodeIgniter.php(826): App\Controllers\Patient->profile()
#6 /Applications/XAMPP/xamppfiles/htdocs/smarthospital-ivf/smarthospital-ivf/system/CodeIgniter.php(412): CodeIgniter\CodeIgniter->runController(Object(App\Controllers\Patient))
#7 /Applications/XAMPP/xamppfiles/htdocs/smarthospital-ivf/smarthospital-ivf/system/CodeIgniter.php(320): CodeIgniter\CodeIgniter->handleRequest(NULL, Object(Config\Cache), false)
#8 /Applications/XAMPP/xamppfiles/htdocs/smarthospital-ivf/smarthospital-ivf/public/index.php(37): CodeIgniter\CodeIgniter->run()
#9 /Applications/XAMPP/xamppfiles/htdocs/smarthospital-ivf/smarthospital-ivf/system/Commands/Server/rewrite.php(43): require_once('/Applications/X...')
#10 {main}
CRITICAL - 2021-11-23 10:33:22 --> print_r() expects at least 1 parameter, 0 given
#0 [internal function]: CodeIgniter\Debug\Exceptions->errorHandler(2, 'print_r() expec...', '/Applications/X...', 220, Array)
#1 /Applications/XAMPP/xamppfiles/htdocs/smarthospital-ivf/smarthospital-ivf/app/Views/tools/menubar.php(220): print_r()
#2 /Applications/XAMPP/xamppfiles/htdocs/smarthospital-ivf/smarthospital-ivf/system/View/View.php(214): include('/Applications/X...')
#3 /Applications/XAMPP/xamppfiles/htdocs/smarthospital-ivf/smarthospital-ivf/system/View/View.php(217): CodeIgniter\View\View->CodeIgniter\View\{closure}()
#4 /Applications/XAMPP/xamppfiles/htdocs/smarthospital-ivf/smarthospital-ivf/system/Common.php(1097): CodeIgniter\View\View->render('tools/menubar', Array, true)
#5 /Applications/XAMPP/xamppfiles/htdocs/smarthospital-ivf/smarthospital-ivf/app/Views/patient/profile.php(45): view('tools/menubar', Array)
#6 /Applications/XAMPP/xamppfiles/htdocs/smarthospital-ivf/smarthospital-ivf/system/View/View.php(214): include('/Applications/X...')
#7 /Applications/XAMPP/xamppfiles/htdocs/smarthospital-ivf/smarthospital-ivf/system/View/View.php(217): CodeIgniter\View\View->CodeIgniter\View\{closure}()
#8 /Applications/XAMPP/xamppfiles/htdocs/smarthospital-ivf/smarthospital-ivf/system/Common.php(1097): CodeIgniter\View\View->render('patient/profile', Array, true)
#9 /Applications/XAMPP/xamppfiles/htdocs/smarthospital-ivf/smarthospital-ivf/app/Controllers/patient.php(80): view('patient/profile', Array)
#10 /Applications/XAMPP/xamppfiles/htdocs/smarthospital-ivf/smarthospital-ivf/system/CodeIgniter.php(826): App\Controllers\Patient->profile()
#11 /Applications/XAMPP/xamppfiles/htdocs/smarthospital-ivf/smarthospital-ivf/system/CodeIgniter.php(412): CodeIgniter\CodeIgniter->runController(Object(App\Controllers\Patient))
#12 /Applications/XAMPP/xamppfiles/htdocs/smarthospital-ivf/smarthospital-ivf/system/CodeIgniter.php(320): CodeIgniter\CodeIgniter->handleRequest(NULL, Object(Config\Cache), false)
#13 /Applications/XAMPP/xamppfiles/htdocs/smarthospital-ivf/smarthospital-ivf/public/index.php(37): CodeIgniter\CodeIgniter->run()
#14 /Applications/XAMPP/xamppfiles/htdocs/smarthospital-ivf/smarthospital-ivf/system/Commands/Server/rewrite.php(43): require_once('/Applications/X...')
#15 {main}
CRITICAL - 2021-11-23 10:33:25 --> syntax error, unexpected ')', expecting variable (T_VARIABLE) or '{' or '$'
#0 /Applications/XAMPP/xamppfiles/htdocs/smarthospital-ivf/smarthospital-ivf/system/View/View.php(217): CodeIgniter\View\View->CodeIgniter\View\{closure}()
#1 /Applications/XAMPP/xamppfiles/htdocs/smarthospital-ivf/smarthospital-ivf/system/Common.php(1097): CodeIgniter\View\View->render('tools/menubar', Array, true)
#2 /Applications/XAMPP/xamppfiles/htdocs/smarthospital-ivf/smarthospital-ivf/app/Views/patient/profile.php(45): view('tools/menubar', Array)
#3 /Applications/XAMPP/xamppfiles/htdocs/smarthospital-ivf/smarthospital-ivf/system/View/View.php(214): include('/Applications/X...')
#4 /Applications/XAMPP/xamppfiles/htdocs/smarthospital-ivf/smarthospital-ivf/system/View/View.php(217): CodeIgniter\View\View->CodeIgniter\View\{closure}()
#5 /Applications/XAMPP/xamppfiles/htdocs/smarthospital-ivf/smarthospital-ivf/system/Common.php(1097): CodeIgniter\View\View->render('patient/profile', Array, true)
#6 /Applications/XAMPP/xamppfiles/htdocs/smarthospital-ivf/smarthospital-ivf/app/Controllers/patient.php(80): view('patient/profile', Array)
#7 /Applications/XAMPP/xamppfiles/htdocs/smarthospital-ivf/smarthospital-ivf/system/CodeIgniter.php(826): App\Controllers\Patient->profile()
#8 /Applications/XAMPP/xamppfiles/htdocs/smarthospital-ivf/smarthospital-ivf/system/CodeIgniter.php(412): CodeIgniter\CodeIgniter->runController(Object(App\Controllers\Patient))
#9 /Applications/XAMPP/xamppfiles/htdocs/smarthospital-ivf/smarthospital-ivf/system/CodeIgniter.php(320): CodeIgniter\CodeIgniter->handleRequest(NULL, Object(Config\Cache), false)
#10 /Applications/XAMPP/xamppfiles/htdocs/smarthospital-ivf/smarthospital-ivf/public/index.php(37): CodeIgniter\CodeIgniter->run()
#11 /Applications/XAMPP/xamppfiles/htdocs/smarthospital-ivf/smarthospital-ivf/system/Commands/Server/rewrite.php(43): require_once('/Applications/X...')
#12 {main}
CRITICAL - 2021-11-23 10:35:31 --> syntax error, unexpected ']'
#0 /Applications/XAMPP/xamppfiles/htdocs/smarthospital-ivf/smarthospital-ivf/system/View/View.php(217): CodeIgniter\View\View->CodeIgniter\View\{closure}()
#1 /Applications/XAMPP/xamppfiles/htdocs/smarthospital-ivf/smarthospital-ivf/system/Common.php(1097): CodeIgniter\View\View->render('patient/profile', Array, true)
#2 /Applications/XAMPP/xamppfiles/htdocs/smarthospital-ivf/smarthospital-ivf/app/Controllers/patient.php(80): view('patient/profile', Array)
#3 /Applications/XAMPP/xamppfiles/htdocs/smarthospital-ivf/smarthospital-ivf/system/CodeIgniter.php(826): App\Controllers\Patient->profile()
#4 /Applications/XAMPP/xamppfiles/htdocs/smarthospital-ivf/smarthospital-ivf/system/CodeIgniter.php(412): CodeIgniter\CodeIgniter->runController(Object(App\Controllers\Patient))
#5 /Applications/XAMPP/xamppfiles/htdocs/smarthospital-ivf/smarthospital-ivf/system/CodeIgniter.php(320): CodeIgniter\CodeIgniter->handleRequest(NULL, Object(Config\Cache), false)
#6 /Applications/XAMPP/xamppfiles/htdocs/smarthospital-ivf/smarthospital-ivf/public/index.php(37): CodeIgniter\CodeIgniter->run()
#7 /Applications/XAMPP/xamppfiles/htdocs/smarthospital-ivf/smarthospital-ivf/system/Commands/Server/rewrite.php(43): require_once('/Applications/X...')
#8 {main}
ERROR - 2021-11-23 11:21:25 --> You have an error in your SQL syntax; check the manual that corresponds to your MariaDB server version for the right syntax to use near 'IS NULL' at line 2
