ERROR - 2021-11-22 00:00:33 --> You have an error in your SQL syntax; check the manual that corresponds to your MariaDB server version for the right syntax to use near '%"
ORDER BY `HN` DESC
 LIMIT 1' at line 3
CRITICAL - 2021-11-22 00:00:33 --> Call to a member function getResultArray() on bool
#0 C:\xampp\htdocs\smarthospital-ivf\app\Helpers\generate_helper.php(35): App\Models\DataModel->selectAll(Array)
#1 C:\xampp\htdocs\smarthospital-ivf\app\Controllers\Patient.php(90): genHN()
#2 C:\xampp\htdocs\smarthospital-ivf\system\CodeIgniter.php(826): App\Controllers\Patient->add()
#3 C:\xampp\htdocs\smarthospital-ivf\system\CodeIgniter.php(412): CodeIgniter\CodeIgniter->runController(Object(App\Controllers\Patient))
#4 C:\xampp\htdocs\smarthospital-ivf\system\CodeIgniter.php(320): CodeIgniter\CodeIgniter->handleRequest(NULL, Object(Config\Cache), false)
#5 C:\xampp\htdocs\smarthospital-ivf\public\index.php(37): CodeIgniter\CodeIgniter->run()
#6 C:\xampp\htdocs\smarthospital-ivf\system\Commands\Server\rewrite.php(43): require_once('C:\\xampp\\htdocs...')
#7 {main}
ERROR - 2021-11-22 00:01:02 --> You have an error in your SQL syntax; check the manual that corresponds to your MariaDB server version for the right syntax to use near '%"
ORDER BY `HN` DESC
 LIMIT 1' at line 3
CRITICAL - 2021-11-22 00:01:02 --> Call to a member function getResultArray() on bool
#0 C:\xampp\htdocs\smarthospital-ivf\app\Helpers\generate_helper.php(35): App\Models\DataModel->selectAll(Array)
#1 C:\xampp\htdocs\smarthospital-ivf\app\Controllers\Patient.php(90): genHN()
#2 C:\xampp\htdocs\smarthospital-ivf\system\CodeIgniter.php(826): App\Controllers\Patient->add()
#3 C:\xampp\htdocs\smarthospital-ivf\system\CodeIgniter.php(412): CodeIgniter\CodeIgniter->runController(Object(App\Controllers\Patient))
#4 C:\xampp\htdocs\smarthospital-ivf\system\CodeIgniter.php(320): CodeIgniter\CodeIgniter->handleRequest(NULL, Object(Config\Cache), false)
#5 C:\xampp\htdocs\smarthospital-ivf\public\index.php(37): CodeIgniter\CodeIgniter->run()
#6 C:\xampp\htdocs\smarthospital-ivf\system\Commands\Server\rewrite.php(43): require_once('C:\\xampp\\htdocs...')
#7 {main}
CRITICAL - 2021-11-22 00:06:48 --> Call to undefined function emtpy()
#0 C:\xampp\htdocs\smarthospital-ivf\app\Controllers\Patient.php(90): genHN()
#1 C:\xampp\htdocs\smarthospital-ivf\system\CodeIgniter.php(826): App\Controllers\Patient->add()
#2 C:\xampp\htdocs\smarthospital-ivf\system\CodeIgniter.php(412): CodeIgniter\CodeIgniter->runController(Object(App\Controllers\Patient))
#3 C:\xampp\htdocs\smarthospital-ivf\system\CodeIgniter.php(320): CodeIgniter\CodeIgniter->handleRequest(NULL, Object(Config\Cache), false)
#4 C:\xampp\htdocs\smarthospital-ivf\public\index.php(37): CodeIgniter\CodeIgniter->run()
#5 C:\xampp\htdocs\smarthospital-ivf\system\Commands\Server\rewrite.php(43): require_once('C:\\xampp\\htdocs...')
#6 {main}
CRITICAL - 2021-11-22 00:07:25 --> Call to undefined function emtpy()
#0 C:\xampp\htdocs\smarthospital-ivf\app\Controllers\Patient.php(90): genHN()
#1 C:\xampp\htdocs\smarthospital-ivf\system\CodeIgniter.php(826): App\Controllers\Patient->add()
#2 C:\xampp\htdocs\smarthospital-ivf\system\CodeIgniter.php(412): CodeIgniter\CodeIgniter->runController(Object(App\Controllers\Patient))
#3 C:\xampp\htdocs\smarthospital-ivf\system\CodeIgniter.php(320): CodeIgniter\CodeIgniter->handleRequest(NULL, Object(Config\Cache), false)
#4 C:\xampp\htdocs\smarthospital-ivf\public\index.php(37): CodeIgniter\CodeIgniter->run()
#5 C:\xampp\htdocs\smarthospital-ivf\system\Commands\Server\rewrite.php(43): require_once('C:\\xampp\\htdocs...')
#6 {main}
CRITICAL - 2021-11-22 00:07:33 --> Call to undefined function emtpy()
#0 C:\xampp\htdocs\smarthospital-ivf\app\Controllers\Patient.php(90): genHN()
#1 C:\xampp\htdocs\smarthospital-ivf\system\CodeIgniter.php(826): App\Controllers\Patient->add()
#2 C:\xampp\htdocs\smarthospital-ivf\system\CodeIgniter.php(412): CodeIgniter\CodeIgniter->runController(Object(App\Controllers\Patient))
#3 C:\xampp\htdocs\smarthospital-ivf\system\CodeIgniter.php(320): CodeIgniter\CodeIgniter->handleRequest(NULL, Object(Config\Cache), false)
#4 C:\xampp\htdocs\smarthospital-ivf\public\index.php(37): CodeIgniter\CodeIgniter->run()
#5 C:\xampp\htdocs\smarthospital-ivf\system\Commands\Server\rewrite.php(43): require_once('C:\\xampp\\htdocs...')
#6 {main}
CRITICAL - 2021-11-22 00:07:38 --> Call to undefined function emtpy()
#0 C:\xampp\htdocs\smarthospital-ivf\app\Controllers\Patient.php(90): genHN()
#1 C:\xampp\htdocs\smarthospital-ivf\system\CodeIgniter.php(826): App\Controllers\Patient->add()
#2 C:\xampp\htdocs\smarthospital-ivf\system\CodeIgniter.php(412): CodeIgniter\CodeIgniter->runController(Object(App\Controllers\Patient))
#3 C:\xampp\htdocs\smarthospital-ivf\system\CodeIgniter.php(320): CodeIgniter\CodeIgniter->handleRequest(NULL, Object(Config\Cache), false)
#4 C:\xampp\htdocs\smarthospital-ivf\public\index.php(37): CodeIgniter\CodeIgniter->run()
#5 C:\xampp\htdocs\smarthospital-ivf\system\Commands\Server\rewrite.php(43): require_once('C:\\xampp\\htdocs...')
#6 {main}
CRITICAL - 2021-11-22 00:07:51 --> Call to undefined function emtpy()
#0 C:\xampp\htdocs\smarthospital-ivf\app\Controllers\Patient.php(90): genHN()
#1 C:\xampp\htdocs\smarthospital-ivf\system\CodeIgniter.php(826): App\Controllers\Patient->add()
#2 C:\xampp\htdocs\smarthospital-ivf\system\CodeIgniter.php(412): CodeIgniter\CodeIgniter->runController(Object(App\Controllers\Patient))
#3 C:\xampp\htdocs\smarthospital-ivf\system\CodeIgniter.php(320): CodeIgniter\CodeIgniter->handleRequest(NULL, Object(Config\Cache), false)
#4 C:\xampp\htdocs\smarthospital-ivf\public\index.php(37): CodeIgniter\CodeIgniter->run()
#5 C:\xampp\htdocs\smarthospital-ivf\system\Commands\Server\rewrite.php(43): require_once('C:\\xampp\\htdocs...')
#6 {main}
CRITICAL - 2021-11-22 00:07:55 --> Call to undefined function emtpy()
#0 C:\xampp\htdocs\smarthospital-ivf\app\Controllers\Patient.php(90): genHN()
#1 C:\xampp\htdocs\smarthospital-ivf\system\CodeIgniter.php(826): App\Controllers\Patient->add()
#2 C:\xampp\htdocs\smarthospital-ivf\system\CodeIgniter.php(412): CodeIgniter\CodeIgniter->runController(Object(App\Controllers\Patient))
#3 C:\xampp\htdocs\smarthospital-ivf\system\CodeIgniter.php(320): CodeIgniter\CodeIgniter->handleRequest(NULL, Object(Config\Cache), false)
#4 C:\xampp\htdocs\smarthospital-ivf\public\index.php(37): CodeIgniter\CodeIgniter->run()
#5 C:\xampp\htdocs\smarthospital-ivf\system\Commands\Server\rewrite.php(43): require_once('C:\\xampp\\htdocs...')
#6 {main}
CRITICAL - 2021-11-22 00:08:33 --> Call to undefined function emtpy()
#0 C:\xampp\htdocs\smarthospital-ivf\app\Controllers\Patient.php(90): genHN()
#1 C:\xampp\htdocs\smarthospital-ivf\system\CodeIgniter.php(826): App\Controllers\Patient->add()
#2 C:\xampp\htdocs\smarthospital-ivf\system\CodeIgniter.php(412): CodeIgniter\CodeIgniter->runController(Object(App\Controllers\Patient))
#3 C:\xampp\htdocs\smarthospital-ivf\system\CodeIgniter.php(320): CodeIgniter\CodeIgniter->handleRequest(NULL, Object(Config\Cache), false)
#4 C:\xampp\htdocs\smarthospital-ivf\public\index.php(37): CodeIgniter\CodeIgniter->run()
#5 C:\xampp\htdocs\smarthospital-ivf\system\Commands\Server\rewrite.php(43): require_once('C:\\xampp\\htdocs...')
#6 {main}
CRITICAL - 2021-11-22 00:11:32 --> syntax error, unexpected ';'
#0 C:\xampp\htdocs\smarthospital-ivf\system\Controller.php(85): helper(Array)
#1 C:\xampp\htdocs\smarthospital-ivf\system\CodeIgniter.php(804): CodeIgniter\Controller->initController(Object(CodeIgniter\HTTP\IncomingRequest), Object(CodeIgniter\HTTP\Response), Object(CodeIgniter\Log\Logger))
#2 C:\xampp\htdocs\smarthospital-ivf\system\CodeIgniter.php(403): CodeIgniter\CodeIgniter->createController()
#3 C:\xampp\htdocs\smarthospital-ivf\system\CodeIgniter.php(320): CodeIgniter\CodeIgniter->handleRequest(NULL, Object(Config\Cache), false)
#4 C:\xampp\htdocs\smarthospital-ivf\public\index.php(37): CodeIgniter\CodeIgniter->run()
#5 C:\xampp\htdocs\smarthospital-ivf\system\Commands\Server\rewrite.php(43): require_once('C:\\xampp\\htdocs...')
#6 {main}
CRITICAL - 2021-11-22 00:22:15 --> Call to undefined method CodeIgniter\Database\MySQLi\Builder::getInsertID()
#0 C:\xampp\htdocs\smarthospital-ivf\app\Controllers\Patient.php(131): App\Models\DataModel->insertData('tb_patient', Array)
#1 C:\xampp\htdocs\smarthospital-ivf\system\CodeIgniter.php(826): App\Controllers\Patient->add()
#2 C:\xampp\htdocs\smarthospital-ivf\system\CodeIgniter.php(412): CodeIgniter\CodeIgniter->runController(Object(App\Controllers\Patient))
#3 C:\xampp\htdocs\smarthospital-ivf\system\CodeIgniter.php(320): CodeIgniter\CodeIgniter->handleRequest(NULL, Object(Config\Cache), false)
#4 C:\xampp\htdocs\smarthospital-ivf\public\index.php(37): CodeIgniter\CodeIgniter->run()
#5 C:\xampp\htdocs\smarthospital-ivf\system\Commands\Server\rewrite.php(43): require_once('C:\\xampp\\htdocs...')
#6 {main}
CRITICAL - 2021-11-22 00:22:53 --> Call to undefined method CodeIgniter\Database\MySQLi\Builder::getInsertID()
#0 C:\xampp\htdocs\smarthospital-ivf\app\Controllers\Patient.php(131): App\Models\DataModel->insertData('tb_patient', Array)
#1 C:\xampp\htdocs\smarthospital-ivf\system\CodeIgniter.php(826): App\Controllers\Patient->add()
#2 C:\xampp\htdocs\smarthospital-ivf\system\CodeIgniter.php(412): CodeIgniter\CodeIgniter->runController(Object(App\Controllers\Patient))
#3 C:\xampp\htdocs\smarthospital-ivf\system\CodeIgniter.php(320): CodeIgniter\CodeIgniter->handleRequest(NULL, Object(Config\Cache), false)
#4 C:\xampp\htdocs\smarthospital-ivf\public\index.php(37): CodeIgniter\CodeIgniter->run()
#5 C:\xampp\htdocs\smarthospital-ivf\system\Commands\Server\rewrite.php(43): require_once('C:\\xampp\\htdocs...')
#6 {main}
CRITICAL - 2021-11-22 00:22:57 --> Call to undefined method CodeIgniter\Database\MySQLi\Builder::getInsertID()
#0 C:\xampp\htdocs\smarthospital-ivf\app\Controllers\Patient.php(131): App\Models\DataModel->insertData('tb_patient', Array)
#1 C:\xampp\htdocs\smarthospital-ivf\system\CodeIgniter.php(826): App\Controllers\Patient->add()
#2 C:\xampp\htdocs\smarthospital-ivf\system\CodeIgniter.php(412): CodeIgniter\CodeIgniter->runController(Object(App\Controllers\Patient))
#3 C:\xampp\htdocs\smarthospital-ivf\system\CodeIgniter.php(320): CodeIgniter\CodeIgniter->handleRequest(NULL, Object(Config\Cache), false)
#4 C:\xampp\htdocs\smarthospital-ivf\public\index.php(37): CodeIgniter\CodeIgniter->run()
#5 C:\xampp\htdocs\smarthospital-ivf\system\Commands\Server\rewrite.php(43): require_once('C:\\xampp\\htdocs...')
#6 {main}
CRITICAL - 2021-11-22 00:23:05 --> Call to undefined method CodeIgniter\Database\MySQLi\Builder::getInsertID()
#0 C:\xampp\htdocs\smarthospital-ivf\app\Controllers\Patient.php(131): App\Models\DataModel->insertData('tb_patient', Array)
#1 C:\xampp\htdocs\smarthospital-ivf\system\CodeIgniter.php(826): App\Controllers\Patient->add()
#2 C:\xampp\htdocs\smarthospital-ivf\system\CodeIgniter.php(412): CodeIgniter\CodeIgniter->runController(Object(App\Controllers\Patient))
#3 C:\xampp\htdocs\smarthospital-ivf\system\CodeIgniter.php(320): CodeIgniter\CodeIgniter->handleRequest(NULL, Object(Config\Cache), false)
#4 C:\xampp\htdocs\smarthospital-ivf\public\index.php(37): CodeIgniter\CodeIgniter->run()
#5 C:\xampp\htdocs\smarthospital-ivf\system\Commands\Server\rewrite.php(43): require_once('C:\\xampp\\htdocs...')
#6 {main}
CRITICAL - 2021-11-22 00:24:23 --> Call to undefined method CodeIgniter\Database\MySQLi\Builder::getInsertID()
#0 C:\xampp\htdocs\smarthospital-ivf\app\Controllers\Patient.php(131): App\Models\DataModel->insertData('tb_patient', Array)
#1 C:\xampp\htdocs\smarthospital-ivf\system\CodeIgniter.php(826): App\Controllers\Patient->add()
#2 C:\xampp\htdocs\smarthospital-ivf\system\CodeIgniter.php(412): CodeIgniter\CodeIgniter->runController(Object(App\Controllers\Patient))
#3 C:\xampp\htdocs\smarthospital-ivf\system\CodeIgniter.php(320): CodeIgniter\CodeIgniter->handleRequest(NULL, Object(Config\Cache), false)
#4 C:\xampp\htdocs\smarthospital-ivf\public\index.php(37): CodeIgniter\CodeIgniter->run()
#5 C:\xampp\htdocs\smarthospital-ivf\system\Commands\Server\rewrite.php(43): require_once('C:\\xampp\\htdocs...')
#6 {main}
CRITICAL - 2021-11-22 00:26:29 --> Cannot pass parameter 1 by reference
#0 C:\xampp\htdocs\smarthospital-ivf\system\CodeIgniter.php(826): App\Controllers\Patient->add()
#1 C:\xampp\htdocs\smarthospital-ivf\system\CodeIgniter.php(412): CodeIgniter\CodeIgniter->runController(Object(App\Controllers\Patient))
#2 C:\xampp\htdocs\smarthospital-ivf\system\CodeIgniter.php(320): CodeIgniter\CodeIgniter->handleRequest(NULL, Object(Config\Cache), false)
#3 C:\xampp\htdocs\smarthospital-ivf\public\index.php(37): CodeIgniter\CodeIgniter->run()
#4 C:\xampp\htdocs\smarthospital-ivf\system\Commands\Server\rewrite.php(43): require_once('C:\\xampp\\htdocs...')
#5 {main}
ERROR - 2021-11-22 00:27:53 --> You have an error in your SQL syntax; check the manual that corresponds to your MariaDB server version for the right syntax to use near '0) VALUES ('', '', '', '', NULL, '', '', NULL, '', '', '', '', 'Thai', '', '01',' at line 1
CRITICAL - 2021-11-22 00:27:53 --> Call to undefined method CodeIgniter\Database\MySQLi\Builder::getInsertID()
#0 C:\xampp\htdocs\smarthospital-ivf\app\Controllers\Patient.php(130): App\Models\DataModel->insertData('tb_patient', Array)
#1 C:\xampp\htdocs\smarthospital-ivf\system\CodeIgniter.php(826): App\Controllers\Patient->add()
#2 C:\xampp\htdocs\smarthospital-ivf\system\CodeIgniter.php(412): CodeIgniter\CodeIgniter->runController(Object(App\Controllers\Patient))
#3 C:\xampp\htdocs\smarthospital-ivf\system\CodeIgniter.php(320): CodeIgniter\CodeIgniter->handleRequest(NULL, Object(Config\Cache), false)
#4 C:\xampp\htdocs\smarthospital-ivf\public\index.php(37): CodeIgniter\CodeIgniter->run()
#5 C:\xampp\htdocs\smarthospital-ivf\system\Commands\Server\rewrite.php(43): require_once('C:\\xampp\\htdocs...')
#6 {main}
CRITICAL - 2021-11-22 00:28:24 --> Call to undefined function App\Controllers\push()
#0 C:\xampp\htdocs\smarthospital-ivf\system\CodeIgniter.php(826): App\Controllers\Patient->add()
#1 C:\xampp\htdocs\smarthospital-ivf\system\CodeIgniter.php(412): CodeIgniter\CodeIgniter->runController(Object(App\Controllers\Patient))
#2 C:\xampp\htdocs\smarthospital-ivf\system\CodeIgniter.php(320): CodeIgniter\CodeIgniter->handleRequest(NULL, Object(Config\Cache), false)
#3 C:\xampp\htdocs\smarthospital-ivf\public\index.php(37): CodeIgniter\CodeIgniter->run()
#4 C:\xampp\htdocs\smarthospital-ivf\system\Commands\Server\rewrite.php(43): require_once('C:\\xampp\\htdocs...')
#5 {main}
CRITICAL - 2021-11-22 00:30:30 --> Argument 1 passed to CodeIgniter\Database\BaseBuilder::insert() must be of the type array or null, int given, called in C:\xampp\htdocs\smarthospital-ivf\app\Models\DataModel.php on line 60
#0 C:\xampp\htdocs\smarthospital-ivf\app\Models\DataModel.php(60): CodeIgniter\Database\BaseBuilder->insert(26)
#1 C:\xampp\htdocs\smarthospital-ivf\app\Controllers\Patient.php(130): App\Models\DataModel->insertData('tb_patient', 26)
#2 C:\xampp\htdocs\smarthospital-ivf\system\CodeIgniter.php(826): App\Controllers\Patient->add()
#3 C:\xampp\htdocs\smarthospital-ivf\system\CodeIgniter.php(412): CodeIgniter\CodeIgniter->runController(Object(App\Controllers\Patient))
#4 C:\xampp\htdocs\smarthospital-ivf\system\CodeIgniter.php(320): CodeIgniter\CodeIgniter->handleRequest(NULL, Object(Config\Cache), false)
#5 C:\xampp\htdocs\smarthospital-ivf\public\index.php(37): CodeIgniter\CodeIgniter->run()
#6 C:\xampp\htdocs\smarthospital-ivf\system\Commands\Server\rewrite.php(43): require_once('C:\\xampp\\htdocs...')
#7 {main}
CRITICAL - 2021-11-22 00:30:41 --> Call to undefined method CodeIgniter\Database\MySQLi\Builder::getInsertID()
#0 C:\xampp\htdocs\smarthospital-ivf\app\Controllers\Patient.php(130): App\Models\DataModel->insertData('tb_patient', Array)
#1 C:\xampp\htdocs\smarthospital-ivf\system\CodeIgniter.php(826): App\Controllers\Patient->add()
#2 C:\xampp\htdocs\smarthospital-ivf\system\CodeIgniter.php(412): CodeIgniter\CodeIgniter->runController(Object(App\Controllers\Patient))
#3 C:\xampp\htdocs\smarthospital-ivf\system\CodeIgniter.php(320): CodeIgniter\CodeIgniter->handleRequest(NULL, Object(Config\Cache), false)
#4 C:\xampp\htdocs\smarthospital-ivf\public\index.php(37): CodeIgniter\CodeIgniter->run()
#5 C:\xampp\htdocs\smarthospital-ivf\system\Commands\Server\rewrite.php(43): require_once('C:\\xampp\\htdocs...')
#6 {main}
CRITICAL - 2021-11-22 00:30:48 --> Call to undefined method CodeIgniter\Database\MySQLi\Builder::getInsertID()
#0 C:\xampp\htdocs\smarthospital-ivf\app\Controllers\Patient.php(130): App\Models\DataModel->insertData('tb_patient', Array)
#1 C:\xampp\htdocs\smarthospital-ivf\system\CodeIgniter.php(826): App\Controllers\Patient->add()
#2 C:\xampp\htdocs\smarthospital-ivf\system\CodeIgniter.php(412): CodeIgniter\CodeIgniter->runController(Object(App\Controllers\Patient))
#3 C:\xampp\htdocs\smarthospital-ivf\system\CodeIgniter.php(320): CodeIgniter\CodeIgniter->handleRequest(NULL, Object(Config\Cache), false)
#4 C:\xampp\htdocs\smarthospital-ivf\public\index.php(37): CodeIgniter\CodeIgniter->run()
#5 C:\xampp\htdocs\smarthospital-ivf\system\Commands\Server\rewrite.php(43): require_once('C:\\xampp\\htdocs...')
#6 {main}
CRITICAL - 2021-11-22 00:31:11 --> Call to undefined method CodeIgniter\Database\MySQLi\Builder::getInsertID()
#0 C:\xampp\htdocs\smarthospital-ivf\app\Controllers\Patient.php(130): App\Models\DataModel->insertData('tb_patient', Array)
#1 C:\xampp\htdocs\smarthospital-ivf\system\CodeIgniter.php(826): App\Controllers\Patient->add()
#2 C:\xampp\htdocs\smarthospital-ivf\system\CodeIgniter.php(412): CodeIgniter\CodeIgniter->runController(Object(App\Controllers\Patient))
#3 C:\xampp\htdocs\smarthospital-ivf\system\CodeIgniter.php(320): CodeIgniter\CodeIgniter->handleRequest(NULL, Object(Config\Cache), false)
#4 C:\xampp\htdocs\smarthospital-ivf\public\index.php(37): CodeIgniter\CodeIgniter->run()
#5 C:\xampp\htdocs\smarthospital-ivf\system\Commands\Server\rewrite.php(43): require_once('C:\\xampp\\htdocs...')
#6 {main}
CRITICAL - 2021-11-22 00:31:22 --> Call to undefined method CodeIgniter\Database\MySQLi\Builder::getInsertID()
#0 C:\xampp\htdocs\smarthospital-ivf\app\Controllers\Patient.php(130): App\Models\DataModel->insertData('tb_patient', Array)
#1 C:\xampp\htdocs\smarthospital-ivf\system\CodeIgniter.php(826): App\Controllers\Patient->add()
#2 C:\xampp\htdocs\smarthospital-ivf\system\CodeIgniter.php(412): CodeIgniter\CodeIgniter->runController(Object(App\Controllers\Patient))
#3 C:\xampp\htdocs\smarthospital-ivf\system\CodeIgniter.php(320): CodeIgniter\CodeIgniter->handleRequest(NULL, Object(Config\Cache), false)
#4 C:\xampp\htdocs\smarthospital-ivf\public\index.php(37): CodeIgniter\CodeIgniter->run()
#5 C:\xampp\htdocs\smarthospital-ivf\system\Commands\Server\rewrite.php(43): require_once('C:\\xampp\\htdocs...')
#6 {main}
CRITICAL - 2021-11-22 00:32:29 --> Call to undefined method CodeIgniter\Database\MySQLi\Builder::getInsertID()
#0 C:\xampp\htdocs\smarthospital-ivf\app\Controllers\Patient.php(131): App\Models\DataModel->insertData('tb_patient', Array)
#1 C:\xampp\htdocs\smarthospital-ivf\system\CodeIgniter.php(826): App\Controllers\Patient->add()
#2 C:\xampp\htdocs\smarthospital-ivf\system\CodeIgniter.php(412): CodeIgniter\CodeIgniter->runController(Object(App\Controllers\Patient))
#3 C:\xampp\htdocs\smarthospital-ivf\system\CodeIgniter.php(320): CodeIgniter\CodeIgniter->handleRequest(NULL, Object(Config\Cache), false)
#4 C:\xampp\htdocs\smarthospital-ivf\public\index.php(37): CodeIgniter\CodeIgniter->run()
#5 C:\xampp\htdocs\smarthospital-ivf\system\Commands\Server\rewrite.php(43): require_once('C:\\xampp\\htdocs...')
#6 {main}
CRITICAL - 2021-11-22 00:32:57 --> Call to undefined method CodeIgniter\Database\MySQLi\Builder::getInsertID()
#0 C:\xampp\htdocs\smarthospital-ivf\app\Controllers\Patient.php(131): App\Models\DataModel->insertData('tb_patient', Array)
#1 C:\xampp\htdocs\smarthospital-ivf\system\CodeIgniter.php(826): App\Controllers\Patient->add()
#2 C:\xampp\htdocs\smarthospital-ivf\system\CodeIgniter.php(412): CodeIgniter\CodeIgniter->runController(Object(App\Controllers\Patient))
#3 C:\xampp\htdocs\smarthospital-ivf\system\CodeIgniter.php(320): CodeIgniter\CodeIgniter->handleRequest(NULL, Object(Config\Cache), false)
#4 C:\xampp\htdocs\smarthospital-ivf\public\index.php(37): CodeIgniter\CodeIgniter->run()
#5 C:\xampp\htdocs\smarthospital-ivf\system\Commands\Server\rewrite.php(43): require_once('C:\\xampp\\htdocs...')
#6 {main}
CRITICAL - 2021-11-22 00:33:49 --> Call to undefined method CodeIgniter\Database\MySQLi\Builder::getInsertID()
#0 C:\xampp\htdocs\smarthospital-ivf\app\Controllers\Patient.php(131): App\Models\DataModel->insertData('tb_patient', Array)
#1 C:\xampp\htdocs\smarthospital-ivf\system\CodeIgniter.php(826): App\Controllers\Patient->add()
#2 C:\xampp\htdocs\smarthospital-ivf\system\CodeIgniter.php(412): CodeIgniter\CodeIgniter->runController(Object(App\Controllers\Patient))
#3 C:\xampp\htdocs\smarthospital-ivf\system\CodeIgniter.php(320): CodeIgniter\CodeIgniter->handleRequest(NULL, Object(Config\Cache), false)
#4 C:\xampp\htdocs\smarthospital-ivf\public\index.php(37): CodeIgniter\CodeIgniter->run()
#5 C:\xampp\htdocs\smarthospital-ivf\system\Commands\Server\rewrite.php(43): require_once('C:\\xampp\\htdocs...')
#6 {main}
CRITICAL - 2021-11-22 00:33:53 --> Call to undefined method CodeIgniter\Database\MySQLi\Builder::getInsertID()
#0 C:\xampp\htdocs\smarthospital-ivf\app\Controllers\Patient.php(131): App\Models\DataModel->insertData('tb_patient', Array)
#1 C:\xampp\htdocs\smarthospital-ivf\system\CodeIgniter.php(826): App\Controllers\Patient->add()
#2 C:\xampp\htdocs\smarthospital-ivf\system\CodeIgniter.php(412): CodeIgniter\CodeIgniter->runController(Object(App\Controllers\Patient))
#3 C:\xampp\htdocs\smarthospital-ivf\system\CodeIgniter.php(320): CodeIgniter\CodeIgniter->handleRequest(NULL, Object(Config\Cache), false)
#4 C:\xampp\htdocs\smarthospital-ivf\public\index.php(37): CodeIgniter\CodeIgniter->run()
#5 C:\xampp\htdocs\smarthospital-ivf\system\Commands\Server\rewrite.php(43): require_once('C:\\xampp\\htdocs...')
#6 {main}
CRITICAL - 2021-11-22 00:34:05 --> Call to undefined method CodeIgniter\Database\MySQLi\Builder::getInsertID()
#0 C:\xampp\htdocs\smarthospital-ivf\app\Controllers\Patient.php(131): App\Models\DataModel->insertData('tb_patient', Array)
#1 C:\xampp\htdocs\smarthospital-ivf\system\CodeIgniter.php(826): App\Controllers\Patient->add()
#2 C:\xampp\htdocs\smarthospital-ivf\system\CodeIgniter.php(412): CodeIgniter\CodeIgniter->runController(Object(App\Controllers\Patient))
#3 C:\xampp\htdocs\smarthospital-ivf\system\CodeIgniter.php(320): CodeIgniter\CodeIgniter->handleRequest(NULL, Object(Config\Cache), false)
#4 C:\xampp\htdocs\smarthospital-ivf\public\index.php(37): CodeIgniter\CodeIgniter->run()
#5 C:\xampp\htdocs\smarthospital-ivf\system\Commands\Server\rewrite.php(43): require_once('C:\\xampp\\htdocs...')
#6 {main}
CRITICAL - 2021-11-22 00:34:47 --> Call to undefined method CodeIgniter\Database\MySQLi\Builder::getLastQuery()
#0 C:\xampp\htdocs\smarthospital-ivf\app\Controllers\Patient.php(131): App\Models\DataModel->insertData('tb_patient', Array)
#1 C:\xampp\htdocs\smarthospital-ivf\system\CodeIgniter.php(826): App\Controllers\Patient->add()
#2 C:\xampp\htdocs\smarthospital-ivf\system\CodeIgniter.php(412): CodeIgniter\CodeIgniter->runController(Object(App\Controllers\Patient))
#3 C:\xampp\htdocs\smarthospital-ivf\system\CodeIgniter.php(320): CodeIgniter\CodeIgniter->handleRequest(NULL, Object(Config\Cache), false)
#4 C:\xampp\htdocs\smarthospital-ivf\public\index.php(37): CodeIgniter\CodeIgniter->run()
#5 C:\xampp\htdocs\smarthospital-ivf\system\Commands\Server\rewrite.php(43): require_once('C:\\xampp\\htdocs...')
#6 {main}
CRITICAL - 2021-11-22 00:35:03 --> Call to undefined method CodeIgniter\Database\MySQLi\Builder::insertID()
#0 C:\xampp\htdocs\smarthospital-ivf\app\Controllers\Patient.php(131): App\Models\DataModel->insertData('tb_patient', Array)
#1 C:\xampp\htdocs\smarthospital-ivf\system\CodeIgniter.php(826): App\Controllers\Patient->add()
#2 C:\xampp\htdocs\smarthospital-ivf\system\CodeIgniter.php(412): CodeIgniter\CodeIgniter->runController(Object(App\Controllers\Patient))
#3 C:\xampp\htdocs\smarthospital-ivf\system\CodeIgniter.php(320): CodeIgniter\CodeIgniter->handleRequest(NULL, Object(Config\Cache), false)
#4 C:\xampp\htdocs\smarthospital-ivf\public\index.php(37): CodeIgniter\CodeIgniter->run()
#5 C:\xampp\htdocs\smarthospital-ivf\system\Commands\Server\rewrite.php(43): require_once('C:\\xampp\\htdocs...')
#6 {main}
CRITICAL - 2021-11-22 00:35:21 --> Call to undefined method CodeIgniter\Database\MySQLi\Builder::insert_id()
#0 C:\xampp\htdocs\smarthospital-ivf\app\Controllers\Patient.php(131): App\Models\DataModel->insertData('tb_patient', Array)
#1 C:\xampp\htdocs\smarthospital-ivf\system\CodeIgniter.php(826): App\Controllers\Patient->add()
#2 C:\xampp\htdocs\smarthospital-ivf\system\CodeIgniter.php(412): CodeIgniter\CodeIgniter->runController(Object(App\Controllers\Patient))
#3 C:\xampp\htdocs\smarthospital-ivf\system\CodeIgniter.php(320): CodeIgniter\CodeIgniter->handleRequest(NULL, Object(Config\Cache), false)
#4 C:\xampp\htdocs\smarthospital-ivf\public\index.php(37): CodeIgniter\CodeIgniter->run()
#5 C:\xampp\htdocs\smarthospital-ivf\system\Commands\Server\rewrite.php(43): require_once('C:\\xampp\\htdocs...')
#6 {main}
CRITICAL - 2021-11-22 00:36:22 --> Call to undefined method CodeIgniter\Database\MySQLi\Builder::insertID()
#0 C:\xampp\htdocs\smarthospital-ivf\app\Controllers\Patient.php(131): App\Models\DataModel->insertData('tb_patient', Array)
#1 C:\xampp\htdocs\smarthospital-ivf\system\CodeIgniter.php(826): App\Controllers\Patient->add()
#2 C:\xampp\htdocs\smarthospital-ivf\system\CodeIgniter.php(412): CodeIgniter\CodeIgniter->runController(Object(App\Controllers\Patient))
#3 C:\xampp\htdocs\smarthospital-ivf\system\CodeIgniter.php(320): CodeIgniter\CodeIgniter->handleRequest(NULL, Object(Config\Cache), false)
#4 C:\xampp\htdocs\smarthospital-ivf\public\index.php(37): CodeIgniter\CodeIgniter->run()
#5 C:\xampp\htdocs\smarthospital-ivf\system\Commands\Server\rewrite.php(43): require_once('C:\\xampp\\htdocs...')
#6 {main}
CRITICAL - 2021-11-22 00:36:32 --> Call to undefined method CodeIgniter\Database\MySQLi\Builder::insertID()
#0 C:\xampp\htdocs\smarthospital-ivf\app\Controllers\Patient.php(131): App\Models\DataModel->insertData('tb_patient', Array)
#1 C:\xampp\htdocs\smarthospital-ivf\system\CodeIgniter.php(826): App\Controllers\Patient->add()
#2 C:\xampp\htdocs\smarthospital-ivf\system\CodeIgniter.php(412): CodeIgniter\CodeIgniter->runController(Object(App\Controllers\Patient))
#3 C:\xampp\htdocs\smarthospital-ivf\system\CodeIgniter.php(320): CodeIgniter\CodeIgniter->handleRequest(NULL, Object(Config\Cache), false)
#4 C:\xampp\htdocs\smarthospital-ivf\public\index.php(37): CodeIgniter\CodeIgniter->run()
#5 C:\xampp\htdocs\smarthospital-ivf\system\Commands\Server\rewrite.php(43): require_once('C:\\xampp\\htdocs...')
#6 {main}
CRITICAL - 2021-11-22 00:36:56 --> Call to undefined method CodeIgniter\Database\MySQLi\Builder::resultID()
#0 C:\xampp\htdocs\smarthospital-ivf\app\Controllers\Patient.php(131): App\Models\DataModel->insertData('tb_patient', Array)
#1 C:\xampp\htdocs\smarthospital-ivf\system\CodeIgniter.php(826): App\Controllers\Patient->add()
#2 C:\xampp\htdocs\smarthospital-ivf\system\CodeIgniter.php(412): CodeIgniter\CodeIgniter->runController(Object(App\Controllers\Patient))
#3 C:\xampp\htdocs\smarthospital-ivf\system\CodeIgniter.php(320): CodeIgniter\CodeIgniter->handleRequest(NULL, Object(Config\Cache), false)
#4 C:\xampp\htdocs\smarthospital-ivf\public\index.php(37): CodeIgniter\CodeIgniter->run()
#5 C:\xampp\htdocs\smarthospital-ivf\system\Commands\Server\rewrite.php(43): require_once('C:\\xampp\\htdocs...')
#6 {main}
CRITICAL - 2021-11-22 00:37:19 --> Call to a member function resultID() on bool
#0 C:\xampp\htdocs\smarthospital-ivf\app\Controllers\Patient.php(131): App\Models\DataModel->insertData('tb_patient', Array)
#1 C:\xampp\htdocs\smarthospital-ivf\system\CodeIgniter.php(826): App\Controllers\Patient->add()
#2 C:\xampp\htdocs\smarthospital-ivf\system\CodeIgniter.php(412): CodeIgniter\CodeIgniter->runController(Object(App\Controllers\Patient))
#3 C:\xampp\htdocs\smarthospital-ivf\system\CodeIgniter.php(320): CodeIgniter\CodeIgniter->handleRequest(NULL, Object(Config\Cache), false)
#4 C:\xampp\htdocs\smarthospital-ivf\public\index.php(37): CodeIgniter\CodeIgniter->run()
#5 C:\xampp\htdocs\smarthospital-ivf\system\Commands\Server\rewrite.php(43): require_once('C:\\xampp\\htdocs...')
#6 {main}
CRITICAL - 2021-11-22 00:37:50 --> Call to a member function getInsertID() on bool
#0 C:\xampp\htdocs\smarthospital-ivf\app\Controllers\Patient.php(131): App\Models\DataModel->insertData('tb_patient', Array)
#1 C:\xampp\htdocs\smarthospital-ivf\system\CodeIgniter.php(826): App\Controllers\Patient->add()
#2 C:\xampp\htdocs\smarthospital-ivf\system\CodeIgniter.php(412): CodeIgniter\CodeIgniter->runController(Object(App\Controllers\Patient))
#3 C:\xampp\htdocs\smarthospital-ivf\system\CodeIgniter.php(320): CodeIgniter\CodeIgniter->handleRequest(NULL, Object(Config\Cache), false)
#4 C:\xampp\htdocs\smarthospital-ivf\public\index.php(37): CodeIgniter\CodeIgniter->run()
#5 C:\xampp\htdocs\smarthospital-ivf\system\Commands\Server\rewrite.php(43): require_once('C:\\xampp\\htdocs...')
#6 {main}
CRITICAL - 2021-11-22 00:37:58 --> Call to a member function set() on bool
#0 C:\xampp\htdocs\smarthospital-ivf\app\Controllers\Patient.php(131): App\Models\DataModel->insertData('tb_patient', Array)
#1 C:\xampp\htdocs\smarthospital-ivf\system\CodeIgniter.php(826): App\Controllers\Patient->add()
#2 C:\xampp\htdocs\smarthospital-ivf\system\CodeIgniter.php(412): CodeIgniter\CodeIgniter->runController(Object(App\Controllers\Patient))
#3 C:\xampp\htdocs\smarthospital-ivf\system\CodeIgniter.php(320): CodeIgniter\CodeIgniter->handleRequest(NULL, Object(Config\Cache), false)
#4 C:\xampp\htdocs\smarthospital-ivf\public\index.php(37): CodeIgniter\CodeIgniter->run()
#5 C:\xampp\htdocs\smarthospital-ivf\system\Commands\Server\rewrite.php(43): require_once('C:\\xampp\\htdocs...')
#6 {main}
CRITICAL - 2021-11-22 00:38:02 --> Call to a member function set() on bool
#0 C:\xampp\htdocs\smarthospital-ivf\app\Controllers\Patient.php(131): App\Models\DataModel->insertData('tb_patient', Array)
#1 C:\xampp\htdocs\smarthospital-ivf\system\CodeIgniter.php(826): App\Controllers\Patient->add()
#2 C:\xampp\htdocs\smarthospital-ivf\system\CodeIgniter.php(412): CodeIgniter\CodeIgniter->runController(Object(App\Controllers\Patient))
#3 C:\xampp\htdocs\smarthospital-ivf\system\CodeIgniter.php(320): CodeIgniter\CodeIgniter->handleRequest(NULL, Object(Config\Cache), false)
#4 C:\xampp\htdocs\smarthospital-ivf\public\index.php(37): CodeIgniter\CodeIgniter->run()
#5 C:\xampp\htdocs\smarthospital-ivf\system\Commands\Server\rewrite.php(43): require_once('C:\\xampp\\htdocs...')
#6 {main}
CRITICAL - 2021-11-22 00:38:23 --> Call to a member function set() on bool
#0 C:\xampp\htdocs\smarthospital-ivf\app\Controllers\Patient.php(131): App\Models\DataModel->insertData('tb_patient', Array)
#1 C:\xampp\htdocs\smarthospital-ivf\system\CodeIgniter.php(826): App\Controllers\Patient->add()
#2 C:\xampp\htdocs\smarthospital-ivf\system\CodeIgniter.php(412): CodeIgniter\CodeIgniter->runController(Object(App\Controllers\Patient))
#3 C:\xampp\htdocs\smarthospital-ivf\system\CodeIgniter.php(320): CodeIgniter\CodeIgniter->handleRequest(NULL, Object(Config\Cache), false)
#4 C:\xampp\htdocs\smarthospital-ivf\public\index.php(37): CodeIgniter\CodeIgniter->run()
#5 C:\xampp\htdocs\smarthospital-ivf\system\Commands\Server\rewrite.php(43): require_once('C:\\xampp\\htdocs...')
#6 {main}
CRITICAL - 2021-11-22 00:38:33 --> Call to a member function set() on null
#0 C:\xampp\htdocs\smarthospital-ivf\app\Controllers\Patient.php(131): App\Models\DataModel->insertData('tb_patient', Array)
#1 C:\xampp\htdocs\smarthospital-ivf\system\CodeIgniter.php(826): App\Controllers\Patient->add()
#2 C:\xampp\htdocs\smarthospital-ivf\system\CodeIgniter.php(412): CodeIgniter\CodeIgniter->runController(Object(App\Controllers\Patient))
#3 C:\xampp\htdocs\smarthospital-ivf\system\CodeIgniter.php(320): CodeIgniter\CodeIgniter->handleRequest(NULL, Object(Config\Cache), false)
#4 C:\xampp\htdocs\smarthospital-ivf\public\index.php(37): CodeIgniter\CodeIgniter->run()
#5 C:\xampp\htdocs\smarthospital-ivf\system\Commands\Server\rewrite.php(43): require_once('C:\\xampp\\htdocs...')
#6 {main}
CRITICAL - 2021-11-22 00:39:39 --> Call to undefined method CodeIgniter\Database\MySQLi\Builder::getInsertID()
#0 C:\xampp\htdocs\smarthospital-ivf\app\Controllers\Patient.php(131): App\Models\DataModel->insertData('tb_patient', Array)
#1 C:\xampp\htdocs\smarthospital-ivf\system\CodeIgniter.php(826): App\Controllers\Patient->add()
#2 C:\xampp\htdocs\smarthospital-ivf\system\CodeIgniter.php(412): CodeIgniter\CodeIgniter->runController(Object(App\Controllers\Patient))
#3 C:\xampp\htdocs\smarthospital-ivf\system\CodeIgniter.php(320): CodeIgniter\CodeIgniter->handleRequest(NULL, Object(Config\Cache), false)
#4 C:\xampp\htdocs\smarthospital-ivf\public\index.php(37): CodeIgniter\CodeIgniter->run()
#5 C:\xampp\htdocs\smarthospital-ivf\system\Commands\Server\rewrite.php(43): require_once('C:\\xampp\\htdocs...')
#6 {main}
CRITICAL - 2021-11-22 00:39:44 --> Call to undefined method CodeIgniter\Database\MySQLi\Builder::getInsertID()
#0 C:\xampp\htdocs\smarthospital-ivf\app\Controllers\Patient.php(131): App\Models\DataModel->insertData('tb_patient', Array)
#1 C:\xampp\htdocs\smarthospital-ivf\system\CodeIgniter.php(826): App\Controllers\Patient->add()
#2 C:\xampp\htdocs\smarthospital-ivf\system\CodeIgniter.php(412): CodeIgniter\CodeIgniter->runController(Object(App\Controllers\Patient))
#3 C:\xampp\htdocs\smarthospital-ivf\system\CodeIgniter.php(320): CodeIgniter\CodeIgniter->handleRequest(NULL, Object(Config\Cache), false)
#4 C:\xampp\htdocs\smarthospital-ivf\public\index.php(37): CodeIgniter\CodeIgniter->run()
#5 C:\xampp\htdocs\smarthospital-ivf\system\Commands\Server\rewrite.php(43): require_once('C:\\xampp\\htdocs...')
#6 {main}
CRITICAL - 2021-11-22 00:41:01 --> Argument 1 passed to CodeIgniter\Database\BaseBuilder::insert() must be of the type array or null, int given, called in C:\xampp\htdocs\smarthospital-ivf\app\Models\DataModel.php on line 60
#0 C:\xampp\htdocs\smarthospital-ivf\app\Models\DataModel.php(60): CodeIgniter\Database\BaseBuilder->insert(26)
#1 C:\xampp\htdocs\smarthospital-ivf\app\Controllers\Patient.php(131): App\Models\DataModel->insertData('tb_patient', 26)
#2 C:\xampp\htdocs\smarthospital-ivf\system\CodeIgniter.php(826): App\Controllers\Patient->add()
#3 C:\xampp\htdocs\smarthospital-ivf\system\CodeIgniter.php(412): CodeIgniter\CodeIgniter->runController(Object(App\Controllers\Patient))
#4 C:\xampp\htdocs\smarthospital-ivf\system\CodeIgniter.php(320): CodeIgniter\CodeIgniter->handleRequest(NULL, Object(Config\Cache), false)
#5 C:\xampp\htdocs\smarthospital-ivf\public\index.php(37): CodeIgniter\CodeIgniter->run()
#6 C:\xampp\htdocs\smarthospital-ivf\system\Commands\Server\rewrite.php(43): require_once('C:\\xampp\\htdocs...')
#7 {main}
CRITICAL - 2021-11-22 01:31:22 --> Invalid file: patient/profile/2.php
#0 C:\xampp\htdocs\smarthospital-ivf\system\View\View.php(198): CodeIgniter\Exceptions\FrameworkException::forInvalidFile('patient/profile...')
#1 C:\xampp\htdocs\smarthospital-ivf\system\Common.php(1097): CodeIgniter\View\View->render('patient/profile...', Array, true)
#2 C:\xampp\htdocs\smarthospital-ivf\app\Views\patient\profile.php(277): view('patient/profile...')
#3 C:\xampp\htdocs\smarthospital-ivf\system\View\View.php(214): include('C:\\xampp\\htdocs...')
#4 C:\xampp\htdocs\smarthospital-ivf\system\View\View.php(217): CodeIgniter\View\View->CodeIgniter\View\{closure}()
#5 C:\xampp\htdocs\smarthospital-ivf\system\Common.php(1097): CodeIgniter\View\View->render('patient/profile', Array, true)
#6 C:\xampp\htdocs\smarthospital-ivf\app\Controllers\Patient.php(79): view('patient/profile', Array)
#7 C:\xampp\htdocs\smarthospital-ivf\system\CodeIgniter.php(826): App\Controllers\Patient->profile()
#8 C:\xampp\htdocs\smarthospital-ivf\system\CodeIgniter.php(412): CodeIgniter\CodeIgniter->runController(Object(App\Controllers\Patient))
#9 C:\xampp\htdocs\smarthospital-ivf\system\CodeIgniter.php(320): CodeIgniter\CodeIgniter->handleRequest(NULL, Object(Config\Cache), false)
#10 C:\xampp\htdocs\smarthospital-ivf\public\index.php(37): CodeIgniter\CodeIgniter->run()
#11 C:\xampp\htdocs\smarthospital-ivf\system\Commands\Server\rewrite.php(43): require_once('C:\\xampp\\htdocs...')
#12 {main}
CRITICAL - 2021-11-22 01:31:30 --> Invalid file: patient/profile/.php
#0 C:\xampp\htdocs\smarthospital-ivf\system\View\View.php(198): CodeIgniter\Exceptions\FrameworkException::forInvalidFile('patient/profile...')
#1 C:\xampp\htdocs\smarthospital-ivf\system\Common.php(1097): CodeIgniter\View\View->render('patient/profile...', Array, true)
#2 C:\xampp\htdocs\smarthospital-ivf\app\Views\patient\profile.php(277): view('patient/profile...')
#3 C:\xampp\htdocs\smarthospital-ivf\system\View\View.php(214): include('C:\\xampp\\htdocs...')
#4 C:\xampp\htdocs\smarthospital-ivf\system\View\View.php(217): CodeIgniter\View\View->CodeIgniter\View\{closure}()
#5 C:\xampp\htdocs\smarthospital-ivf\system\Common.php(1097): CodeIgniter\View\View->render('patient/profile', Array, true)
#6 C:\xampp\htdocs\smarthospital-ivf\app\Controllers\Patient.php(79): view('patient/profile', Array)
#7 C:\xampp\htdocs\smarthospital-ivf\system\CodeIgniter.php(826): App\Controllers\Patient->profile()
#8 C:\xampp\htdocs\smarthospital-ivf\system\CodeIgniter.php(412): CodeIgniter\CodeIgniter->runController(Object(App\Controllers\Patient))
#9 C:\xampp\htdocs\smarthospital-ivf\system\CodeIgniter.php(320): CodeIgniter\CodeIgniter->handleRequest(NULL, Object(Config\Cache), false)
#10 C:\xampp\htdocs\smarthospital-ivf\public\index.php(37): CodeIgniter\CodeIgniter->run()
#11 C:\xampp\htdocs\smarthospital-ivf\system\Commands\Server\rewrite.php(43): require_once('C:\\xampp\\htdocs...')
#12 {main}
CRITICAL - 2021-11-22 01:31:36 --> include(patient/profile/): failed to open stream: No such file or directory
#0 C:\xampp\htdocs\smarthospital-ivf\app\Views\patient\profile.php(277): CodeIgniter\Debug\Exceptions->errorHandler(2, 'include(patient...', 'C:\\xampp\\htdocs...', 277, Array)
#1 C:\xampp\htdocs\smarthospital-ivf\app\Views\patient\profile.php(277): include()
#2 C:\xampp\htdocs\smarthospital-ivf\system\View\View.php(214): include('C:\\xampp\\htdocs...')
#3 C:\xampp\htdocs\smarthospital-ivf\system\View\View.php(217): CodeIgniter\View\View->CodeIgniter\View\{closure}()
#4 C:\xampp\htdocs\smarthospital-ivf\system\Common.php(1097): CodeIgniter\View\View->render('patient/profile', Array, true)
#5 C:\xampp\htdocs\smarthospital-ivf\app\Controllers\Patient.php(79): view('patient/profile', Array)
#6 C:\xampp\htdocs\smarthospital-ivf\system\CodeIgniter.php(826): App\Controllers\Patient->profile()
#7 C:\xampp\htdocs\smarthospital-ivf\system\CodeIgniter.php(412): CodeIgniter\CodeIgniter->runController(Object(App\Controllers\Patient))
#8 C:\xampp\htdocs\smarthospital-ivf\system\CodeIgniter.php(320): CodeIgniter\CodeIgniter->handleRequest(NULL, Object(Config\Cache), false)
#9 C:\xampp\htdocs\smarthospital-ivf\public\index.php(37): CodeIgniter\CodeIgniter->run()
#10 C:\xampp\htdocs\smarthospital-ivf\system\Commands\Server\rewrite.php(43): require_once('C:\\xampp\\htdocs...')
#11 {main}
CRITICAL - 2021-11-22 01:31:40 --> include(patient/profile/): failed to open stream: No such file or directory
#0 C:\xampp\htdocs\smarthospital-ivf\app\Views\patient\profile.php(277): CodeIgniter\Debug\Exceptions->errorHandler(2, 'include(patient...', 'C:\\xampp\\htdocs...', 277, Array)
#1 C:\xampp\htdocs\smarthospital-ivf\app\Views\patient\profile.php(277): include()
#2 C:\xampp\htdocs\smarthospital-ivf\system\View\View.php(214): include('C:\\xampp\\htdocs...')
#3 C:\xampp\htdocs\smarthospital-ivf\system\View\View.php(217): CodeIgniter\View\View->CodeIgniter\View\{closure}()
#4 C:\xampp\htdocs\smarthospital-ivf\system\Common.php(1097): CodeIgniter\View\View->render('patient/profile', Array, true)
#5 C:\xampp\htdocs\smarthospital-ivf\app\Controllers\Patient.php(79): view('patient/profile', Array)
#6 C:\xampp\htdocs\smarthospital-ivf\system\CodeIgniter.php(826): App\Controllers\Patient->profile()
#7 C:\xampp\htdocs\smarthospital-ivf\system\CodeIgniter.php(412): CodeIgniter\CodeIgniter->runController(Object(App\Controllers\Patient))
#8 C:\xampp\htdocs\smarthospital-ivf\system\CodeIgniter.php(320): CodeIgniter\CodeIgniter->handleRequest(NULL, Object(Config\Cache), false)
#9 C:\xampp\htdocs\smarthospital-ivf\public\index.php(37): CodeIgniter\CodeIgniter->run()
#10 C:\xampp\htdocs\smarthospital-ivf\system\Commands\Server\rewrite.php(43): require_once('C:\\xampp\\htdocs...')
#11 {main}
CRITICAL - 2021-11-22 01:31:44 --> include(patient/profile/): failed to open stream: No such file or directory
#0 C:\xampp\htdocs\smarthospital-ivf\app\Views\patient\profile.php(277): CodeIgniter\Debug\Exceptions->errorHandler(2, 'include(patient...', 'C:\\xampp\\htdocs...', 277, Array)
#1 C:\xampp\htdocs\smarthospital-ivf\app\Views\patient\profile.php(277): include()
#2 C:\xampp\htdocs\smarthospital-ivf\system\View\View.php(214): include('C:\\xampp\\htdocs...')
#3 C:\xampp\htdocs\smarthospital-ivf\system\View\View.php(217): CodeIgniter\View\View->CodeIgniter\View\{closure}()
#4 C:\xampp\htdocs\smarthospital-ivf\system\Common.php(1097): CodeIgniter\View\View->render('patient/profile', Array, true)
#5 C:\xampp\htdocs\smarthospital-ivf\app\Controllers\Patient.php(79): view('patient/profile', Array)
#6 C:\xampp\htdocs\smarthospital-ivf\system\CodeIgniter.php(826): App\Controllers\Patient->profile()
#7 C:\xampp\htdocs\smarthospital-ivf\system\CodeIgniter.php(412): CodeIgniter\CodeIgniter->runController(Object(App\Controllers\Patient))
#8 C:\xampp\htdocs\smarthospital-ivf\system\CodeIgniter.php(320): CodeIgniter\CodeIgniter->handleRequest(NULL, Object(Config\Cache), false)
#9 C:\xampp\htdocs\smarthospital-ivf\public\index.php(37): CodeIgniter\CodeIgniter->run()
#10 C:\xampp\htdocs\smarthospital-ivf\system\Commands\Server\rewrite.php(43): require_once('C:\\xampp\\htdocs...')
#11 {main}
CRITICAL - 2021-11-22 01:37:03 --> Invalid file: patient/view_profile.php
#0 C:\xampp\htdocs\smarthospital-ivf\system\View\View.php(198): CodeIgniter\Exceptions\FrameworkException::forInvalidFile('patient/view_pr...')
#1 C:\xampp\htdocs\smarthospital-ivf\system\Common.php(1097): CodeIgniter\View\View->render('patient/view_pr...', Array, true)
#2 C:\xampp\htdocs\smarthospital-ivf\app\Views\patient\profile.php(278): view('patient/view_pr...')
#3 C:\xampp\htdocs\smarthospital-ivf\system\View\View.php(214): include('C:\\xampp\\htdocs...')
#4 C:\xampp\htdocs\smarthospital-ivf\system\View\View.php(217): CodeIgniter\View\View->CodeIgniter\View\{closure}()
#5 C:\xampp\htdocs\smarthospital-ivf\system\Common.php(1097): CodeIgniter\View\View->render('patient/profile', Array, true)
#6 C:\xampp\htdocs\smarthospital-ivf\app\Controllers\Patient.php(79): view('patient/profile', Array)
#7 C:\xampp\htdocs\smarthospital-ivf\system\CodeIgniter.php(826): App\Controllers\Patient->profile()
#8 C:\xampp\htdocs\smarthospital-ivf\system\CodeIgniter.php(412): CodeIgniter\CodeIgniter->runController(Object(App\Controllers\Patient))
#9 C:\xampp\htdocs\smarthospital-ivf\system\CodeIgniter.php(320): CodeIgniter\CodeIgniter->handleRequest(NULL, Object(Config\Cache), false)
#10 C:\xampp\htdocs\smarthospital-ivf\public\index.php(37): CodeIgniter\CodeIgniter->run()
#11 C:\xampp\htdocs\smarthospital-ivf\system\Commands\Server\rewrite.php(43): require_once('C:\\xampp\\htdocs...')
#12 {main}
CRITICAL - 2021-11-22 01:37:39 --> Call to undefined function App\Controllers\view_profile()
#0 C:\xampp\htdocs\smarthospital-ivf\system\CodeIgniter.php(826): App\Controllers\Patient->profile()
#1 C:\xampp\htdocs\smarthospital-ivf\system\CodeIgniter.php(412): CodeIgniter\CodeIgniter->runController(Object(App\Controllers\Patient))
#2 C:\xampp\htdocs\smarthospital-ivf\system\CodeIgniter.php(320): CodeIgniter\CodeIgniter->handleRequest(NULL, Object(Config\Cache), false)
#3 C:\xampp\htdocs\smarthospital-ivf\public\index.php(37): CodeIgniter\CodeIgniter->run()
#4 C:\xampp\htdocs\smarthospital-ivf\system\Commands\Server\rewrite.php(43): require_once('C:\\xampp\\htdocs...')
#5 {main}
CRITICAL - 2021-11-22 01:37:49 --> Call to undefined function App\Controllers\view_profile()
#0 C:\xampp\htdocs\smarthospital-ivf\system\CodeIgniter.php(826): App\Controllers\Patient->profile()
#1 C:\xampp\htdocs\smarthospital-ivf\system\CodeIgniter.php(412): CodeIgniter\CodeIgniter->runController(Object(App\Controllers\Patient))
#2 C:\xampp\htdocs\smarthospital-ivf\system\CodeIgniter.php(320): CodeIgniter\CodeIgniter->handleRequest(NULL, Object(Config\Cache), false)
#3 C:\xampp\htdocs\smarthospital-ivf\public\index.php(37): CodeIgniter\CodeIgniter->run()
#4 C:\xampp\htdocs\smarthospital-ivf\system\Commands\Server\rewrite.php(43): require_once('C:\\xampp\\htdocs...')
#5 {main}
CRITICAL - 2021-11-22 01:37:53 --> Invalid file: patient/view_profile.php
#0 C:\xampp\htdocs\smarthospital-ivf\system\View\View.php(198): CodeIgniter\Exceptions\FrameworkException::forInvalidFile('patient/view_pr...')
#1 C:\xampp\htdocs\smarthospital-ivf\system\Common.php(1097): CodeIgniter\View\View->render('patient/view_pr...', Array, true)
#2 C:\xampp\htdocs\smarthospital-ivf\app\Views\patient\profile.php(278): view('patient/view_pr...')
#3 C:\xampp\htdocs\smarthospital-ivf\system\View\View.php(214): include('C:\\xampp\\htdocs...')
#4 C:\xampp\htdocs\smarthospital-ivf\system\View\View.php(217): CodeIgniter\View\View->CodeIgniter\View\{closure}()
#5 C:\xampp\htdocs\smarthospital-ivf\system\Common.php(1097): CodeIgniter\View\View->render('patient/profile', Array, true)
#6 C:\xampp\htdocs\smarthospital-ivf\app\Controllers\Patient.php(79): view('patient/profile', Array)
#7 C:\xampp\htdocs\smarthospital-ivf\system\CodeIgniter.php(826): App\Controllers\Patient->profile()
#8 C:\xampp\htdocs\smarthospital-ivf\system\CodeIgniter.php(412): CodeIgniter\CodeIgniter->runController(Object(App\Controllers\Patient))
#9 C:\xampp\htdocs\smarthospital-ivf\system\CodeIgniter.php(320): CodeIgniter\CodeIgniter->handleRequest(NULL, Object(Config\Cache), false)
#10 C:\xampp\htdocs\smarthospital-ivf\public\index.php(37): CodeIgniter\CodeIgniter->run()
#11 C:\xampp\htdocs\smarthospital-ivf\system\Commands\Server\rewrite.php(43): require_once('C:\\xampp\\htdocs...')
#12 {main}
CRITICAL - 2021-11-22 01:38:04 --> Invalid file: patient/view_profile.php
#0 C:\xampp\htdocs\smarthospital-ivf\system\View\View.php(198): CodeIgniter\Exceptions\FrameworkException::forInvalidFile('patient/view_pr...')
#1 C:\xampp\htdocs\smarthospital-ivf\system\Common.php(1097): CodeIgniter\View\View->render('patient/view_pr...', Array, true)
#2 C:\xampp\htdocs\smarthospital-ivf\app\Views\patient\profile.php(278): view('patient/view_pr...')
#3 C:\xampp\htdocs\smarthospital-ivf\system\View\View.php(214): include('C:\\xampp\\htdocs...')
#4 C:\xampp\htdocs\smarthospital-ivf\system\View\View.php(217): CodeIgniter\View\View->CodeIgniter\View\{closure}()
#5 C:\xampp\htdocs\smarthospital-ivf\system\Common.php(1097): CodeIgniter\View\View->render('patient/profile', Array, true)
#6 C:\xampp\htdocs\smarthospital-ivf\app\Controllers\Patient.php(79): view('patient/profile', Array)
#7 C:\xampp\htdocs\smarthospital-ivf\system\CodeIgniter.php(826): App\Controllers\Patient->profile()
#8 C:\xampp\htdocs\smarthospital-ivf\system\CodeIgniter.php(412): CodeIgniter\CodeIgniter->runController(Object(App\Controllers\Patient))
#9 C:\xampp\htdocs\smarthospital-ivf\system\CodeIgniter.php(320): CodeIgniter\CodeIgniter->handleRequest(NULL, Object(Config\Cache), false)
#10 C:\xampp\htdocs\smarthospital-ivf\public\index.php(37): CodeIgniter\CodeIgniter->run()
#11 C:\xampp\htdocs\smarthospital-ivf\system\Commands\Server\rewrite.php(43): require_once('C:\\xampp\\htdocs...')
#12 {main}
CRITICAL - 2021-11-22 01:38:16 --> Call to undefined function App\Controllers\view_profile()
#0 C:\xampp\htdocs\smarthospital-ivf\system\CodeIgniter.php(826): App\Controllers\Patient->profile()
#1 C:\xampp\htdocs\smarthospital-ivf\system\CodeIgniter.php(412): CodeIgniter\CodeIgniter->runController(Object(App\Controllers\Patient))
#2 C:\xampp\htdocs\smarthospital-ivf\system\CodeIgniter.php(320): CodeIgniter\CodeIgniter->handleRequest(NULL, Object(Config\Cache), false)
#3 C:\xampp\htdocs\smarthospital-ivf\public\index.php(37): CodeIgniter\CodeIgniter->run()
#4 C:\xampp\htdocs\smarthospital-ivf\system\Commands\Server\rewrite.php(43): require_once('C:\\xampp\\htdocs...')
#5 {main}
CRITICAL - 2021-11-22 01:38:19 --> Call to undefined function App\Controllers\view_profile()
#0 C:\xampp\htdocs\smarthospital-ivf\system\CodeIgniter.php(826): App\Controllers\Patient->profile()
#1 C:\xampp\htdocs\smarthospital-ivf\system\CodeIgniter.php(412): CodeIgniter\CodeIgniter->runController(Object(App\Controllers\Patient))
#2 C:\xampp\htdocs\smarthospital-ivf\system\CodeIgniter.php(320): CodeIgniter\CodeIgniter->handleRequest(NULL, Object(Config\Cache), false)
#3 C:\xampp\htdocs\smarthospital-ivf\public\index.php(37): CodeIgniter\CodeIgniter->run()
#4 C:\xampp\htdocs\smarthospital-ivf\system\Commands\Server\rewrite.php(43): require_once('C:\\xampp\\htdocs...')
#5 {main}
CRITICAL - 2021-11-22 12:07:44 --> Call to undefined function App\Controllers\sprint()
#0 /Applications/XAMPP/xamppfiles/htdocs/smarthospital-ivf/smarthospital-ivf/system/CodeIgniter.php(826): App\Controllers\Patient->add()
#1 /Applications/XAMPP/xamppfiles/htdocs/smarthospital-ivf/smarthospital-ivf/system/CodeIgniter.php(412): CodeIgniter\CodeIgniter->runController(Object(App\Controllers\Patient))
#2 /Applications/XAMPP/xamppfiles/htdocs/smarthospital-ivf/smarthospital-ivf/system/CodeIgniter.php(320): CodeIgniter\CodeIgniter->handleRequest(NULL, Object(Config\Cache), false)
#3 /Applications/XAMPP/xamppfiles/htdocs/smarthospital-ivf/smarthospital-ivf/public/index.php(37): CodeIgniter\CodeIgniter->run()
#4 /Applications/XAMPP/xamppfiles/htdocs/smarthospital-ivf/smarthospital-ivf/system/Commands/Server/rewrite.php(43): require_once('/Applications/X...')
#5 {main}
CRITICAL - 2021-11-22 12:35:47 --> Too few arguments to function CodeIgniter\HTTP\RedirectResponse::to(), 0 passed in /Applications/XAMPP/xamppfiles/htdocs/smarthospital-ivf/smarthospital-ivf/app/Controllers/patient.php on line 184 and at least 1 expected
#0 /Applications/XAMPP/xamppfiles/htdocs/smarthospital-ivf/smarthospital-ivf/app/Controllers/patient.php(184): CodeIgniter\HTTP\RedirectResponse->to()
#1 /Applications/XAMPP/xamppfiles/htdocs/smarthospital-ivf/smarthospital-ivf/system/CodeIgniter.php(826): App\Controllers\Patient->add()
#2 /Applications/XAMPP/xamppfiles/htdocs/smarthospital-ivf/smarthospital-ivf/system/CodeIgniter.php(412): CodeIgniter\CodeIgniter->runController(Object(App\Controllers\Patient))
#3 /Applications/XAMPP/xamppfiles/htdocs/smarthospital-ivf/smarthospital-ivf/system/CodeIgniter.php(320): CodeIgniter\CodeIgniter->handleRequest(NULL, Object(Config\Cache), false)
#4 /Applications/XAMPP/xamppfiles/htdocs/smarthospital-ivf/smarthospital-ivf/public/index.php(37): CodeIgniter\CodeIgniter->run()
#5 /Applications/XAMPP/xamppfiles/htdocs/smarthospital-ivf/smarthospital-ivf/system/Commands/Server/rewrite.php(43): require_once('/Applications/X...')
#6 {main}
