ERROR - 2021-11-19 00:00:01 --> Unknown column 'nation' in 'field list'
CRITICAL - 2021-11-19 00:00:01 --> Call to undefined method CodeIgniter\Database\MySQLi\Builder::last_query()
#0 C:\xampp\htdocs\Codeinteger\app\Controllers\Patient.php(131): App\Models\DataModel->updateData(Array, 'tb_patient', Array)
#1 C:\xampp\htdocs\Codeinteger\system\CodeIgniter.php(824): App\Controllers\Patient->add()
#2 C:\xampp\htdocs\Codeinteger\system\CodeIgniter.php(410): CodeIgniter\CodeIgniter->runController(Object(App\Controllers\Patient))
#3 C:\xampp\htdocs\Codeinteger\system\CodeIgniter.php(318): CodeIgniter\CodeIgniter->handleRequest(NULL, Object(Config\Cache), false)
#4 C:\xampp\htdocs\Codeinteger\public\index.php(37): CodeIgniter\CodeIgniter->run()
#5 C:\xampp\htdocs\Codeinteger\system\Commands\Server\rewrite.php(43): require_once('C:\\xampp\\htdocs...')
#6 {main}
CRITICAL - 2021-11-19 00:00:50 --> syntax error, unexpected 'echo' (T_ECHO)
#0 C:\xampp\htdocs\Codeinteger\system\Autoloader\Autoloader.php(241): CodeIgniter\Autoloader\Autoloader->includeFile('C:\\xampp\\htdocs...')
#1 C:\xampp\htdocs\Codeinteger\system\Autoloader\Autoloader.php(219): CodeIgniter\Autoloader\Autoloader->loadInNamespace('App\\Models\\Data...')
#2 [internal function]: CodeIgniter\Autoloader\Autoloader->loadClass('App\\Models\\Data...')
#3 C:\xampp\htdocs\Codeinteger\app\Controllers\Patient.php(94): spl_autoload_call('App\\Models\\Data...')
#4 C:\xampp\htdocs\Codeinteger\system\CodeIgniter.php(824): App\Controllers\Patient->add()
#5 C:\xampp\htdocs\Codeinteger\system\CodeIgniter.php(410): CodeIgniter\CodeIgniter->runController(Object(App\Controllers\Patient))
#6 C:\xampp\htdocs\Codeinteger\system\CodeIgniter.php(318): CodeIgniter\CodeIgniter->handleRequest(NULL, Object(Config\Cache), false)
#7 C:\xampp\htdocs\Codeinteger\public\index.php(37): CodeIgniter\CodeIgniter->run()
#8 C:\xampp\htdocs\Codeinteger\system\Commands\Server\rewrite.php(43): require_once('C:\\xampp\\htdocs...')
#9 {main}
ERROR - 2021-11-19 00:00:56 --> Unknown column 'nation' in 'field list'
ERROR - 2021-11-19 00:01:07 --> Unknown column 'nation' in 'field list'
ERROR - 2021-11-19 00:01:51 --> Unknown column 'nation' in 'field list'
ERROR - 2021-11-19 00:02:11 --> Unknown column 'nation' in 'field list'
ERROR - 2021-11-19 00:02:15 --> Unknown column 'nation' in 'field list'
ERROR - 2021-11-19 00:02:55 --> Unknown column 'nation' in 'field list'
ERROR - 2021-11-19 00:04:20 --> Unknown column 'nation' in 'field list'
ERROR - 2021-11-19 00:05:35 --> Unknown column 'nation' in 'field list'
ERROR - 2021-11-19 00:05:39 --> Unknown column 'nation' in 'field list'
ERROR - 2021-11-19 00:05:53 --> Unknown column 'nation' in 'field list'
CRITICAL - 2021-11-19 00:06:24 --> A non-numeric value encountered
#0 C:\xampp\htdocs\Codeinteger\app\Views\patient\profile.php(194): CodeIgniter\Debug\Exceptions->errorHandler(2, 'A non-numeric v...', 'C:\\xampp\\htdocs...', 194, Array)
#1 C:\xampp\htdocs\Codeinteger\system\View\View.php(214): include('C:\\xampp\\htdocs...')
#2 C:\xampp\htdocs\Codeinteger\system\View\View.php(217): CodeIgniter\View\View->CodeIgniter\View\{closure}()
#3 C:\xampp\htdocs\Codeinteger\system\Common.php(1097): CodeIgniter\View\View->render('patient/profile', Array, true)
#4 C:\xampp\htdocs\Codeinteger\app\Controllers\Patient.php(78): view('patient/profile', Array)
#5 C:\xampp\htdocs\Codeinteger\system\CodeIgniter.php(824): App\Controllers\Patient->profile()
#6 C:\xampp\htdocs\Codeinteger\system\CodeIgniter.php(410): CodeIgniter\CodeIgniter->runController(Object(App\Controllers\Patient))
#7 C:\xampp\htdocs\Codeinteger\system\CodeIgniter.php(318): CodeIgniter\CodeIgniter->handleRequest(NULL, Object(Config\Cache), false)
#8 C:\xampp\htdocs\Codeinteger\public\index.php(37): CodeIgniter\CodeIgniter->run()
#9 C:\xampp\htdocs\Codeinteger\system\Commands\Server\rewrite.php(43): require_once('C:\\xampp\\htdocs...')
#10 {main}
CRITICAL - 2021-11-19 00:06:33 --> A non-numeric value encountered
#0 C:\xampp\htdocs\Codeinteger\app\Views\patient\profile.php(194): CodeIgniter\Debug\Exceptions->errorHandler(2, 'A non-numeric v...', 'C:\\xampp\\htdocs...', 194, Array)
#1 C:\xampp\htdocs\Codeinteger\system\View\View.php(214): include('C:\\xampp\\htdocs...')
#2 C:\xampp\htdocs\Codeinteger\system\View\View.php(217): CodeIgniter\View\View->CodeIgniter\View\{closure}()
#3 C:\xampp\htdocs\Codeinteger\system\Common.php(1097): CodeIgniter\View\View->render('patient/profile', Array, true)
#4 C:\xampp\htdocs\Codeinteger\app\Controllers\Patient.php(78): view('patient/profile', Array)
#5 C:\xampp\htdocs\Codeinteger\system\CodeIgniter.php(824): App\Controllers\Patient->profile()
#6 C:\xampp\htdocs\Codeinteger\system\CodeIgniter.php(410): CodeIgniter\CodeIgniter->runController(Object(App\Controllers\Patient))
#7 C:\xampp\htdocs\Codeinteger\system\CodeIgniter.php(318): CodeIgniter\CodeIgniter->handleRequest(NULL, Object(Config\Cache), false)
#8 C:\xampp\htdocs\Codeinteger\public\index.php(37): CodeIgniter\CodeIgniter->run()
#9 C:\xampp\htdocs\Codeinteger\system\Commands\Server\rewrite.php(43): require_once('C:\\xampp\\htdocs...')
#10 {main}
CRITICAL - 2021-11-19 00:06:42 --> A non-numeric value encountered
#0 C:\xampp\htdocs\Codeinteger\app\Views\patient\profile.php(194): CodeIgniter\Debug\Exceptions->errorHandler(2, 'A non-numeric v...', 'C:\\xampp\\htdocs...', 194, Array)
#1 C:\xampp\htdocs\Codeinteger\system\View\View.php(214): include('C:\\xampp\\htdocs...')
#2 C:\xampp\htdocs\Codeinteger\system\View\View.php(217): CodeIgniter\View\View->CodeIgniter\View\{closure}()
#3 C:\xampp\htdocs\Codeinteger\system\Common.php(1097): CodeIgniter\View\View->render('patient/profile', Array, true)
#4 C:\xampp\htdocs\Codeinteger\app\Controllers\Patient.php(78): view('patient/profile', Array)
#5 C:\xampp\htdocs\Codeinteger\system\CodeIgniter.php(824): App\Controllers\Patient->profile()
#6 C:\xampp\htdocs\Codeinteger\system\CodeIgniter.php(410): CodeIgniter\CodeIgniter->runController(Object(App\Controllers\Patient))
#7 C:\xampp\htdocs\Codeinteger\system\CodeIgniter.php(318): CodeIgniter\CodeIgniter->handleRequest(NULL, Object(Config\Cache), false)
#8 C:\xampp\htdocs\Codeinteger\public\index.php(37): CodeIgniter\CodeIgniter->run()
#9 C:\xampp\htdocs\Codeinteger\system\Commands\Server\rewrite.php(43): require_once('C:\\xampp\\htdocs...')
#10 {main}
CRITICAL - 2021-11-19 00:06:46 --> A non-numeric value encountered
#0 C:\xampp\htdocs\Codeinteger\app\Views\patient\profile.php(194): CodeIgniter\Debug\Exceptions->errorHandler(2, 'A non-numeric v...', 'C:\\xampp\\htdocs...', 194, Array)
#1 C:\xampp\htdocs\Codeinteger\system\View\View.php(214): include('C:\\xampp\\htdocs...')
#2 C:\xampp\htdocs\Codeinteger\system\View\View.php(217): CodeIgniter\View\View->CodeIgniter\View\{closure}()
#3 C:\xampp\htdocs\Codeinteger\system\Common.php(1097): CodeIgniter\View\View->render('patient/profile', Array, true)
#4 C:\xampp\htdocs\Codeinteger\app\Controllers\Patient.php(78): view('patient/profile', Array)
#5 C:\xampp\htdocs\Codeinteger\system\CodeIgniter.php(824): App\Controllers\Patient->profile()
#6 C:\xampp\htdocs\Codeinteger\system\CodeIgniter.php(410): CodeIgniter\CodeIgniter->runController(Object(App\Controllers\Patient))
#7 C:\xampp\htdocs\Codeinteger\system\CodeIgniter.php(318): CodeIgniter\CodeIgniter->handleRequest(NULL, Object(Config\Cache), false)
#8 C:\xampp\htdocs\Codeinteger\public\index.php(37): CodeIgniter\CodeIgniter->run()
#9 C:\xampp\htdocs\Codeinteger\system\Commands\Server\rewrite.php(43): require_once('C:\\xampp\\htdocs...')
#10 {main}
CRITICAL - 2021-11-19 00:06:51 --> A non-numeric value encountered
#0 C:\xampp\htdocs\Codeinteger\app\Views\patient\profile.php(194): CodeIgniter\Debug\Exceptions->errorHandler(2, 'A non-numeric v...', 'C:\\xampp\\htdocs...', 194, Array)
#1 C:\xampp\htdocs\Codeinteger\system\View\View.php(214): include('C:\\xampp\\htdocs...')
#2 C:\xampp\htdocs\Codeinteger\system\View\View.php(217): CodeIgniter\View\View->CodeIgniter\View\{closure}()
#3 C:\xampp\htdocs\Codeinteger\system\Common.php(1097): CodeIgniter\View\View->render('patient/profile', Array, true)
#4 C:\xampp\htdocs\Codeinteger\app\Controllers\Patient.php(78): view('patient/profile', Array)
#5 C:\xampp\htdocs\Codeinteger\system\CodeIgniter.php(824): App\Controllers\Patient->profile()
#6 C:\xampp\htdocs\Codeinteger\system\CodeIgniter.php(410): CodeIgniter\CodeIgniter->runController(Object(App\Controllers\Patient))
#7 C:\xampp\htdocs\Codeinteger\system\CodeIgniter.php(318): CodeIgniter\CodeIgniter->handleRequest(NULL, Object(Config\Cache), false)
#8 C:\xampp\htdocs\Codeinteger\public\index.php(37): CodeIgniter\CodeIgniter->run()
#9 C:\xampp\htdocs\Codeinteger\system\Commands\Server\rewrite.php(43): require_once('C:\\xampp\\htdocs...')
#10 {main}
CRITICAL - 2021-11-19 00:07:29 --> A non-numeric value encountered
#0 C:\xampp\htdocs\Codeinteger\app\Views\patient\profile.php(194): CodeIgniter\Debug\Exceptions->errorHandler(2, 'A non-numeric v...', 'C:\\xampp\\htdocs...', 194, Array)
#1 C:\xampp\htdocs\Codeinteger\system\View\View.php(214): include('C:\\xampp\\htdocs...')
#2 C:\xampp\htdocs\Codeinteger\system\View\View.php(217): CodeIgniter\View\View->CodeIgniter\View\{closure}()
#3 C:\xampp\htdocs\Codeinteger\system\Common.php(1097): CodeIgniter\View\View->render('patient/profile', Array, true)
#4 C:\xampp\htdocs\Codeinteger\app\Controllers\Patient.php(78): view('patient/profile', Array)
#5 C:\xampp\htdocs\Codeinteger\system\CodeIgniter.php(824): App\Controllers\Patient->profile()
#6 C:\xampp\htdocs\Codeinteger\system\CodeIgniter.php(410): CodeIgniter\CodeIgniter->runController(Object(App\Controllers\Patient))
#7 C:\xampp\htdocs\Codeinteger\system\CodeIgniter.php(318): CodeIgniter\CodeIgniter->handleRequest(NULL, Object(Config\Cache), false)
#8 C:\xampp\htdocs\Codeinteger\public\index.php(37): CodeIgniter\CodeIgniter->run()
#9 C:\xampp\htdocs\Codeinteger\system\Commands\Server\rewrite.php(43): require_once('C:\\xampp\\htdocs...')
#10 {main}
CRITICAL - 2021-11-19 00:07:49 --> A non-numeric value encountered
#0 C:\xampp\htdocs\Codeinteger\app\Views\patient\profile.php(194): CodeIgniter\Debug\Exceptions->errorHandler(2, 'A non-numeric v...', 'C:\\xampp\\htdocs...', 194, Array)
#1 C:\xampp\htdocs\Codeinteger\system\View\View.php(214): include('C:\\xampp\\htdocs...')
#2 C:\xampp\htdocs\Codeinteger\system\View\View.php(217): CodeIgniter\View\View->CodeIgniter\View\{closure}()
#3 C:\xampp\htdocs\Codeinteger\system\Common.php(1097): CodeIgniter\View\View->render('patient/profile', Array, true)
#4 C:\xampp\htdocs\Codeinteger\app\Controllers\Patient.php(78): view('patient/profile', Array)
#5 C:\xampp\htdocs\Codeinteger\system\CodeIgniter.php(824): App\Controllers\Patient->profile()
#6 C:\xampp\htdocs\Codeinteger\system\CodeIgniter.php(410): CodeIgniter\CodeIgniter->runController(Object(App\Controllers\Patient))
#7 C:\xampp\htdocs\Codeinteger\system\CodeIgniter.php(318): CodeIgniter\CodeIgniter->handleRequest(NULL, Object(Config\Cache), false)
#8 C:\xampp\htdocs\Codeinteger\public\index.php(37): CodeIgniter\CodeIgniter->run()
#9 C:\xampp\htdocs\Codeinteger\system\Commands\Server\rewrite.php(43): require_once('C:\\xampp\\htdocs...')
#10 {main}
CRITICAL - 2021-11-19 00:08:22 --> A non-numeric value encountered
#0 C:\xampp\htdocs\Codeinteger\app\Views\patient\profile.php(194): CodeIgniter\Debug\Exceptions->errorHandler(2, 'A non-numeric v...', 'C:\\xampp\\htdocs...', 194, Array)
#1 C:\xampp\htdocs\Codeinteger\system\View\View.php(214): include('C:\\xampp\\htdocs...')
#2 C:\xampp\htdocs\Codeinteger\system\View\View.php(217): CodeIgniter\View\View->CodeIgniter\View\{closure}()
#3 C:\xampp\htdocs\Codeinteger\system\Common.php(1097): CodeIgniter\View\View->render('patient/profile', Array, true)
#4 C:\xampp\htdocs\Codeinteger\app\Controllers\Patient.php(78): view('patient/profile', Array)
#5 C:\xampp\htdocs\Codeinteger\system\CodeIgniter.php(824): App\Controllers\Patient->profile()
#6 C:\xampp\htdocs\Codeinteger\system\CodeIgniter.php(410): CodeIgniter\CodeIgniter->runController(Object(App\Controllers\Patient))
#7 C:\xampp\htdocs\Codeinteger\system\CodeIgniter.php(318): CodeIgniter\CodeIgniter->handleRequest(NULL, Object(Config\Cache), false)
#8 C:\xampp\htdocs\Codeinteger\public\index.php(37): CodeIgniter\CodeIgniter->run()
#9 C:\xampp\htdocs\Codeinteger\system\Commands\Server\rewrite.php(43): require_once('C:\\xampp\\htdocs...')
#10 {main}
CRITICAL - 2021-11-19 00:08:31 --> A non-numeric value encountered
#0 C:\xampp\htdocs\Codeinteger\app\Views\patient\profile.php(194): CodeIgniter\Debug\Exceptions->errorHandler(2, 'A non-numeric v...', 'C:\\xampp\\htdocs...', 194, Array)
#1 C:\xampp\htdocs\Codeinteger\system\View\View.php(214): include('C:\\xampp\\htdocs...')
#2 C:\xampp\htdocs\Codeinteger\system\View\View.php(217): CodeIgniter\View\View->CodeIgniter\View\{closure}()
#3 C:\xampp\htdocs\Codeinteger\system\Common.php(1097): CodeIgniter\View\View->render('patient/profile', Array, true)
#4 C:\xampp\htdocs\Codeinteger\app\Controllers\Patient.php(78): view('patient/profile', Array)
#5 C:\xampp\htdocs\Codeinteger\system\CodeIgniter.php(824): App\Controllers\Patient->profile()
#6 C:\xampp\htdocs\Codeinteger\system\CodeIgniter.php(410): CodeIgniter\CodeIgniter->runController(Object(App\Controllers\Patient))
#7 C:\xampp\htdocs\Codeinteger\system\CodeIgniter.php(318): CodeIgniter\CodeIgniter->handleRequest(NULL, Object(Config\Cache), false)
#8 C:\xampp\htdocs\Codeinteger\public\index.php(37): CodeIgniter\CodeIgniter->run()
#9 C:\xampp\htdocs\Codeinteger\system\Commands\Server\rewrite.php(43): require_once('C:\\xampp\\htdocs...')
#10 {main}
CRITICAL - 2021-11-19 00:09:18 --> A non-numeric value encountered
#0 C:\xampp\htdocs\Codeinteger\app\Views\patient\profile.php(194): CodeIgniter\Debug\Exceptions->errorHandler(2, 'A non-numeric v...', 'C:\\xampp\\htdocs...', 194, Array)
#1 C:\xampp\htdocs\Codeinteger\system\View\View.php(214): include('C:\\xampp\\htdocs...')
#2 C:\xampp\htdocs\Codeinteger\system\View\View.php(217): CodeIgniter\View\View->CodeIgniter\View\{closure}()
#3 C:\xampp\htdocs\Codeinteger\system\Common.php(1097): CodeIgniter\View\View->render('patient/profile', Array, true)
#4 C:\xampp\htdocs\Codeinteger\app\Controllers\Patient.php(78): view('patient/profile', Array)
#5 C:\xampp\htdocs\Codeinteger\system\CodeIgniter.php(824): App\Controllers\Patient->profile()
#6 C:\xampp\htdocs\Codeinteger\system\CodeIgniter.php(410): CodeIgniter\CodeIgniter->runController(Object(App\Controllers\Patient))
#7 C:\xampp\htdocs\Codeinteger\system\CodeIgniter.php(318): CodeIgniter\CodeIgniter->handleRequest(NULL, Object(Config\Cache), false)
#8 C:\xampp\htdocs\Codeinteger\public\index.php(37): CodeIgniter\CodeIgniter->run()
#9 C:\xampp\htdocs\Codeinteger\system\Commands\Server\rewrite.php(43): require_once('C:\\xampp\\htdocs...')
#10 {main}
CRITICAL - 2021-11-19 00:09:35 --> A non-numeric value encountered
#0 C:\xampp\htdocs\Codeinteger\app\Views\patient\profile.php(194): CodeIgniter\Debug\Exceptions->errorHandler(2, 'A non-numeric v...', 'C:\\xampp\\htdocs...', 194, Array)
#1 C:\xampp\htdocs\Codeinteger\system\View\View.php(214): include('C:\\xampp\\htdocs...')
#2 C:\xampp\htdocs\Codeinteger\system\View\View.php(217): CodeIgniter\View\View->CodeIgniter\View\{closure}()
#3 C:\xampp\htdocs\Codeinteger\system\Common.php(1097): CodeIgniter\View\View->render('patient/profile', Array, true)
#4 C:\xampp\htdocs\Codeinteger\app\Controllers\Patient.php(78): view('patient/profile', Array)
#5 C:\xampp\htdocs\Codeinteger\system\CodeIgniter.php(824): App\Controllers\Patient->profile()
#6 C:\xampp\htdocs\Codeinteger\system\CodeIgniter.php(410): CodeIgniter\CodeIgniter->runController(Object(App\Controllers\Patient))
#7 C:\xampp\htdocs\Codeinteger\system\CodeIgniter.php(318): CodeIgniter\CodeIgniter->handleRequest(NULL, Object(Config\Cache), false)
#8 C:\xampp\htdocs\Codeinteger\public\index.php(37): CodeIgniter\CodeIgniter->run()
#9 C:\xampp\htdocs\Codeinteger\system\Commands\Server\rewrite.php(43): require_once('C:\\xampp\\htdocs...')
#10 {main}
CRITICAL - 2021-11-19 00:10:23 --> A non-numeric value encountered
#0 C:\xampp\htdocs\Codeinteger\app\Views\patient\profile.php(194): CodeIgniter\Debug\Exceptions->errorHandler(2, 'A non-numeric v...', 'C:\\xampp\\htdocs...', 194, Array)
#1 C:\xampp\htdocs\Codeinteger\system\View\View.php(214): include('C:\\xampp\\htdocs...')
#2 C:\xampp\htdocs\Codeinteger\system\View\View.php(217): CodeIgniter\View\View->CodeIgniter\View\{closure}()
#3 C:\xampp\htdocs\Codeinteger\system\Common.php(1097): CodeIgniter\View\View->render('patient/profile', Array, true)
#4 C:\xampp\htdocs\Codeinteger\app\Controllers\Patient.php(79): view('patient/profile', Array)
#5 C:\xampp\htdocs\Codeinteger\system\CodeIgniter.php(824): App\Controllers\Patient->profile()
#6 C:\xampp\htdocs\Codeinteger\system\CodeIgniter.php(410): CodeIgniter\CodeIgniter->runController(Object(App\Controllers\Patient))
#7 C:\xampp\htdocs\Codeinteger\system\CodeIgniter.php(318): CodeIgniter\CodeIgniter->handleRequest(NULL, Object(Config\Cache), false)
#8 C:\xampp\htdocs\Codeinteger\public\index.php(37): CodeIgniter\CodeIgniter->run()
#9 C:\xampp\htdocs\Codeinteger\system\Commands\Server\rewrite.php(43): require_once('C:\\xampp\\htdocs...')
#10 {main}
CRITICAL - 2021-11-19 00:10:42 --> A non-numeric value encountered
#0 C:\xampp\htdocs\Codeinteger\app\Views\patient\profile.php(194): CodeIgniter\Debug\Exceptions->errorHandler(2, 'A non-numeric v...', 'C:\\xampp\\htdocs...', 194, Array)
#1 C:\xampp\htdocs\Codeinteger\system\View\View.php(214): include('C:\\xampp\\htdocs...')
#2 C:\xampp\htdocs\Codeinteger\system\View\View.php(217): CodeIgniter\View\View->CodeIgniter\View\{closure}()
#3 C:\xampp\htdocs\Codeinteger\system\Common.php(1097): CodeIgniter\View\View->render('patient/profile', Array, true)
#4 C:\xampp\htdocs\Codeinteger\app\Controllers\Patient.php(79): view('patient/profile', Array)
#5 C:\xampp\htdocs\Codeinteger\system\CodeIgniter.php(824): App\Controllers\Patient->profile()
#6 C:\xampp\htdocs\Codeinteger\system\CodeIgniter.php(410): CodeIgniter\CodeIgniter->runController(Object(App\Controllers\Patient))
#7 C:\xampp\htdocs\Codeinteger\system\CodeIgniter.php(318): CodeIgniter\CodeIgniter->handleRequest(NULL, Object(Config\Cache), false)
#8 C:\xampp\htdocs\Codeinteger\public\index.php(37): CodeIgniter\CodeIgniter->run()
#9 C:\xampp\htdocs\Codeinteger\system\Commands\Server\rewrite.php(43): require_once('C:\\xampp\\htdocs...')
#10 {main}
CRITICAL - 2021-11-19 00:11:05 --> A non-numeric value encountered
#0 C:\xampp\htdocs\Codeinteger\app\Views\patient\profile.php(194): CodeIgniter\Debug\Exceptions->errorHandler(2, 'A non-numeric v...', 'C:\\xampp\\htdocs...', 194, Array)
#1 C:\xampp\htdocs\Codeinteger\system\View\View.php(214): include('C:\\xampp\\htdocs...')
#2 C:\xampp\htdocs\Codeinteger\system\View\View.php(217): CodeIgniter\View\View->CodeIgniter\View\{closure}()
#3 C:\xampp\htdocs\Codeinteger\system\Common.php(1097): CodeIgniter\View\View->render('patient/profile', Array, true)
#4 C:\xampp\htdocs\Codeinteger\app\Controllers\Patient.php(79): view('patient/profile', Array)
#5 C:\xampp\htdocs\Codeinteger\system\CodeIgniter.php(824): App\Controllers\Patient->profile()
#6 C:\xampp\htdocs\Codeinteger\system\CodeIgniter.php(410): CodeIgniter\CodeIgniter->runController(Object(App\Controllers\Patient))
#7 C:\xampp\htdocs\Codeinteger\system\CodeIgniter.php(318): CodeIgniter\CodeIgniter->handleRequest(NULL, Object(Config\Cache), false)
#8 C:\xampp\htdocs\Codeinteger\public\index.php(37): CodeIgniter\CodeIgniter->run()
#9 C:\xampp\htdocs\Codeinteger\system\Commands\Server\rewrite.php(43): require_once('C:\\xampp\\htdocs...')
#10 {main}
CRITICAL - 2021-11-19 00:11:08 --> A non-numeric value encountered
#0 C:\xampp\htdocs\Codeinteger\app\Views\patient\profile.php(194): CodeIgniter\Debug\Exceptions->errorHandler(2, 'A non-numeric v...', 'C:\\xampp\\htdocs...', 194, Array)
#1 C:\xampp\htdocs\Codeinteger\system\View\View.php(214): include('C:\\xampp\\htdocs...')
#2 C:\xampp\htdocs\Codeinteger\system\View\View.php(217): CodeIgniter\View\View->CodeIgniter\View\{closure}()
#3 C:\xampp\htdocs\Codeinteger\system\Common.php(1097): CodeIgniter\View\View->render('patient/profile', Array, true)
#4 C:\xampp\htdocs\Codeinteger\app\Controllers\Patient.php(79): view('patient/profile', Array)
#5 C:\xampp\htdocs\Codeinteger\system\CodeIgniter.php(824): App\Controllers\Patient->profile()
#6 C:\xampp\htdocs\Codeinteger\system\CodeIgniter.php(410): CodeIgniter\CodeIgniter->runController(Object(App\Controllers\Patient))
#7 C:\xampp\htdocs\Codeinteger\system\CodeIgniter.php(318): CodeIgniter\CodeIgniter->handleRequest(NULL, Object(Config\Cache), false)
#8 C:\xampp\htdocs\Codeinteger\public\index.php(37): CodeIgniter\CodeIgniter->run()
#9 C:\xampp\htdocs\Codeinteger\system\Commands\Server\rewrite.php(43): require_once('C:\\xampp\\htdocs...')
#10 {main}
ERROR - 2021-11-19 00:11:13 --> Unknown column 'nation' in 'field list'
ERROR - 2021-11-19 00:11:17 --> Unknown column 'nation' in 'field list'
ERROR - 2021-11-19 00:11:24 --> Unknown column 'nation' in 'field list'
CRITICAL - 2021-11-19 00:11:45 --> A non-numeric value encountered
#0 C:\xampp\htdocs\Codeinteger\app\Views\patient\profile.php(194): CodeIgniter\Debug\Exceptions->errorHandler(2, 'A non-numeric v...', 'C:\\xampp\\htdocs...', 194, Array)
#1 C:\xampp\htdocs\Codeinteger\system\View\View.php(214): include('C:\\xampp\\htdocs...')
#2 C:\xampp\htdocs\Codeinteger\system\View\View.php(217): CodeIgniter\View\View->CodeIgniter\View\{closure}()
#3 C:\xampp\htdocs\Codeinteger\system\Common.php(1097): CodeIgniter\View\View->render('patient/profile', Array, true)
#4 C:\xampp\htdocs\Codeinteger\app\Controllers\Patient.php(79): view('patient/profile', Array)
#5 C:\xampp\htdocs\Codeinteger\system\CodeIgniter.php(824): App\Controllers\Patient->profile()
#6 C:\xampp\htdocs\Codeinteger\system\CodeIgniter.php(410): CodeIgniter\CodeIgniter->runController(Object(App\Controllers\Patient))
#7 C:\xampp\htdocs\Codeinteger\system\CodeIgniter.php(318): CodeIgniter\CodeIgniter->handleRequest(NULL, Object(Config\Cache), false)
#8 C:\xampp\htdocs\Codeinteger\public\index.php(37): CodeIgniter\CodeIgniter->run()
#9 C:\xampp\htdocs\Codeinteger\system\Commands\Server\rewrite.php(43): require_once('C:\\xampp\\htdocs...')
#10 {main}
CRITICAL - 2021-11-19 00:11:52 --> A non-numeric value encountered
#0 C:\xampp\htdocs\Codeinteger\app\Views\patient\profile.php(194): CodeIgniter\Debug\Exceptions->errorHandler(2, 'A non-numeric v...', 'C:\\xampp\\htdocs...', 194, Array)
#1 C:\xampp\htdocs\Codeinteger\system\View\View.php(214): include('C:\\xampp\\htdocs...')
#2 C:\xampp\htdocs\Codeinteger\system\View\View.php(217): CodeIgniter\View\View->CodeIgniter\View\{closure}()
#3 C:\xampp\htdocs\Codeinteger\system\Common.php(1097): CodeIgniter\View\View->render('patient/profile', Array, true)
#4 C:\xampp\htdocs\Codeinteger\app\Controllers\Patient.php(79): view('patient/profile', Array)
#5 C:\xampp\htdocs\Codeinteger\system\CodeIgniter.php(824): App\Controllers\Patient->profile()
#6 C:\xampp\htdocs\Codeinteger\system\CodeIgniter.php(410): CodeIgniter\CodeIgniter->runController(Object(App\Controllers\Patient))
#7 C:\xampp\htdocs\Codeinteger\system\CodeIgniter.php(318): CodeIgniter\CodeIgniter->handleRequest(NULL, Object(Config\Cache), false)
#8 C:\xampp\htdocs\Codeinteger\public\index.php(37): CodeIgniter\CodeIgniter->run()
#9 C:\xampp\htdocs\Codeinteger\system\Commands\Server\rewrite.php(43): require_once('C:\\xampp\\htdocs...')
#10 {main}
CRITICAL - 2021-11-19 00:11:53 --> A non-numeric value encountered
#0 C:\xampp\htdocs\Codeinteger\app\Views\patient\profile.php(194): CodeIgniter\Debug\Exceptions->errorHandler(2, 'A non-numeric v...', 'C:\\xampp\\htdocs...', 194, Array)
#1 C:\xampp\htdocs\Codeinteger\system\View\View.php(214): include('C:\\xampp\\htdocs...')
#2 C:\xampp\htdocs\Codeinteger\system\View\View.php(217): CodeIgniter\View\View->CodeIgniter\View\{closure}()
#3 C:\xampp\htdocs\Codeinteger\system\Common.php(1097): CodeIgniter\View\View->render('patient/profile', Array, true)
#4 C:\xampp\htdocs\Codeinteger\app\Controllers\Patient.php(79): view('patient/profile', Array)
#5 C:\xampp\htdocs\Codeinteger\system\CodeIgniter.php(824): App\Controllers\Patient->profile()
#6 C:\xampp\htdocs\Codeinteger\system\CodeIgniter.php(410): CodeIgniter\CodeIgniter->runController(Object(App\Controllers\Patient))
#7 C:\xampp\htdocs\Codeinteger\system\CodeIgniter.php(318): CodeIgniter\CodeIgniter->handleRequest(NULL, Object(Config\Cache), false)
#8 C:\xampp\htdocs\Codeinteger\public\index.php(37): CodeIgniter\CodeIgniter->run()
#9 C:\xampp\htdocs\Codeinteger\system\Commands\Server\rewrite.php(43): require_once('C:\\xampp\\htdocs...')
#10 {main}
CRITICAL - 2021-11-19 00:11:55 --> A non-numeric value encountered
#0 C:\xampp\htdocs\Codeinteger\app\Views\patient\profile.php(194): CodeIgniter\Debug\Exceptions->errorHandler(2, 'A non-numeric v...', 'C:\\xampp\\htdocs...', 194, Array)
#1 C:\xampp\htdocs\Codeinteger\system\View\View.php(214): include('C:\\xampp\\htdocs...')
#2 C:\xampp\htdocs\Codeinteger\system\View\View.php(217): CodeIgniter\View\View->CodeIgniter\View\{closure}()
#3 C:\xampp\htdocs\Codeinteger\system\Common.php(1097): CodeIgniter\View\View->render('patient/profile', Array, true)
#4 C:\xampp\htdocs\Codeinteger\app\Controllers\Patient.php(79): view('patient/profile', Array)
#5 C:\xampp\htdocs\Codeinteger\system\CodeIgniter.php(824): App\Controllers\Patient->profile()
#6 C:\xampp\htdocs\Codeinteger\system\CodeIgniter.php(410): CodeIgniter\CodeIgniter->runController(Object(App\Controllers\Patient))
#7 C:\xampp\htdocs\Codeinteger\system\CodeIgniter.php(318): CodeIgniter\CodeIgniter->handleRequest(NULL, Object(Config\Cache), false)
#8 C:\xampp\htdocs\Codeinteger\public\index.php(37): CodeIgniter\CodeIgniter->run()
#9 C:\xampp\htdocs\Codeinteger\system\Commands\Server\rewrite.php(43): require_once('C:\\xampp\\htdocs...')
#10 {main}
ERROR - 2021-11-19 00:12:43 --> Unknown column 'nation' in 'field list'
ERROR - 2021-11-19 00:15:16 --> Unknown column 'nation' in 'field list'
ERROR - 2021-11-19 00:15:19 --> Unknown column 'nation' in 'field list'
ERROR - 2021-11-19 00:17:16 --> Unknown column 'nation' in 'field list'
CRITICAL - 2021-11-19 00:17:16 --> Call to a member function protect() on bool
#0 C:\xampp\htdocs\Codeinteger\app\Controllers\Patient.php(132): App\Models\DataModel->updateData(Array, 'tb_patient', Array)
#1 C:\xampp\htdocs\Codeinteger\system\CodeIgniter.php(824): App\Controllers\Patient->add()
#2 C:\xampp\htdocs\Codeinteger\system\CodeIgniter.php(410): CodeIgniter\CodeIgniter->runController(Object(App\Controllers\Patient))
#3 C:\xampp\htdocs\Codeinteger\system\CodeIgniter.php(318): CodeIgniter\CodeIgniter->handleRequest(NULL, Object(Config\Cache), false)
#4 C:\xampp\htdocs\Codeinteger\public\index.php(37): CodeIgniter\CodeIgniter->run()
#5 C:\xampp\htdocs\Codeinteger\system\Commands\Server\rewrite.php(43): require_once('C:\\xampp\\htdocs...')
#6 {main}
ERROR - 2021-11-19 00:18:11 --> Unknown column 'nation' in 'field list'
ERROR - 2021-11-19 00:18:19 --> Unknown column 'nation' in 'field list'
ERROR - 2021-11-19 00:18:42 --> Unknown column 'nation' in 'field list'
ERROR - 2021-11-19 00:21:27 --> Unknown column 'nation' in 'field list'
ERROR - 2021-11-19 00:22:11 --> Unknown column 'nation' in 'field list'
ERROR - 2021-11-19 00:22:58 --> Unknown column 'nation' in 'field list'
ERROR - 2021-11-19 00:23:34 --> Unknown column 'nation' in 'field list'
ERROR - 2021-11-19 00:24:21 --> Unknown column 'nation' in 'field list'
CRITICAL - 2021-11-19 00:46:11 --> Call to undefined function DataModel()
#0 C:\xampp\htdocs\Codeinteger\system\View\View.php(214): include()
#1 C:\xampp\htdocs\Codeinteger\system\View\View.php(217): CodeIgniter\View\View->CodeIgniter\View\{closure}()
#2 C:\xampp\htdocs\Codeinteger\system\Common.php(1097): CodeIgniter\View\View->render('patient/profile', Array, true)
#3 C:\xampp\htdocs\Codeinteger\app\Controllers\Patient.php(79): view('patient/profile', Array)
#4 C:\xampp\htdocs\Codeinteger\system\CodeIgniter.php(824): App\Controllers\Patient->profile()
#5 C:\xampp\htdocs\Codeinteger\system\CodeIgniter.php(410): CodeIgniter\CodeIgniter->runController(Object(App\Controllers\Patient))
#6 C:\xampp\htdocs\Codeinteger\system\CodeIgniter.php(318): CodeIgniter\CodeIgniter->handleRequest(NULL, Object(Config\Cache), false)
#7 C:\xampp\htdocs\Codeinteger\public\index.php(37): CodeIgniter\CodeIgniter->run()
#8 C:\xampp\htdocs\Codeinteger\system\Commands\Server\rewrite.php(43): require_once('C:\\xampp\\htdocs...')
#9 {main}
CRITICAL - 2021-11-19 00:46:56 --> Class 'DataModel' not found
#0 C:\xampp\htdocs\Codeinteger\system\View\View.php(214): include()
#1 C:\xampp\htdocs\Codeinteger\system\View\View.php(217): CodeIgniter\View\View->CodeIgniter\View\{closure}()
#2 C:\xampp\htdocs\Codeinteger\system\Common.php(1097): CodeIgniter\View\View->render('patient/profile', Array, true)
#3 C:\xampp\htdocs\Codeinteger\app\Controllers\Patient.php(79): view('patient/profile', Array)
#4 C:\xampp\htdocs\Codeinteger\system\CodeIgniter.php(824): App\Controllers\Patient->profile()
#5 C:\xampp\htdocs\Codeinteger\system\CodeIgniter.php(410): CodeIgniter\CodeIgniter->runController(Object(App\Controllers\Patient))
#6 C:\xampp\htdocs\Codeinteger\system\CodeIgniter.php(318): CodeIgniter\CodeIgniter->handleRequest(NULL, Object(Config\Cache), false)
#7 C:\xampp\htdocs\Codeinteger\public\index.php(37): CodeIgniter\CodeIgniter->run()
#8 C:\xampp\htdocs\Codeinteger\system\Commands\Server\rewrite.php(43): require_once('C:\\xampp\\htdocs...')
#9 {main}
CRITICAL - 2021-11-19 00:48:22 --> Call to a member function query() on null
#0 C:\xampp\htdocs\Codeinteger\system\View\View.php(214): include()
#1 C:\xampp\htdocs\Codeinteger\system\View\View.php(217): CodeIgniter\View\View->CodeIgniter\View\{closure}()
#2 C:\xampp\htdocs\Codeinteger\system\Common.php(1097): CodeIgniter\View\View->render('patient/profile', Array, true)
#3 C:\xampp\htdocs\Codeinteger\app\Controllers\Patient.php(79): view('patient/profile', Array)
#4 C:\xampp\htdocs\Codeinteger\system\CodeIgniter.php(824): App\Controllers\Patient->profile()
#5 C:\xampp\htdocs\Codeinteger\system\CodeIgniter.php(410): CodeIgniter\CodeIgniter->runController(Object(App\Controllers\Patient))
#6 C:\xampp\htdocs\Codeinteger\system\CodeIgniter.php(318): CodeIgniter\CodeIgniter->handleRequest(NULL, Object(Config\Cache), false)
#7 C:\xampp\htdocs\Codeinteger\public\index.php(37): CodeIgniter\CodeIgniter->run()
#8 C:\xampp\htdocs\Codeinteger\system\Commands\Server\rewrite.php(43): require_once('C:\\xampp\\htdocs...')
#9 {main}
CRITICAL - 2021-11-19 01:19:44 --> Call to a member function query() on null
#0 C:\xampp\htdocs\Codeinteger\system\View\View.php(214): include()
#1 C:\xampp\htdocs\Codeinteger\system\View\View.php(217): CodeIgniter\View\View->CodeIgniter\View\{closure}()
#2 C:\xampp\htdocs\Codeinteger\system\Common.php(1097): CodeIgniter\View\View->render('patient/profile', Array, true)
#3 C:\xampp\htdocs\Codeinteger\app\Controllers\Patient.php(79): view('patient/profile', Array)
#4 C:\xampp\htdocs\Codeinteger\system\CodeIgniter.php(824): App\Controllers\Patient->profile()
#5 C:\xampp\htdocs\Codeinteger\system\CodeIgniter.php(410): CodeIgniter\CodeIgniter->runController(Object(App\Controllers\Patient))
#6 C:\xampp\htdocs\Codeinteger\system\CodeIgniter.php(318): CodeIgniter\CodeIgniter->handleRequest(NULL, Object(Config\Cache), false)
#7 C:\xampp\htdocs\Codeinteger\public\index.php(37): CodeIgniter\CodeIgniter->run()
#8 C:\xampp\htdocs\Codeinteger\system\Commands\Server\rewrite.php(43): require_once('C:\\xampp\\htdocs...')
#9 {main}
CRITICAL - 2021-11-19 01:19:53 --> Call to a member function query() on null
#0 C:\xampp\htdocs\Codeinteger\system\View\View.php(214): include()
#1 C:\xampp\htdocs\Codeinteger\system\View\View.php(217): CodeIgniter\View\View->CodeIgniter\View\{closure}()
#2 C:\xampp\htdocs\Codeinteger\system\Common.php(1097): CodeIgniter\View\View->render('patient/profile', Array, true)
#3 C:\xampp\htdocs\Codeinteger\app\Controllers\Patient.php(79): view('patient/profile', Array)
#4 C:\xampp\htdocs\Codeinteger\system\CodeIgniter.php(824): App\Controllers\Patient->profile()
#5 C:\xampp\htdocs\Codeinteger\system\CodeIgniter.php(410): CodeIgniter\CodeIgniter->runController(Object(App\Controllers\Patient))
#6 C:\xampp\htdocs\Codeinteger\system\CodeIgniter.php(318): CodeIgniter\CodeIgniter->handleRequest(NULL, Object(Config\Cache), false)
#7 C:\xampp\htdocs\Codeinteger\public\index.php(37): CodeIgniter\CodeIgniter->run()
#8 C:\xampp\htdocs\Codeinteger\system\Commands\Server\rewrite.php(43): require_once('C:\\xampp\\htdocs...')
#9 {main}
CRITICAL - 2021-11-19 01:20:01 --> Call to a member function query() on null
#0 C:\xampp\htdocs\Codeinteger\system\View\View.php(214): include()
#1 C:\xampp\htdocs\Codeinteger\system\View\View.php(217): CodeIgniter\View\View->CodeIgniter\View\{closure}()
#2 C:\xampp\htdocs\Codeinteger\system\Common.php(1097): CodeIgniter\View\View->render('patient/profile', Array, true)
#3 C:\xampp\htdocs\Codeinteger\app\Controllers\Patient.php(79): view('patient/profile', Array)
#4 C:\xampp\htdocs\Codeinteger\system\CodeIgniter.php(824): App\Controllers\Patient->profile()
#5 C:\xampp\htdocs\Codeinteger\system\CodeIgniter.php(410): CodeIgniter\CodeIgniter->runController(Object(App\Controllers\Patient))
#6 C:\xampp\htdocs\Codeinteger\system\CodeIgniter.php(318): CodeIgniter\CodeIgniter->handleRequest(NULL, Object(Config\Cache), false)
#7 C:\xampp\htdocs\Codeinteger\public\index.php(37): CodeIgniter\CodeIgniter->run()
#8 C:\xampp\htdocs\Codeinteger\system\Commands\Server\rewrite.php(43): require_once('C:\\xampp\\htdocs...')
#9 {main}
CRITICAL - 2021-11-19 01:20:15 --> Call to a member function query() on null
#0 C:\xampp\htdocs\Codeinteger\system\View\View.php(214): include()
#1 C:\xampp\htdocs\Codeinteger\system\View\View.php(217): CodeIgniter\View\View->CodeIgniter\View\{closure}()
#2 C:\xampp\htdocs\Codeinteger\system\Common.php(1097): CodeIgniter\View\View->render('patient/profile', Array, true)
#3 C:\xampp\htdocs\Codeinteger\app\Controllers\Patient.php(79): view('patient/profile', Array)
#4 C:\xampp\htdocs\Codeinteger\system\CodeIgniter.php(824): App\Controllers\Patient->profile()
#5 C:\xampp\htdocs\Codeinteger\system\CodeIgniter.php(410): CodeIgniter\CodeIgniter->runController(Object(App\Controllers\Patient))
#6 C:\xampp\htdocs\Codeinteger\system\CodeIgniter.php(318): CodeIgniter\CodeIgniter->handleRequest(NULL, Object(Config\Cache), false)
#7 C:\xampp\htdocs\Codeinteger\public\index.php(37): CodeIgniter\CodeIgniter->run()
#8 C:\xampp\htdocs\Codeinteger\system\Commands\Server\rewrite.php(43): require_once('C:\\xampp\\htdocs...')
#9 {main}
CRITICAL - 2021-11-19 01:20:41 --> Call to a member function query() on null
#0 C:\xampp\htdocs\Codeinteger\system\View\View.php(214): include()
#1 C:\xampp\htdocs\Codeinteger\system\View\View.php(217): CodeIgniter\View\View->CodeIgniter\View\{closure}()
#2 C:\xampp\htdocs\Codeinteger\system\Common.php(1097): CodeIgniter\View\View->render('patient/profile', Array, true)
#3 C:\xampp\htdocs\Codeinteger\app\Controllers\Patient.php(79): view('patient/profile', Array)
#4 C:\xampp\htdocs\Codeinteger\system\CodeIgniter.php(824): App\Controllers\Patient->profile()
#5 C:\xampp\htdocs\Codeinteger\system\CodeIgniter.php(410): CodeIgniter\CodeIgniter->runController(Object(App\Controllers\Patient))
#6 C:\xampp\htdocs\Codeinteger\system\CodeIgniter.php(318): CodeIgniter\CodeIgniter->handleRequest(NULL, Object(Config\Cache), false)
#7 C:\xampp\htdocs\Codeinteger\public\index.php(37): CodeIgniter\CodeIgniter->run()
#8 C:\xampp\htdocs\Codeinteger\system\Commands\Server\rewrite.php(43): require_once('C:\\xampp\\htdocs...')
#9 {main}
CRITICAL - 2021-11-19 01:32:27 --> Call to undefined function App\Controllers\alert()
#0 C:\xampp\htdocs\Codeinteger\system\CodeIgniter.php(824): App\Controllers\Patient->DataArray()
#1 C:\xampp\htdocs\Codeinteger\system\CodeIgniter.php(410): CodeIgniter\CodeIgniter->runController(Object(App\Controllers\Patient))
#2 C:\xampp\htdocs\Codeinteger\system\CodeIgniter.php(318): CodeIgniter\CodeIgniter->handleRequest(NULL, Object(Config\Cache), false)
#3 C:\xampp\htdocs\Codeinteger\public\index.php(37): CodeIgniter\CodeIgniter->run()
#4 C:\xampp\htdocs\Codeinteger\system\Commands\Server\rewrite.php(43): require_once('C:\\xampp\\htdocs...')
#5 {main}
CRITICAL - 2021-11-19 01:32:35 --> Call to undefined function App\Controllers\alert()
#0 C:\xampp\htdocs\Codeinteger\system\CodeIgniter.php(824): App\Controllers\Patient->DataArray()
#1 C:\xampp\htdocs\Codeinteger\system\CodeIgniter.php(410): CodeIgniter\CodeIgniter->runController(Object(App\Controllers\Patient))
#2 C:\xampp\htdocs\Codeinteger\system\CodeIgniter.php(318): CodeIgniter\CodeIgniter->handleRequest(NULL, Object(Config\Cache), false)
#3 C:\xampp\htdocs\Codeinteger\public\index.php(37): CodeIgniter\CodeIgniter->run()
#4 C:\xampp\htdocs\Codeinteger\system\Commands\Server\rewrite.php(43): require_once('C:\\xampp\\htdocs...')
#5 {main}
ERROR - 2021-11-19 02:01:58 --> Unknown column 'p' in 'where clause'
CRITICAL - 2021-11-19 02:01:58 --> Call to a member function getResultArray() on bool
#0 C:\xampp\htdocs\Codeinteger\app\Controllers\Patient.php(134): App\Models\DataModel->getSelectAll(Array)
#1 C:\xampp\htdocs\Codeinteger\system\CodeIgniter.php(824): App\Controllers\Patient->DataArray()
#2 C:\xampp\htdocs\Codeinteger\system\CodeIgniter.php(410): CodeIgniter\CodeIgniter->runController(Object(App\Controllers\Patient))
#3 C:\xampp\htdocs\Codeinteger\system\CodeIgniter.php(318): CodeIgniter\CodeIgniter->handleRequest(NULL, Object(Config\Cache), false)
#4 C:\xampp\htdocs\Codeinteger\public\index.php(37): CodeIgniter\CodeIgniter->run()
#5 C:\xampp\htdocs\Codeinteger\system\Commands\Server\rewrite.php(43): require_once('C:\\xampp\\htdocs...')
#6 {main}
ERROR - 2021-11-19 02:01:59 --> Unknown column 'ย' in 'where clause'
CRITICAL - 2021-11-19 02:01:59 --> Call to a member function getResultArray() on bool
#0 C:\xampp\htdocs\Codeinteger\app\Controllers\Patient.php(134): App\Models\DataModel->getSelectAll(Array)
#1 C:\xampp\htdocs\Codeinteger\system\CodeIgniter.php(824): App\Controllers\Patient->DataArray()
#2 C:\xampp\htdocs\Codeinteger\system\CodeIgniter.php(410): CodeIgniter\CodeIgniter->runController(Object(App\Controllers\Patient))
#3 C:\xampp\htdocs\Codeinteger\system\CodeIgniter.php(318): CodeIgniter\CodeIgniter->handleRequest(NULL, Object(Config\Cache), false)
#4 C:\xampp\htdocs\Codeinteger\public\index.php(37): CodeIgniter\CodeIgniter->run()
#5 C:\xampp\htdocs\Codeinteger\system\Commands\Server\rewrite.php(43): require_once('C:\\xampp\\htdocs...')
#6 {main}
ERROR - 2021-11-19 02:02:00 --> Unknown column 'ยศ' in 'where clause'
CRITICAL - 2021-11-19 02:02:00 --> Call to a member function getResultArray() on bool
#0 C:\xampp\htdocs\Codeinteger\app\Controllers\Patient.php(134): App\Models\DataModel->getSelectAll(Array)
#1 C:\xampp\htdocs\Codeinteger\system\CodeIgniter.php(824): App\Controllers\Patient->DataArray()
#2 C:\xampp\htdocs\Codeinteger\system\CodeIgniter.php(410): CodeIgniter\CodeIgniter->runController(Object(App\Controllers\Patient))
#3 C:\xampp\htdocs\Codeinteger\system\CodeIgniter.php(318): CodeIgniter\CodeIgniter->handleRequest(NULL, Object(Config\Cache), false)
#4 C:\xampp\htdocs\Codeinteger\public\index.php(37): CodeIgniter\CodeIgniter->run()
#5 C:\xampp\htdocs\Codeinteger\system\Commands\Server\rewrite.php(43): require_once('C:\\xampp\\htdocs...')
#6 {main}
ERROR - 2021-11-19 02:02:02 --> Unknown column 'ย' in 'where clause'
CRITICAL - 2021-11-19 02:02:02 --> Call to a member function getResultArray() on bool
#0 C:\xampp\htdocs\Codeinteger\app\Controllers\Patient.php(134): App\Models\DataModel->getSelectAll(Array)
#1 C:\xampp\htdocs\Codeinteger\system\CodeIgniter.php(824): App\Controllers\Patient->DataArray()
#2 C:\xampp\htdocs\Codeinteger\system\CodeIgniter.php(410): CodeIgniter\CodeIgniter->runController(Object(App\Controllers\Patient))
#3 C:\xampp\htdocs\Codeinteger\system\CodeIgniter.php(318): CodeIgniter\CodeIgniter->handleRequest(NULL, Object(Config\Cache), false)
#4 C:\xampp\htdocs\Codeinteger\public\index.php(37): CodeIgniter\CodeIgniter->run()
#5 C:\xampp\htdocs\Codeinteger\system\Commands\Server\rewrite.php(43): require_once('C:\\xampp\\htdocs...')
#6 {main}
CRITICAL - 2021-11-19 02:27:48 --> You must set the database table to be used with your query.
#0 C:\xampp\htdocs\Codeinteger\app\Models\DataModel.php(38): CodeIgniter\Database\BaseConnection->table(NULL)
#1 C:\xampp\htdocs\Codeinteger\app\Controllers\Patient.php(133): App\Models\DataModel->getSelectAll(Array)
#2 C:\xampp\htdocs\Codeinteger\system\CodeIgniter.php(824): App\Controllers\Patient->DataArray()
#3 C:\xampp\htdocs\Codeinteger\system\CodeIgniter.php(410): CodeIgniter\CodeIgniter->runController(Object(App\Controllers\Patient))
#4 C:\xampp\htdocs\Codeinteger\system\CodeIgniter.php(318): CodeIgniter\CodeIgniter->handleRequest(NULL, Object(Config\Cache), false)
#5 C:\xampp\htdocs\Codeinteger\public\index.php(37): CodeIgniter\CodeIgniter->run()
#6 C:\xampp\htdocs\Codeinteger\system\Commands\Server\rewrite.php(43): require_once('C:\\xampp\\htdocs...')
#7 {main}
CRITICAL - 2021-11-19 02:27:49 --> You must set the database table to be used with your query.
#0 C:\xampp\htdocs\Codeinteger\app\Models\DataModel.php(38): CodeIgniter\Database\BaseConnection->table(NULL)
#1 C:\xampp\htdocs\Codeinteger\app\Controllers\Patient.php(133): App\Models\DataModel->getSelectAll(Array)
#2 C:\xampp\htdocs\Codeinteger\system\CodeIgniter.php(824): App\Controllers\Patient->DataArray()
#3 C:\xampp\htdocs\Codeinteger\system\CodeIgniter.php(410): CodeIgniter\CodeIgniter->runController(Object(App\Controllers\Patient))
#4 C:\xampp\htdocs\Codeinteger\system\CodeIgniter.php(318): CodeIgniter\CodeIgniter->handleRequest(NULL, Object(Config\Cache), false)
#5 C:\xampp\htdocs\Codeinteger\public\index.php(37): CodeIgniter\CodeIgniter->run()
#6 C:\xampp\htdocs\Codeinteger\system\Commands\Server\rewrite.php(43): require_once('C:\\xampp\\htdocs...')
#7 {main}
CRITICAL - 2021-11-19 03:33:51 --> You must set the database table to be used with your query.
#0 C:\xampp\htdocs\Codeinteger\app\Models\DataModel.php(38): CodeIgniter\Database\BaseConnection->table(NULL)
#1 C:\xampp\htdocs\Codeinteger\app\Controllers\Patient.php(133): App\Models\DataModel->getSelectAll(Array)
#2 C:\xampp\htdocs\Codeinteger\system\CodeIgniter.php(824): App\Controllers\Patient->DataArray()
#3 C:\xampp\htdocs\Codeinteger\system\CodeIgniter.php(410): CodeIgniter\CodeIgniter->runController(Object(App\Controllers\Patient))
#4 C:\xampp\htdocs\Codeinteger\system\CodeIgniter.php(318): CodeIgniter\CodeIgniter->handleRequest(NULL, Object(Config\Cache), false)
#5 C:\xampp\htdocs\Codeinteger\public\index.php(37): CodeIgniter\CodeIgniter->run()
#6 C:\xampp\htdocs\Codeinteger\system\Commands\Server\rewrite.php(43): require_once('C:\\xampp\\htdocs...')
#7 {main}
CRITICAL - 2021-11-19 04:19:34 --> syntax error, unexpected 'echo' (T_ECHO), expecting ')'
#0 C:\xampp\htdocs\Codeinteger\system\Autoloader\Autoloader.php(241): CodeIgniter\Autoloader\Autoloader->includeFile('C:\\xampp\\htdocs...')
#1 C:\xampp\htdocs\Codeinteger\system\Autoloader\Autoloader.php(219): CodeIgniter\Autoloader\Autoloader->loadInNamespace('App\\Models\\Data...')
#2 [internal function]: CodeIgniter\Autoloader\Autoloader->loadClass('App\\Models\\Data...')
#3 C:\xampp\htdocs\Codeinteger\app\Controllers\Patient.php(74): spl_autoload_call('App\\Models\\Data...')
#4 C:\xampp\htdocs\Codeinteger\system\CodeIgniter.php(824): App\Controllers\Patient->profile()
#5 C:\xampp\htdocs\Codeinteger\system\CodeIgniter.php(410): CodeIgniter\CodeIgniter->runController(Object(App\Controllers\Patient))
#6 C:\xampp\htdocs\Codeinteger\system\CodeIgniter.php(318): CodeIgniter\CodeIgniter->handleRequest(NULL, Object(Config\Cache), false)
#7 C:\xampp\htdocs\Codeinteger\public\index.php(37): CodeIgniter\CodeIgniter->run()
#8 C:\xampp\htdocs\Codeinteger\system\Commands\Server\rewrite.php(43): require_once('C:\\xampp\\htdocs...')
#9 {main}
CRITICAL - 2021-11-19 05:32:13 --> syntax error, unexpected ';'
#0 C:\xampp\htdocs\Codeinteger\system\View\View.php(217): CodeIgniter\View\View->CodeIgniter\View\{closure}()
#1 C:\xampp\htdocs\Codeinteger\system\Common.php(1097): CodeIgniter\View\View->render('patient/profile', Array, true)
#2 C:\xampp\htdocs\Codeinteger\app\Controllers\Patient.php(79): view('patient/profile', Array)
#3 C:\xampp\htdocs\Codeinteger\system\CodeIgniter.php(824): App\Controllers\Patient->profile()
#4 C:\xampp\htdocs\Codeinteger\system\CodeIgniter.php(410): CodeIgniter\CodeIgniter->runController(Object(App\Controllers\Patient))
#5 C:\xampp\htdocs\Codeinteger\system\CodeIgniter.php(318): CodeIgniter\CodeIgniter->handleRequest(NULL, Object(Config\Cache), false)
#6 C:\xampp\htdocs\Codeinteger\public\index.php(37): CodeIgniter\CodeIgniter->run()
#7 C:\xampp\htdocs\Codeinteger\system\Commands\Server\rewrite.php(43): require_once('C:\\xampp\\htdocs...')
#8 {main}
ERROR - 2021-11-19 22:33:40 --> Unknown column 'status,"EN"' in 'where clause'
CRITICAL - 2021-11-19 22:33:40 --> Call to a member function getResultArray() on bool
#0 /Applications/XAMPP/xamppfiles/htdocs/codeigniter_yos/app/Controllers/Patient.php(133): App\Models\DataModel->getSelectAll(Array)
#1 /Applications/XAMPP/xamppfiles/htdocs/codeigniter_yos/system/CodeIgniter.php(826): App\Controllers\Patient->DataArray()
#2 /Applications/XAMPP/xamppfiles/htdocs/codeigniter_yos/system/CodeIgniter.php(412): CodeIgniter\CodeIgniter->runController(Object(App\Controllers\Patient))
#3 /Applications/XAMPP/xamppfiles/htdocs/codeigniter_yos/system/CodeIgniter.php(320): CodeIgniter\CodeIgniter->handleRequest(NULL, Object(Config\Cache), false)
#4 /Applications/XAMPP/xamppfiles/htdocs/codeigniter_yos/public/index.php(37): CodeIgniter\CodeIgniter->run()
#5 /Applications/XAMPP/xamppfiles/htdocs/codeigniter_yos/system/Commands/Server/rewrite.php(43): require_once('/Applications/X...')
#6 {main}
ERROR - 2021-11-19 22:34:04 --> Unknown column 'status,"EN"' in 'where clause'
CRITICAL - 2021-11-19 22:34:04 --> Call to a member function getResultArray() on bool
#0 /Applications/XAMPP/xamppfiles/htdocs/codeigniter_yos/app/Controllers/Patient.php(133): App\Models\DataModel->getSelectAll(Array)
#1 /Applications/XAMPP/xamppfiles/htdocs/codeigniter_yos/system/CodeIgniter.php(826): App\Controllers\Patient->DataArray()
#2 /Applications/XAMPP/xamppfiles/htdocs/codeigniter_yos/system/CodeIgniter.php(412): CodeIgniter\CodeIgniter->runController(Object(App\Controllers\Patient))
#3 /Applications/XAMPP/xamppfiles/htdocs/codeigniter_yos/system/CodeIgniter.php(320): CodeIgniter\CodeIgniter->handleRequest(NULL, Object(Config\Cache), false)
#4 /Applications/XAMPP/xamppfiles/htdocs/codeigniter_yos/public/index.php(37): CodeIgniter\CodeIgniter->run()
#5 /Applications/XAMPP/xamppfiles/htdocs/codeigniter_yos/system/Commands/Server/rewrite.php(43): require_once('/Applications/X...')
#6 {main}
CRITICAL - 2021-11-19 22:40:10 --> Argument 2 passed to dot_array_search() must be of the type array, null given, called in /Applications/XAMPP/xamppfiles/htdocs/codeigniter_yos/system/HTTP/IncomingRequest.php on line 538
#0 /Applications/XAMPP/xamppfiles/htdocs/codeigniter_yos/system/HTTP/IncomingRequest.php(538): dot_array_search('where', NULL)
#1 /Applications/XAMPP/xamppfiles/htdocs/codeigniter_yos/app/Controllers/Patient.php(132): CodeIgniter\HTTP\IncomingRequest->getJsonVar('where')
#2 /Applications/XAMPP/xamppfiles/htdocs/codeigniter_yos/system/CodeIgniter.php(826): App\Controllers\Patient->DataArray()
#3 /Applications/XAMPP/xamppfiles/htdocs/codeigniter_yos/system/CodeIgniter.php(412): CodeIgniter\CodeIgniter->runController(Object(App\Controllers\Patient))
#4 /Applications/XAMPP/xamppfiles/htdocs/codeigniter_yos/system/CodeIgniter.php(320): CodeIgniter\CodeIgniter->handleRequest(NULL, Object(Config\Cache), false)
#5 /Applications/XAMPP/xamppfiles/htdocs/codeigniter_yos/public/index.php(37): CodeIgniter\CodeIgniter->run()
#6 /Applications/XAMPP/xamppfiles/htdocs/codeigniter_yos/system/Commands/Server/rewrite.php(43): require_once('/Applications/X...')
#7 {main}
CRITICAL - 2021-11-19 22:40:10 --> Argument 2 passed to dot_array_search() must be of the type array, null given, called in /Applications/XAMPP/xamppfiles/htdocs/codeigniter_yos/system/HTTP/IncomingRequest.php on line 538
#0 /Applications/XAMPP/xamppfiles/htdocs/codeigniter_yos/system/HTTP/IncomingRequest.php(538): dot_array_search('where', NULL)
#1 /Applications/XAMPP/xamppfiles/htdocs/codeigniter_yos/app/Controllers/Patient.php(132): CodeIgniter\HTTP\IncomingRequest->getJsonVar('where')
#2 /Applications/XAMPP/xamppfiles/htdocs/codeigniter_yos/system/CodeIgniter.php(826): App\Controllers\Patient->DataArray()
#3 /Applications/XAMPP/xamppfiles/htdocs/codeigniter_yos/system/CodeIgniter.php(412): CodeIgniter\CodeIgniter->runController(Object(App\Controllers\Patient))
#4 /Applications/XAMPP/xamppfiles/htdocs/codeigniter_yos/system/CodeIgniter.php(320): CodeIgniter\CodeIgniter->handleRequest(NULL, Object(Config\Cache), false)
#5 /Applications/XAMPP/xamppfiles/htdocs/codeigniter_yos/public/index.php(37): CodeIgniter\CodeIgniter->run()
#6 /Applications/XAMPP/xamppfiles/htdocs/codeigniter_yos/system/Commands/Server/rewrite.php(43): require_once('/Applications/X...')
#7 {main}
CRITICAL - 2021-11-19 22:40:30 --> Argument 2 passed to dot_array_search() must be of the type array, null given, called in /Applications/XAMPP/xamppfiles/htdocs/codeigniter_yos/system/HTTP/IncomingRequest.php on line 538
#0 /Applications/XAMPP/xamppfiles/htdocs/codeigniter_yos/system/HTTP/IncomingRequest.php(538): dot_array_search('where', NULL)
#1 /Applications/XAMPP/xamppfiles/htdocs/codeigniter_yos/app/Controllers/Patient.php(132): CodeIgniter\HTTP\IncomingRequest->getJsonVar('where')
#2 /Applications/XAMPP/xamppfiles/htdocs/codeigniter_yos/system/CodeIgniter.php(826): App\Controllers\Patient->DataArray()
#3 /Applications/XAMPP/xamppfiles/htdocs/codeigniter_yos/system/CodeIgniter.php(412): CodeIgniter\CodeIgniter->runController(Object(App\Controllers\Patient))
#4 /Applications/XAMPP/xamppfiles/htdocs/codeigniter_yos/system/CodeIgniter.php(320): CodeIgniter\CodeIgniter->handleRequest(NULL, Object(Config\Cache), false)
#5 /Applications/XAMPP/xamppfiles/htdocs/codeigniter_yos/public/index.php(37): CodeIgniter\CodeIgniter->run()
#6 /Applications/XAMPP/xamppfiles/htdocs/codeigniter_yos/system/Commands/Server/rewrite.php(43): require_once('/Applications/X...')
#7 {main}
CRITICAL - 2021-11-19 22:40:30 --> Argument 2 passed to dot_array_search() must be of the type array, null given, called in /Applications/XAMPP/xamppfiles/htdocs/codeigniter_yos/system/HTTP/IncomingRequest.php on line 538
#0 /Applications/XAMPP/xamppfiles/htdocs/codeigniter_yos/system/HTTP/IncomingRequest.php(538): dot_array_search('where', NULL)
#1 /Applications/XAMPP/xamppfiles/htdocs/codeigniter_yos/app/Controllers/Patient.php(132): CodeIgniter\HTTP\IncomingRequest->getJsonVar('where')
#2 /Applications/XAMPP/xamppfiles/htdocs/codeigniter_yos/system/CodeIgniter.php(826): App\Controllers\Patient->DataArray()
#3 /Applications/XAMPP/xamppfiles/htdocs/codeigniter_yos/system/CodeIgniter.php(412): CodeIgniter\CodeIgniter->runController(Object(App\Controllers\Patient))
#4 /Applications/XAMPP/xamppfiles/htdocs/codeigniter_yos/system/CodeIgniter.php(320): CodeIgniter\CodeIgniter->handleRequest(NULL, Object(Config\Cache), false)
#5 /Applications/XAMPP/xamppfiles/htdocs/codeigniter_yos/public/index.php(37): CodeIgniter\CodeIgniter->run()
#6 /Applications/XAMPP/xamppfiles/htdocs/codeigniter_yos/system/Commands/Server/rewrite.php(43): require_once('/Applications/X...')
#7 {main}
CRITICAL - 2021-11-19 22:40:42 --> Argument 2 passed to dot_array_search() must be of the type array, null given, called in /Applications/XAMPP/xamppfiles/htdocs/codeigniter_yos/system/HTTP/IncomingRequest.php on line 538
#0 /Applications/XAMPP/xamppfiles/htdocs/codeigniter_yos/system/HTTP/IncomingRequest.php(538): dot_array_search('where', NULL)
#1 /Applications/XAMPP/xamppfiles/htdocs/codeigniter_yos/app/Controllers/Patient.php(132): CodeIgniter\HTTP\IncomingRequest->getJsonVar('where')
#2 /Applications/XAMPP/xamppfiles/htdocs/codeigniter_yos/system/CodeIgniter.php(826): App\Controllers\Patient->DataArray()
#3 /Applications/XAMPP/xamppfiles/htdocs/codeigniter_yos/system/CodeIgniter.php(412): CodeIgniter\CodeIgniter->runController(Object(App\Controllers\Patient))
#4 /Applications/XAMPP/xamppfiles/htdocs/codeigniter_yos/system/CodeIgniter.php(320): CodeIgniter\CodeIgniter->handleRequest(NULL, Object(Config\Cache), false)
#5 /Applications/XAMPP/xamppfiles/htdocs/codeigniter_yos/public/index.php(37): CodeIgniter\CodeIgniter->run()
#6 /Applications/XAMPP/xamppfiles/htdocs/codeigniter_yos/system/Commands/Server/rewrite.php(43): require_once('/Applications/X...')
#7 {main}
CRITICAL - 2021-11-19 22:40:42 --> Argument 2 passed to dot_array_search() must be of the type array, null given, called in /Applications/XAMPP/xamppfiles/htdocs/codeigniter_yos/system/HTTP/IncomingRequest.php on line 538
#0 /Applications/XAMPP/xamppfiles/htdocs/codeigniter_yos/system/HTTP/IncomingRequest.php(538): dot_array_search('where', NULL)
#1 /Applications/XAMPP/xamppfiles/htdocs/codeigniter_yos/app/Controllers/Patient.php(132): CodeIgniter\HTTP\IncomingRequest->getJsonVar('where')
#2 /Applications/XAMPP/xamppfiles/htdocs/codeigniter_yos/system/CodeIgniter.php(826): App\Controllers\Patient->DataArray()
#3 /Applications/XAMPP/xamppfiles/htdocs/codeigniter_yos/system/CodeIgniter.php(412): CodeIgniter\CodeIgniter->runController(Object(App\Controllers\Patient))
#4 /Applications/XAMPP/xamppfiles/htdocs/codeigniter_yos/system/CodeIgniter.php(320): CodeIgniter\CodeIgniter->handleRequest(NULL, Object(Config\Cache), false)
#5 /Applications/XAMPP/xamppfiles/htdocs/codeigniter_yos/public/index.php(37): CodeIgniter\CodeIgniter->run()
#6 /Applications/XAMPP/xamppfiles/htdocs/codeigniter_yos/system/Commands/Server/rewrite.php(43): require_once('/Applications/X...')
#7 {main}
CRITICAL - 2021-11-19 22:41:02 --> Call to a member function set() on null
#0 /Applications/XAMPP/xamppfiles/htdocs/codeigniter_yos/app/Controllers/Patient.php(133): App\Models\DataModel->getSelectAll(Array)
#1 /Applications/XAMPP/xamppfiles/htdocs/codeigniter_yos/system/CodeIgniter.php(826): App\Controllers\Patient->DataArray()
#2 /Applications/XAMPP/xamppfiles/htdocs/codeigniter_yos/system/CodeIgniter.php(412): CodeIgniter\CodeIgniter->runController(Object(App\Controllers\Patient))
#3 /Applications/XAMPP/xamppfiles/htdocs/codeigniter_yos/system/CodeIgniter.php(320): CodeIgniter\CodeIgniter->handleRequest(NULL, Object(Config\Cache), false)
#4 /Applications/XAMPP/xamppfiles/htdocs/codeigniter_yos/public/index.php(37): CodeIgniter\CodeIgniter->run()
#5 /Applications/XAMPP/xamppfiles/htdocs/codeigniter_yos/system/Commands/Server/rewrite.php(43): require_once('/Applications/X...')
#6 {main}
CRITICAL - 2021-11-19 22:41:02 --> Call to a member function set() on null
#0 /Applications/XAMPP/xamppfiles/htdocs/codeigniter_yos/app/Controllers/Patient.php(133): App\Models\DataModel->getSelectAll(Array)
#1 /Applications/XAMPP/xamppfiles/htdocs/codeigniter_yos/system/CodeIgniter.php(826): App\Controllers\Patient->DataArray()
#2 /Applications/XAMPP/xamppfiles/htdocs/codeigniter_yos/system/CodeIgniter.php(412): CodeIgniter\CodeIgniter->runController(Object(App\Controllers\Patient))
#3 /Applications/XAMPP/xamppfiles/htdocs/codeigniter_yos/system/CodeIgniter.php(320): CodeIgniter\CodeIgniter->handleRequest(NULL, Object(Config\Cache), false)
#4 /Applications/XAMPP/xamppfiles/htdocs/codeigniter_yos/public/index.php(37): CodeIgniter\CodeIgniter->run()
#5 /Applications/XAMPP/xamppfiles/htdocs/codeigniter_yos/system/Commands/Server/rewrite.php(43): require_once('/Applications/X...')
#6 {main}
ERROR - 2021-11-19 22:45:46 --> Unknown column 'jsonString' in 'where clause'
CRITICAL - 2021-11-19 22:45:46 --> Call to a member function getResultArray() on bool
#0 /Applications/XAMPP/xamppfiles/htdocs/codeigniter_yos/app/Controllers/Patient.php(133): App\Models\DataModel->getSelectAll(Array)
#1 /Applications/XAMPP/xamppfiles/htdocs/codeigniter_yos/system/CodeIgniter.php(826): App\Controllers\Patient->DataArray()
#2 /Applications/XAMPP/xamppfiles/htdocs/codeigniter_yos/system/CodeIgniter.php(412): CodeIgniter\CodeIgniter->runController(Object(App\Controllers\Patient))
#3 /Applications/XAMPP/xamppfiles/htdocs/codeigniter_yos/system/CodeIgniter.php(320): CodeIgniter\CodeIgniter->handleRequest(NULL, Object(Config\Cache), false)
#4 /Applications/XAMPP/xamppfiles/htdocs/codeigniter_yos/public/index.php(37): CodeIgniter\CodeIgniter->run()
#5 /Applications/XAMPP/xamppfiles/htdocs/codeigniter_yos/system/Commands/Server/rewrite.php(43): require_once('/Applications/X...')
#6 {main}
